2022-03-05 07:00:07,347 INFO o.a.j.u.JMeterUtils: Setting Locale to en_EN
2022-03-05 07:00:07,363 INFO o.a.j.JMeter: Loading user properties from: /home/madhavan/Downloads/softwares/apache-jmeter-5.4.3/bin/user.properties
2022-03-05 07:00:07,363 INFO o.a.j.JMeter: Loading system properties from: /home/madhavan/Downloads/softwares/apache-jmeter-5.4.3/bin/system.properties
2022-03-05 07:00:07,367 INFO o.a.j.JMeter: Copyright (c) 1998-2021 The Apache Software Foundation
2022-03-05 07:00:07,367 INFO o.a.j.JMeter: Version 5.4.3
2022-03-05 07:00:07,367 INFO o.a.j.JMeter: java.version=11.0.13
2022-03-05 07:00:07,367 INFO o.a.j.JMeter: java.vm.name=OpenJDK 64-Bit Server VM
2022-03-05 07:00:07,367 INFO o.a.j.JMeter: os.name=Linux
2022-03-05 07:00:07,367 INFO o.a.j.JMeter: os.arch=amd64
2022-03-05 07:00:07,368 INFO o.a.j.JMeter: os.version=5.13.0-30-generic
2022-03-05 07:00:07,368 INFO o.a.j.JMeter: file.encoding=UTF-8
2022-03-05 07:00:07,368 INFO o.a.j.JMeter: java.awt.headless=true
2022-03-05 07:00:07,368 INFO o.a.j.JMeter: Max memory     =1073741824
2022-03-05 07:00:07,368 INFO o.a.j.JMeter: Available Processors =16
2022-03-05 07:00:07,373 INFO o.a.j.JMeter: Default Locale=English (EN)
2022-03-05 07:00:07,373 INFO o.a.j.JMeter: JMeter  Locale=English (EN)
2022-03-05 07:00:07,373 INFO o.a.j.JMeter: JMeterHome=/home/madhavan/Downloads/softwares/apache-jmeter-5.4.3
2022-03-05 07:00:07,374 INFO o.a.j.JMeter: user.dir  =/home/madhavan/649-ADS/load-testing/ingestor
2022-03-05 07:00:07,374 INFO o.a.j.JMeter: PWD       =/home/madhavan/649-ADS/load-testing/ingestor
2022-03-05 07:00:07,393 INFO o.a.j.JMeter: IP: 192.168.1.7 Name: swamiji FullName: swamiji
2022-03-05 07:00:07,395 INFO o.a.j.JMeter: Setting property 'jmeter.reportgenerator.outputdir' to:'/home/madhavan/649-ADS/load-testing/ingestor/ingestor-4gb-60users-result'
2022-03-05 07:00:07,398 INFO o.a.j.r.d.ReportGenerator: ReportGenerator will use for Parsing the separator: ','
2022-03-05 07:00:07,398 INFO o.a.j.r.d.ReportGenerator: Will only generate report from results file: lt_ingestor_60_4.log
2022-03-05 07:00:07,398 INFO o.a.j.r.d.ReportGenerator: Reading report generator properties from: /home/madhavan/Downloads/softwares/apache-jmeter-5.4.3/bin/reportgenerator.properties
2022-03-05 07:00:07,398 INFO o.a.j.r.d.ReportGenerator: Merging with JMeter properties
2022-03-05 07:00:07,401 INFO o.a.j.r.c.ReportGeneratorConfiguration: Property 'jmeter.reportgenerator.temp_dir' not found, using default value 'temp' instead.
2022-03-05 07:00:07,403 INFO o.a.j.r.c.ReportGeneratorConfiguration: Property 'jmeter.reportgenerator.apdex_per_transaction' not found, using default value 'null' instead.
2022-03-05 07:00:07,407 INFO o.a.j.r.c.ReportGeneratorConfiguration: apdex_per_transaction is empty, not APDEX per transaction customization
2022-03-05 07:00:07,407 INFO o.a.j.r.c.ReportGeneratorConfiguration: Property 'jmeter.reportgenerator.sample_filter' not found, using default value 'null' instead.
2022-03-05 07:00:07,407 INFO o.a.j.r.c.ReportGeneratorConfiguration: Property 'jmeter.reportgenerator.report_title' not found, using default value 'null' instead.
2022-03-05 07:00:07,407 INFO o.a.j.r.c.ReportGeneratorConfiguration: Property 'jmeter.reportgenerator.start_date' not found, using default value 'null' instead.
2022-03-05 07:00:07,407 INFO o.a.j.r.c.ReportGeneratorConfiguration: Property 'jmeter.reportgenerator.end_date' not found, using default value 'null' instead.
2022-03-05 07:00:07,407 INFO o.a.j.r.c.ReportGeneratorConfiguration: Property 'jmeter.reportgenerator.date_format' not found, using default value 'null' instead.
2022-03-05 07:00:07,407 INFO o.a.j.r.c.ReportGeneratorConfiguration: Will use date range start date: null, end date: null
2022-03-05 07:00:07,410 INFO o.a.j.r.c.ReportGeneratorConfiguration: Property 'jmeter.reportgenerator.graph.totalTPS.exclude_controllers' not found, using default value 'false' instead.
2022-03-05 07:00:07,410 INFO o.a.j.r.c.ReportGeneratorConfiguration: Property 'jmeter.reportgenerator.graph.activeThreadsOverTime.exclude_controllers' not found, using default value 'false' instead.
2022-03-05 07:00:07,410 INFO o.a.j.r.c.ReportGeneratorConfiguration: Property 'jmeter.reportgenerator.graph.timeVsThreads.exclude_controllers' not found, using default value 'false' instead.
2022-03-05 07:00:07,410 INFO o.a.j.r.c.ReportGeneratorConfiguration: Property 'jmeter.reportgenerator.graph.responseTimeDistribution.exclude_controllers' not found, using default value 'false' instead.
2022-03-05 07:00:07,410 INFO o.a.j.r.c.ReportGeneratorConfiguration: Property 'jmeter.reportgenerator.graph.transactionsPerSecond.exclude_controllers' not found, using default value 'false' instead.
2022-03-05 07:00:07,410 INFO o.a.j.r.c.ReportGeneratorConfiguration: Property 'jmeter.reportgenerator.graph.responseTimePercentiles.exclude_controllers' not found, using default value 'false' instead.
2022-03-05 07:00:07,410 INFO o.a.j.r.c.ReportGeneratorConfiguration: Property 'jmeter.reportgenerator.graph.responseTimePercentilesOverTime.exclude_controllers' not found, using default value 'false' instead.
2022-03-05 07:00:07,411 INFO o.a.j.r.c.ReportGeneratorConfiguration: Property 'jmeter.reportgenerator.graph.responseTimesOverTime.exclude_controllers' not found, using default value 'false' instead.
2022-03-05 07:00:07,411 INFO o.a.j.r.c.ReportGeneratorConfiguration: Property 'jmeter.reportgenerator.graph.connectTimeOverTime.exclude_controllers' not found, using default value 'false' instead.
2022-03-05 07:00:07,411 INFO o.a.j.r.c.ReportGeneratorConfiguration: Property 'jmeter.reportgenerator.graph.latenciesOverTime.exclude_controllers' not found, using default value 'false' instead.
2022-03-05 07:00:07,411 INFO o.a.j.r.c.ReportGeneratorConfiguration: Property 'jmeter.reportgenerator.exporter.json.filters_only_sample_series' not found, using default value 'true' instead.
2022-03-05 07:00:07,411 INFO o.a.j.r.c.ReportGeneratorConfiguration: Property 'jmeter.reportgenerator.exporter.json.series_filter' not found, using default value '' instead.
2022-03-05 07:00:07,411 INFO o.a.j.r.c.ReportGeneratorConfiguration: Property 'jmeter.reportgenerator.exporter.json.show_controllers_only' not found, using default value 'false' instead.
2022-03-05 07:00:07,412 INFO o.a.j.r.c.ReportGeneratorConfiguration: Property 'jmeter.reportgenerator.exporter.html.filters_only_sample_series' not found, using default value 'true' instead.
2022-03-05 07:00:07,412 INFO o.a.j.r.c.ReportGeneratorConfiguration: Property 'jmeter.reportgenerator.exporter.html.series_filter' not found, using default value '' instead.
2022-03-05 07:00:07,412 INFO o.a.j.r.c.ReportGeneratorConfiguration: Property 'jmeter.reportgenerator.exporter.html.show_controllers_only' not found, using default value 'false' instead.
2022-03-05 07:00:07,513 INFO o.a.j.s.SaveService: Testplan (JMX) version: 2.2. Testlog (JTL) version: 2.2
2022-03-05 07:00:07,525 INFO o.a.j.s.SaveService: Using SaveService properties version 5.0
2022-03-05 07:00:07,528 INFO o.a.j.s.SaveService: Using SaveService properties file encoding UTF-8
2022-03-05 07:00:07,546 INFO o.a.j.r.p.NormalizerSampleConsumer: Using format, 'ms', to parse timeStamp field
2022-03-05 07:00:07,623 INFO o.a.j.r.p.AbstractSampleConsumer: class org.apache.jmeter.report.processor.AggregateConsumer#stopProducing(): beginDate produced 0 samples
2022-03-05 07:00:07,623 INFO o.a.j.r.p.AbstractSampleConsumer: class org.apache.jmeter.report.processor.AggregateConsumer#stopProducing(): endDate produced 0 samples
2022-03-05 07:00:07,624 INFO o.a.j.r.p.AbstractSampleConsumer: class org.apache.jmeter.report.processor.ApdexSummaryConsumer#stopProducing(): apdexSummary produced 0 samples
2022-03-05 07:00:07,624 INFO o.a.j.r.p.AbstractSampleConsumer: class org.apache.jmeter.report.processor.RequestsSummaryConsumer#stopProducing(): requestsSummary produced 0 samples
2022-03-05 07:00:07,627 INFO o.a.j.r.p.AbstractSampleConsumer: class org.apache.jmeter.report.processor.StatisticsSummaryConsumer#stopProducing(): statisticsSummary produced 0 samples
2022-03-05 07:00:07,629 INFO o.a.j.r.p.AbstractSampleConsumer: class org.apache.jmeter.report.processor.Top5ErrorsBySamplerConsumer#stopProducing(): top5ErrorsBySampler produced 0 samples
2022-03-05 07:00:07,629 INFO o.a.j.r.p.AbstractSampleConsumer: class org.apache.jmeter.report.processor.ErrorsSummaryConsumer#stopProducing(): errorsSummary produced 0 samples
2022-03-05 07:00:07,629 INFO o.a.j.r.p.AbstractSampleConsumer: class org.apache.jmeter.report.processor.graph.impl.HitsPerSecondGraphConsumer#stopProducing(): hitsPerSecond produced 0 samples
2022-03-05 07:00:07,639 INFO o.a.j.r.p.AbstractSampleConsumer: class org.apache.jmeter.report.processor.graph.impl.LatencyVSRequestGraphConsumer#stopProducing(): latencyVsRequest produced 0 samples
2022-03-05 07:00:07,639 INFO o.a.j.r.p.AbstractSampleConsumer: class org.apache.jmeter.report.processor.graph.impl.SyntheticResponseTimeDistributionGraphConsumer#stopProducing(): syntheticResponseTimeDistribution produced 0 samples
2022-03-05 07:00:07,639 INFO o.a.j.r.p.AbstractSampleConsumer: class org.apache.jmeter.report.processor.graph.impl.BytesThroughputGraphConsumer#stopProducing(): bytesThroughputOverTime produced 0 samples
2022-03-05 07:00:07,639 INFO o.a.j.r.p.AbstractSampleConsumer: class org.apache.jmeter.report.processor.graph.impl.CodesPerSecondGraphConsumer#stopProducing(): codesPerSecond produced 0 samples
2022-03-05 07:00:07,650 INFO o.a.j.r.p.AbstractSampleConsumer: class org.apache.jmeter.report.processor.graph.impl.ResponseTimeVSRequestGraphConsumer#stopProducing(): responseTimeVsRequest produced 0 samples
2022-03-05 07:00:07,650 INFO o.a.j.r.p.AbstractSampleConsumer: class org.apache.jmeter.report.processor.FilterConsumer#stopProducing(): startIntervalControlerFilter produced 1974 samples
2022-03-05 07:00:07,650 INFO o.a.j.r.p.AbstractSampleConsumer: class org.apache.jmeter.report.processor.graph.impl.TotalTPSGraphConsumer#stopProducing(): totalTPS produced 0 samples
2022-03-05 07:00:07,650 INFO o.a.j.r.p.AbstractSampleConsumer: class org.apache.jmeter.report.processor.graph.impl.ActiveThreadsGraphConsumer#stopProducing(): activeThreadsOverTime produced 0 samples
2022-03-05 07:00:07,650 INFO o.a.j.r.p.AbstractSampleConsumer: class org.apache.jmeter.report.processor.graph.impl.TimeVSThreadGraphConsumer#stopProducing(): timeVsThreads produced 0 samples
2022-03-05 07:00:07,651 INFO o.a.j.r.p.AbstractSampleConsumer: class org.apache.jmeter.report.processor.graph.impl.ResponseTimeDistributionGraphConsumer#stopProducing(): responseTimeDistribution produced 0 samples
2022-03-05 07:00:07,651 INFO o.a.j.r.p.AbstractSampleConsumer: class org.apache.jmeter.report.processor.graph.impl.TransactionsPerSecondGraphConsumer#stopProducing(): transactionsPerSecond produced 0 samples
2022-03-05 07:00:07,651 INFO o.a.j.r.p.AbstractSampleConsumer: class org.apache.jmeter.report.processor.graph.impl.ResponseTimePercentilesGraphConsumer#stopProducing(): responseTimePercentiles produced 0 samples
2022-03-05 07:00:07,653 INFO o.a.j.r.p.AbstractSampleConsumer: class org.apache.jmeter.report.processor.graph.impl.ResponseTimePercentilesOverTimeGraphConsumer#stopProducing(): responseTimePercentilesOverTime produced 0 samples
2022-03-05 07:00:07,653 INFO o.a.j.r.p.AbstractSampleConsumer: class org.apache.jmeter.report.processor.graph.impl.ResponseTimeOverTimeGraphConsumer#stopProducing(): responseTimesOverTime produced 0 samples
2022-03-05 07:00:07,653 INFO o.a.j.r.p.AbstractSampleConsumer: class org.apache.jmeter.report.processor.graph.impl.ConnectTimeOverTimeGraphConsumer#stopProducing(): connectTimeOverTime produced 0 samples
2022-03-05 07:00:07,654 INFO o.a.j.r.p.AbstractSampleConsumer: class org.apache.jmeter.report.processor.graph.impl.LatencyOverTimeGraphConsumer#stopProducing(): latenciesOverTime produced 0 samples
2022-03-05 07:00:07,654 INFO o.a.j.r.p.AbstractSampleConsumer: class org.apache.jmeter.report.processor.FilterConsumer#stopProducing(): nameFilter produced 4230 samples
2022-03-05 07:00:07,654 INFO o.a.j.r.p.AbstractSampleConsumer: class org.apache.jmeter.report.processor.FilterConsumer#stopProducing(): dateRangeFilter produced 846 samples
2022-03-05 07:00:07,654 INFO o.a.j.r.p.AbstractSampleConsumer: class org.apache.jmeter.report.processor.NormalizerSampleConsumer#stopProducing(): normalizer produced 282 samples
2022-03-05 07:00:07,654 INFO o.a.j.r.p.CsvFileSampleSource: produce(): 282 samples produced in 93ms on channel 0
2022-03-05 07:00:07,654 INFO o.a.j.r.d.ReportGenerator: Exporting data using exporter:'json' of className:'org.apache.jmeter.report.dashboard.JsonExporter'
2022-03-05 07:00:07,729 INFO o.a.j.r.d.JsonExporter: Found data for consumer statisticsSummary in context
2022-03-05 07:00:07,729 INFO o.a.j.r.d.JsonExporter: Creating statistics for overall
2022-03-05 07:00:07,729 INFO o.a.j.r.d.JsonExporter: Creating statistics for other transactions
2022-03-05 07:00:07,730 INFO o.a.j.r.d.JsonExporter: Checking output folder
2022-03-05 07:00:07,730 INFO o.a.j.r.d.JsonExporter: Writing statistics JSON to /home/madhavan/649-ADS/load-testing/ingestor/ingestor-4gb-60users-result/statistics.json
2022-03-05 07:00:07,754 INFO o.a.j.r.d.ReportGenerator: Exporting data using exporter:'html' of className:'org.apache.jmeter.report.dashboard.HtmlTemplateExporter'
2022-03-05 07:00:07,756 INFO o.a.j.r.d.HtmlTemplateExporter: Will generate dashboard in folder: /home/madhavan/649-ADS/load-testing/ingestor/ingestor-4gb-60users-result
2022-03-05 07:00:07,829 INFO o.a.j.r.d.HtmlTemplateExporter: Report will be generated in: /home/madhavan/649-ADS/load-testing/ingestor/ingestor-4gb-60users-result, creating folder structure
2022-03-05 07:00:07,831 INFO o.a.j.r.d.TemplateVisitor: Copying folder from '/home/madhavan/Downloads/softwares/apache-jmeter-5.4.3/bin/report-template' to '/home/madhavan/649-ADS/load-testing/ingestor/ingestor-4gb-60users-result', got message: /home/madhavan/649-ADS/load-testing/ingestor/ingestor-4gb-60users-result, found non empty folder with following content [/home/madhavan/649-ADS/load-testing/ingestor/ingestor-4gb-60users-result/statistics.json], will be ignored
