timeStamp,elapsed,label,responseCode,responseMessage,threadName,dataType,success,failureMessage,bytes,sentBytes,grpThreads,allThreads,URL,Latency,IdleTime,Connect
1646408785768,1893,getdata_request,200,OK,gateway_req 1-1,text,true,,692,449,3,3,http://localhost:8000/getdata/?year=2000&month=03&day=31&starttime=17&endtime=19&radar=KABR&id=31008d52-49fa-4bbe-82cd-95ae8409722c,22,0,9
1646408785768,24,getdata_request-0,301,Moved Permanently,gateway_req 1-1,text,true,,395,224,3,3,http://localhost:8000/getdata?year=2000&month=03&day=31&starttime=17&endtime=19&radar=KABR&id=31008d52-49fa-4bbe-82cd-95ae8409722c,22,0,9
1646408785792,1869,getdata_request-1,200,OK,gateway_req 1-1,text,true,,297,225,3,3,http://localhost:8000/getdata/?year=2000&month=03&day=31&starttime=17&endtime=19&radar=KABR&id=31008d52-49fa-4bbe-82cd-95ae8409722c,1868,0,0
1646408787662,4,getimage_request,500,Internal Server Error,gateway_req 1-1,text,false,,746,349,3,3,http://localhost:8000/getimage/?filename=31008d52-49fa-4bbe-82cd-95ae8409722c.png,2,0,0
1646408787662,2,getimage_request-0,301,Moved Permanently,gateway_req 1-1,text,true,,345,174,3,3,http://localhost:8000/getimage?filename=31008d52-49fa-4bbe-82cd-95ae8409722c.png,2,0,0
1646408787665,1,getimage_request-1,500,Internal Server Error,gateway_req 1-1,text,false,,401,175,3,3,http://localhost:8000/getimage/?filename=31008d52-49fa-4bbe-82cd-95ae8409722c.png,1,0,0
1646408786399,1992,getdata_request,200,OK,gateway_req 1-2,text,true,,692,449,3,3,http://localhost:8000/getdata/?year=2000&month=03&day=31&starttime=17&endtime=19&radar=KABR&id=cea49178-054c-4f1b-8c27-1b9c11e9d2f9,18,0,2
1646408786399,18,getdata_request-0,301,Moved Permanently,gateway_req 1-2,text,true,,395,224,3,3,http://localhost:8000/getdata?year=2000&month=03&day=31&starttime=17&endtime=19&radar=KABR&id=cea49178-054c-4f1b-8c27-1b9c11e9d2f9,18,0,2
1646408786417,1974,getdata_request-1,200,OK,gateway_req 1-2,text,true,,297,225,3,3,http://localhost:8000/getdata/?year=2000&month=03&day=31&starttime=17&endtime=19&radar=KABR&id=cea49178-054c-4f1b-8c27-1b9c11e9d2f9,1974,0,0
1646408788391,57,getimage_request,500,Internal Server Error,gateway_req 1-2,text,false,,746,349,4,4,http://localhost:8000/getimage/?filename=cea49178-054c-4f1b-8c27-1b9c11e9d2f9.png,5,0,0
1646408788391,5,getimage_request-0,301,Moved Permanently,gateway_req 1-2,text,true,,345,174,4,4,http://localhost:8000/getimage?filename=cea49178-054c-4f1b-8c27-1b9c11e9d2f9.png,5,0,0
1646408788397,51,getimage_request-1,500,Internal Server Error,gateway_req 1-2,text,false,,401,175,4,4,http://localhost:8000/getimage/?filename=cea49178-054c-4f1b-8c27-1b9c11e9d2f9.png,50,0,0
1646408787725,1331,getdata_request,200,OK,gateway_req 1-4,text,true,,692,449,3,3,http://localhost:8000/getdata/?year=2000&month=03&day=31&starttime=17&endtime=19&radar=KABR&id=3c03c1e7-e1b2-44e9-a876-cb33d376dd20,3,0,1
1646408787725,3,getdata_request-0,301,Moved Permanently,gateway_req 1-4,text,true,,395,224,3,3,http://localhost:8000/getdata?year=2000&month=03&day=31&starttime=17&endtime=19&radar=KABR&id=3c03c1e7-e1b2-44e9-a876-cb33d376dd20,3,0,1
1646408787729,1327,getdata_request-1,200,OK,gateway_req 1-4,text,true,,297,225,3,3,http://localhost:8000/getdata/?year=2000&month=03&day=31&starttime=17&endtime=19&radar=KABR&id=3c03c1e7-e1b2-44e9-a876-cb33d376dd20,1327,0,0
1646408787064,2034,getdata_request,200,OK,gateway_req 1-3,text,true,,692,449,4,4,http://localhost:8000/getdata/?year=2000&month=03&day=31&starttime=17&endtime=19&radar=KABR&id=c657c6d2-5dbc-40c0-bd36-b33279351ee7,3,0,1
1646408787064,3,getdata_request-0,301,Moved Permanently,gateway_req 1-3,text,true,,395,224,4,4,http://localhost:8000/getdata?year=2000&month=03&day=31&starttime=17&endtime=19&radar=KABR&id=c657c6d2-5dbc-40c0-bd36-b33279351ee7,3,0,1
1646408787068,2030,getdata_request-1,200,OK,gateway_req 1-3,text,true,,297,225,4,4,http://localhost:8000/getdata/?year=2000&month=03&day=31&starttime=17&endtime=19&radar=KABR&id=c657c6d2-5dbc-40c0-bd36-b33279351ee7,2030,0,0
1646408789057,47,getimage_request,500,Internal Server Error,gateway_req 1-4,text,false,,746,349,4,4,http://localhost:8000/getimage/?filename=3c03c1e7-e1b2-44e9-a876-cb33d376dd20.png,3,0,0
1646408789057,3,getimage_request-0,301,Moved Permanently,gateway_req 1-4,text,true,,345,174,4,4,http://localhost:8000/getimage?filename=3c03c1e7-e1b2-44e9-a876-cb33d376dd20.png,3,0,0
1646408789060,44,getimage_request-1,500,Internal Server Error,gateway_req 1-4,text,false,,401,175,4,4,http://localhost:8000/getimage/?filename=3c03c1e7-e1b2-44e9-a876-cb33d376dd20.png,44,0,0
1646408789099,52,getimage_request,500,Internal Server Error,gateway_req 1-3,text,false,,746,349,3,3,http://localhost:8000/getimage/?filename=c657c6d2-5dbc-40c0-bd36-b33279351ee7.png,3,0,0
1646408789099,3,getimage_request-0,301,Moved Permanently,gateway_req 1-3,text,true,,345,174,3,3,http://localhost:8000/getimage?filename=c657c6d2-5dbc-40c0-bd36-b33279351ee7.png,3,0,0
1646408789103,48,getimage_request-1,500,Internal Server Error,gateway_req 1-3,text,false,,401,175,3,3,http://localhost:8000/getimage/?filename=c657c6d2-5dbc-40c0-bd36-b33279351ee7.png,48,0,0
1646408788393,1264,getdata_request,200,OK,gateway_req 1-5,text,true,,692,449,2,2,http://localhost:8000/getdata/?year=2000&month=03&day=31&starttime=17&endtime=19&radar=KABR&id=7a676b58-cd6f-4877-bd3a-ce7389e95595,7,0,1
1646408788393,7,getdata_request-0,301,Moved Permanently,gateway_req 1-5,text,true,,395,224,2,2,http://localhost:8000/getdata?year=2000&month=03&day=31&starttime=17&endtime=19&radar=KABR&id=7a676b58-cd6f-4877-bd3a-ce7389e95595,7,0,1
1646408788401,1256,getdata_request-1,200,OK,gateway_req 1-5,text,true,,297,225,2,2,http://localhost:8000/getdata/?year=2000&month=03&day=31&starttime=17&endtime=19&radar=KABR&id=7a676b58-cd6f-4877-bd3a-ce7389e95595,1255,0,0
1646408789657,48,getimage_request,500,Internal Server Error,gateway_req 1-5,text,false,,746,349,2,2,http://localhost:8000/getimage/?filename=7a676b58-cd6f-4877-bd3a-ce7389e95595.png,2,0,0
1646408789657,2,getimage_request-0,301,Moved Permanently,gateway_req 1-5,text,true,,345,174,2,2,http://localhost:8000/getimage?filename=7a676b58-cd6f-4877-bd3a-ce7389e95595.png,2,0,0
1646408789659,46,getimage_request-1,500,Internal Server Error,gateway_req 1-5,text,false,,401,175,2,2,http://localhost:8000/getimage/?filename=7a676b58-cd6f-4877-bd3a-ce7389e95595.png,46,0,0
1646408791730,457,getdata_request,500,Internal Server Error,gateway_req 1-10,text,false,,753,449,5,5,http://localhost:8000/getdata/?year=2000&month=03&day=31&starttime=17&endtime=19&radar=KABR&id=c46f981a-f11e-47bb-a2ef-37a644a3d2e7,4,0,1
1646408791730,4,getdata_request-0,301,Moved Permanently,gateway_req 1-10,text,true,,395,224,5,5,http://localhost:8000/getdata?year=2000&month=03&day=31&starttime=17&endtime=19&radar=KABR&id=c46f981a-f11e-47bb-a2ef-37a644a3d2e7,4,0,1
1646408791734,453,getdata_request-1,500,Internal Server Error,gateway_req 1-10,text,false,,358,225,5,5,http://localhost:8000/getdata/?year=2000&month=03&day=31&starttime=17&endtime=19&radar=KABR&id=c46f981a-f11e-47bb-a2ef-37a644a3d2e7,453,0,0
1646408789061,3141,getdata_request,200,OK,gateway_req 1-6,text,true,,692,449,5,5,http://localhost:8000/getdata/?year=2000&month=03&day=31&starttime=17&endtime=19&radar=KABR&id=7b988bf5-f8a4-47ad-8bd5-f24bd8574e5c,9,0,1
1646408789061,9,getdata_request-0,301,Moved Permanently,gateway_req 1-6,text,true,,395,224,5,5,http://localhost:8000/getdata?year=2000&month=03&day=31&starttime=17&endtime=19&radar=KABR&id=7b988bf5-f8a4-47ad-8bd5-f24bd8574e5c,9,0,1
1646408789070,3132,getdata_request-1,200,OK,gateway_req 1-6,text,true,,297,225,5,5,http://localhost:8000/getdata/?year=2000&month=03&day=31&starttime=17&endtime=19&radar=KABR&id=7b988bf5-f8a4-47ad-8bd5-f24bd8574e5c,3132,0,0
1646408792202,47,getimage_request,500,Internal Server Error,gateway_req 1-6,text,false,,746,349,5,5,http://localhost:8000/getimage/?filename=7b988bf5-f8a4-47ad-8bd5-f24bd8574e5c.png,2,0,0
1646408792202,2,getimage_request-0,301,Moved Permanently,gateway_req 1-6,text,true,,345,174,5,5,http://localhost:8000/getimage?filename=7b988bf5-f8a4-47ad-8bd5-f24bd8574e5c.png,2,0,0
1646408792205,44,getimage_request-1,500,Internal Server Error,gateway_req 1-6,text,false,,401,175,5,5,http://localhost:8000/getimage/?filename=7b988bf5-f8a4-47ad-8bd5-f24bd8574e5c.png,44,0,0
1646408792190,61,getimage_request,500,Internal Server Error,gateway_req 1-10,text,false,,746,349,4,4,http://localhost:8000/getimage/?filename=c46f981a-f11e-47bb-a2ef-37a644a3d2e7.png,13,0,0
1646408792190,13,getimage_request-0,301,Moved Permanently,gateway_req 1-10,text,true,,345,174,4,4,http://localhost:8000/getimage?filename=c46f981a-f11e-47bb-a2ef-37a644a3d2e7.png,13,0,0
1646408792204,47,getimage_request-1,500,Internal Server Error,gateway_req 1-10,text,false,,401,175,4,4,http://localhost:8000/getimage/?filename=c46f981a-f11e-47bb-a2ef-37a644a3d2e7.png,47,0,0
1646408789728,3222,getdata_request,200,OK,gateway_req 1-7,text,true,,692,449,4,4,http://localhost:8000/getdata/?year=2000&month=03&day=31&starttime=17&endtime=19&radar=KABR&id=5c45b0e2-525a-422f-a9f4-c3ef893a2475,3,0,1
1646408789728,3,getdata_request-0,301,Moved Permanently,gateway_req 1-7,text,true,,395,224,4,4,http://localhost:8000/getdata?year=2000&month=03&day=31&starttime=17&endtime=19&radar=KABR&id=5c45b0e2-525a-422f-a9f4-c3ef893a2475,3,0,1
1646408789732,3218,getdata_request-1,200,OK,gateway_req 1-7,text,true,,297,225,4,4,http://localhost:8000/getdata/?year=2000&month=03&day=31&starttime=17&endtime=19&radar=KABR&id=5c45b0e2-525a-422f-a9f4-c3ef893a2475,3218,0,0
1646408792951,4,getimage_request,500,Internal Server Error,gateway_req 1-7,text,false,,746,349,4,4,http://localhost:8000/getimage/?filename=5c45b0e2-525a-422f-a9f4-c3ef893a2475.png,2,0,0
1646408792951,2,getimage_request-0,301,Moved Permanently,gateway_req 1-7,text,true,,345,174,4,4,http://localhost:8000/getimage?filename=5c45b0e2-525a-422f-a9f4-c3ef893a2475.png,2,0,0
1646408792953,2,getimage_request-1,500,Internal Server Error,gateway_req 1-7,text,false,,401,175,4,4,http://localhost:8000/getimage/?filename=5c45b0e2-525a-422f-a9f4-c3ef893a2475.png,2,0,0
1646408790395,3307,getdata_request,200,OK,gateway_req 1-8,text,true,,692,449,4,4,http://localhost:8000/getdata/?year=2000&month=03&day=31&starttime=17&endtime=19&radar=KABR&id=9ce06987-3c6b-43db-8069-1d9c4f4a0839,12,0,2
1646408790395,12,getdata_request-0,301,Moved Permanently,gateway_req 1-8,text,true,,395,224,4,4,http://localhost:8000/getdata?year=2000&month=03&day=31&starttime=17&endtime=19&radar=KABR&id=9ce06987-3c6b-43db-8069-1d9c4f4a0839,12,0,2
1646408790407,3295,getdata_request-1,200,OK,gateway_req 1-8,text,true,,297,225,4,4,http://localhost:8000/getdata/?year=2000&month=03&day=31&starttime=17&endtime=19&radar=KABR&id=9ce06987-3c6b-43db-8069-1d9c4f4a0839,3295,0,0
1646408793703,48,getimage_request,500,Internal Server Error,gateway_req 1-8,text,false,,746,349,5,5,http://localhost:8000/getimage/?filename=9ce06987-3c6b-43db-8069-1d9c4f4a0839.png,4,0,0
1646408793703,4,getimage_request-0,301,Moved Permanently,gateway_req 1-8,text,true,,345,174,5,5,http://localhost:8000/getimage?filename=9ce06987-3c6b-43db-8069-1d9c4f4a0839.png,4,0,0
1646408793707,44,getimage_request-1,500,Internal Server Error,gateway_req 1-8,text,false,,401,175,5,5,http://localhost:8000/getimage/?filename=9ce06987-3c6b-43db-8069-1d9c4f4a0839.png,44,0,0
1646408791067,3292,getdata_request,200,OK,gateway_req 1-9,text,true,,692,449,4,4,http://localhost:8000/getdata/?year=2000&month=03&day=31&starttime=17&endtime=19&radar=KABR&id=6b285961-71ae-4202-9cb9-af85944cac8c,8,0,1
1646408791067,8,getdata_request-0,301,Moved Permanently,gateway_req 1-9,text,true,,395,224,4,4,http://localhost:8000/getdata?year=2000&month=03&day=31&starttime=17&endtime=19&radar=KABR&id=6b285961-71ae-4202-9cb9-af85944cac8c,8,0,1
1646408791075,3284,getdata_request-1,200,OK,gateway_req 1-9,text,true,,297,225,4,4,http://localhost:8000/getdata/?year=2000&month=03&day=31&starttime=17&endtime=19&radar=KABR&id=6b285961-71ae-4202-9cb9-af85944cac8c,3284,0,0
1646408794360,47,getimage_request,500,Internal Server Error,gateway_req 1-9,text,false,,746,349,5,5,http://localhost:8000/getimage/?filename=6b285961-71ae-4202-9cb9-af85944cac8c.png,3,0,0
1646408794360,3,getimage_request-0,301,Moved Permanently,gateway_req 1-9,text,true,,345,174,5,5,http://localhost:8000/getimage?filename=6b285961-71ae-4202-9cb9-af85944cac8c.png,3,0,0
1646408794363,44,getimage_request-1,500,Internal Server Error,gateway_req 1-9,text,false,,401,175,5,5,http://localhost:8000/getimage/?filename=6b285961-71ae-4202-9cb9-af85944cac8c.png,44,0,0
1646408793730,1496,getdata_request,200,OK,gateway_req 1-13,text,true,,692,449,5,5,http://localhost:8000/getdata/?year=2000&month=03&day=31&starttime=17&endtime=19&radar=KABR&id=06aa47af-c535-4c2d-bb25-79925a3e3248,3,0,1
1646408793730,3,getdata_request-0,301,Moved Permanently,gateway_req 1-13,text,true,,395,224,5,5,http://localhost:8000/getdata?year=2000&month=03&day=31&starttime=17&endtime=19&radar=KABR&id=06aa47af-c535-4c2d-bb25-79925a3e3248,3,0,1
1646408793734,1492,getdata_request-1,200,OK,gateway_req 1-13,text,true,,297,225,5,5,http://localhost:8000/getdata/?year=2000&month=03&day=31&starttime=17&endtime=19&radar=KABR&id=06aa47af-c535-4c2d-bb25-79925a3e3248,1492,0,0
1646408795226,9,getimage_request,500,Internal Server Error,gateway_req 1-13,text,false,,746,349,5,5,http://localhost:8000/getimage/?filename=06aa47af-c535-4c2d-bb25-79925a3e3248.png,4,0,0
1646408795226,4,getimage_request-0,301,Moved Permanently,gateway_req 1-13,text,true,,345,174,5,5,http://localhost:8000/getimage?filename=06aa47af-c535-4c2d-bb25-79925a3e3248.png,4,0,0
1646408795230,5,getimage_request-1,500,Internal Server Error,gateway_req 1-13,text,false,,401,175,5,5,http://localhost:8000/getimage/?filename=06aa47af-c535-4c2d-bb25-79925a3e3248.png,5,0,0
1646408795068,597,getdata_request,500,Internal Server Error,gateway_req 1-15,text,false,,771,449,4,4,http://localhost:8000/getdata/?year=2000&month=03&day=31&starttime=17&endtime=19&radar=KABR&id=baf87d7a-6d64-46d4-bc8e-6c73d81510c4,4,0,1
1646408795068,4,getdata_request-0,301,Moved Permanently,gateway_req 1-15,text,true,,395,224,4,4,http://localhost:8000/getdata?year=2000&month=03&day=31&starttime=17&endtime=19&radar=KABR&id=baf87d7a-6d64-46d4-bc8e-6c73d81510c4,4,0,1
1646408795072,593,getdata_request-1,500,Internal Server Error,gateway_req 1-15,text,false,,376,225,4,4,http://localhost:8000/getdata/?year=2000&month=03&day=31&starttime=17&endtime=19&radar=KABR&id=baf87d7a-6d64-46d4-bc8e-6c73d81510c4,593,0,0
1646408795666,58,getimage_request,500,Internal Server Error,gateway_req 1-15,text,false,,746,349,4,4,http://localhost:8000/getimage/?filename=baf87d7a-6d64-46d4-bc8e-6c73d81510c4.png,10,0,0
1646408795666,10,getimage_request-0,301,Moved Permanently,gateway_req 1-15,text,true,,345,174,4,4,http://localhost:8000/getimage?filename=baf87d7a-6d64-46d4-bc8e-6c73d81510c4.png,10,0,0
1646408795676,48,getimage_request-1,500,Internal Server Error,gateway_req 1-15,text,false,,401,175,4,4,http://localhost:8000/getimage/?filename=baf87d7a-6d64-46d4-bc8e-6c73d81510c4.png,48,0,0
1646408792401,4243,getdata_request,200,OK,gateway_req 1-11,text,true,,692,449,5,5,http://localhost:8000/getdata/?year=2000&month=03&day=31&starttime=17&endtime=19&radar=KABR&id=b81c2056-6b1c-4f22-9af6-e5b900a0cbd6,3,0,1
1646408792401,3,getdata_request-0,301,Moved Permanently,gateway_req 1-11,text,true,,395,224,5,5,http://localhost:8000/getdata?year=2000&month=03&day=31&starttime=17&endtime=19&radar=KABR&id=b81c2056-6b1c-4f22-9af6-e5b900a0cbd6,3,0,1
1646408792404,4240,getdata_request-1,200,OK,gateway_req 1-11,text,true,,297,225,5,5,http://localhost:8000/getdata/?year=2000&month=03&day=31&starttime=17&endtime=19&radar=KABR&id=b81c2056-6b1c-4f22-9af6-e5b900a0cbd6,4240,0,0
1646408794401,2257,getdata_request,200,OK,gateway_req 1-14,text,true,,692,449,5,5,http://localhost:8000/getdata/?year=2000&month=03&day=31&starttime=17&endtime=19&radar=KABR&id=6dfbf0b0-9b9c-48c6-874d-5838ac4b857f,2,0,1
1646408794401,2,getdata_request-0,301,Moved Permanently,gateway_req 1-14,text,true,,395,224,5,5,http://localhost:8000/getdata?year=2000&month=03&day=31&starttime=17&endtime=19&radar=KABR&id=6dfbf0b0-9b9c-48c6-874d-5838ac4b857f,2,0,1
1646408794403,2255,getdata_request-1,200,OK,gateway_req 1-14,text,true,,297,225,5,5,http://localhost:8000/getdata/?year=2000&month=03&day=31&starttime=17&endtime=19&radar=KABR&id=6dfbf0b0-9b9c-48c6-874d-5838ac4b857f,2255,0,0
1646408796658,10,getimage_request,500,Internal Server Error,gateway_req 1-14,text,false,,746,349,5,5,http://localhost:8000/getimage/?filename=6dfbf0b0-9b9c-48c6-874d-5838ac4b857f.png,3,0,0
1646408796658,3,getimage_request-0,301,Moved Permanently,gateway_req 1-14,text,true,,345,174,5,5,http://localhost:8000/getimage?filename=6dfbf0b0-9b9c-48c6-874d-5838ac4b857f.png,3,0,0
1646408796661,7,getimage_request-1,500,Internal Server Error,gateway_req 1-14,text,false,,401,175,5,5,http://localhost:8000/getimage/?filename=6dfbf0b0-9b9c-48c6-874d-5838ac4b857f.png,7,0,0
1646408796645,55,getimage_request,500,Internal Server Error,gateway_req 1-11,text,false,,746,349,4,4,http://localhost:8000/getimage/?filename=b81c2056-6b1c-4f22-9af6-e5b900a0cbd6.png,9,0,0
1646408796645,9,getimage_request-0,301,Moved Permanently,gateway_req 1-11,text,true,,345,174,4,4,http://localhost:8000/getimage?filename=b81c2056-6b1c-4f22-9af6-e5b900a0cbd6.png,9,0,0
1646408796654,46,getimage_request-1,500,Internal Server Error,gateway_req 1-11,text,false,,401,175,4,4,http://localhost:8000/getimage/?filename=b81c2056-6b1c-4f22-9af6-e5b900a0cbd6.png,46,0,0
1646408793062,4277,getdata_request,200,OK,gateway_req 1-12,text,true,,721,449,4,4,http://localhost:8000/getdata/?year=2000&month=03&day=31&starttime=17&endtime=19&radar=KABR&id=646fabde-1196-46aa-b839-93a6050bef7e,4,0,2
1646408793062,4,getdata_request-0,301,Moved Permanently,gateway_req 1-12,text,true,,395,224,4,4,http://localhost:8000/getdata?year=2000&month=03&day=31&starttime=17&endtime=19&radar=KABR&id=646fabde-1196-46aa-b839-93a6050bef7e,4,0,2
1646408793066,4273,getdata_request-1,200,OK,gateway_req 1-12,text,true,,326,225,4,4,http://localhost:8000/getdata/?year=2000&month=03&day=31&starttime=17&endtime=19&radar=KABR&id=646fabde-1196-46aa-b839-93a6050bef7e,4273,0,0
1646408797340,19,getimage_request,200,OK,gateway_req 1-12,bin,true,,302080,349,4,4,http://localhost:8000/getimage/?filename=646fabde-1196-46aa-b839-93a6050bef7e.png,8,0,0
1646408797340,8,getimage_request-0,301,Moved Permanently,gateway_req 1-12,text,true,,345,174,4,4,http://localhost:8000/getimage?filename=646fabde-1196-46aa-b839-93a6050bef7e.png,8,0,0
1646408797349,10,getimage_request-1,200,OK,gateway_req 1-12,bin,true,,301735,175,4,4,http://localhost:8000/getimage/?filename=646fabde-1196-46aa-b839-93a6050bef7e.png,3,0,0
1646408795734,2232,getdata_request,200,OK,gateway_req 1-16,text,true,,692,449,4,4,http://localhost:8000/getdata/?year=2000&month=03&day=31&starttime=17&endtime=19&radar=KABR&id=2c5e6502-1cad-4306-a122-ab55245bf452,44,0,1
1646408795734,44,getdata_request-0,301,Moved Permanently,gateway_req 1-16,text,true,,395,224,4,4,http://localhost:8000/getdata?year=2000&month=03&day=31&starttime=17&endtime=19&radar=KABR&id=2c5e6502-1cad-4306-a122-ab55245bf452,44,0,1
1646408795778,2188,getdata_request-1,200,OK,gateway_req 1-16,text,true,,297,225,4,4,http://localhost:8000/getdata/?year=2000&month=03&day=31&starttime=17&endtime=19&radar=KABR&id=2c5e6502-1cad-4306-a122-ab55245bf452,2188,0,0
1646408796400,1613,getdata_request,200,OK,gateway_req 1-17,text,true,,692,449,4,4,http://localhost:8000/getdata/?year=2000&month=03&day=31&starttime=17&endtime=19&radar=KABR&id=15c64917-3c5d-4825-8112-2d4d3083aace,7,0,1
1646408796400,7,getdata_request-0,301,Moved Permanently,gateway_req 1-17,text,true,,395,224,4,4,http://localhost:8000/getdata?year=2000&month=03&day=31&starttime=17&endtime=19&radar=KABR&id=15c64917-3c5d-4825-8112-2d4d3083aace,7,0,1
1646408796408,1605,getdata_request-1,200,OK,gateway_req 1-17,text,true,,297,225,4,4,http://localhost:8000/getdata/?year=2000&month=03&day=31&starttime=17&endtime=19&radar=KABR&id=15c64917-3c5d-4825-8112-2d4d3083aace,1605,0,0
1646408797966,49,getimage_request,500,Internal Server Error,gateway_req 1-16,text,false,,746,349,4,4,http://localhost:8000/getimage/?filename=2c5e6502-1cad-4306-a122-ab55245bf452.png,4,0,0
1646408797966,4,getimage_request-0,301,Moved Permanently,gateway_req 1-16,text,true,,345,174,4,4,http://localhost:8000/getimage?filename=2c5e6502-1cad-4306-a122-ab55245bf452.png,4,0,0
1646408797970,45,getimage_request-1,500,Internal Server Error,gateway_req 1-16,text,false,,401,175,4,4,http://localhost:8000/getimage/?filename=2c5e6502-1cad-4306-a122-ab55245bf452.png,45,0,0
1646408798013,46,getimage_request,500,Internal Server Error,gateway_req 1-17,text,false,,746,349,3,3,http://localhost:8000/getimage/?filename=15c64917-3c5d-4825-8112-2d4d3083aace.png,2,0,0
1646408798013,2,getimage_request-0,301,Moved Permanently,gateway_req 1-17,text,true,,345,174,3,3,http://localhost:8000/getimage?filename=15c64917-3c5d-4825-8112-2d4d3083aace.png,2,0,0
1646408798016,43,getimage_request-1,500,Internal Server Error,gateway_req 1-17,text,false,,401,175,3,3,http://localhost:8000/getimage/?filename=15c64917-3c5d-4825-8112-2d4d3083aace.png,43,0,0
1646408797733,1100,getdata_request,200,OK,gateway_req 1-19,text,true,,692,449,3,3,http://localhost:8000/getdata/?year=2000&month=03&day=31&starttime=17&endtime=19&radar=KABR&id=b81b20eb-3c8a-4df8-92d3-d6ee23937e95,14,0,1
1646408797733,14,getdata_request-0,301,Moved Permanently,gateway_req 1-19,text,true,,395,224,3,3,http://localhost:8000/getdata?year=2000&month=03&day=31&starttime=17&endtime=19&radar=KABR&id=b81b20eb-3c8a-4df8-92d3-d6ee23937e95,14,0,1
1646408797748,1085,getdata_request-1,200,OK,gateway_req 1-19,text,true,,297,225,3,3,http://localhost:8000/getdata/?year=2000&month=03&day=31&starttime=17&endtime=19&radar=KABR&id=b81b20eb-3c8a-4df8-92d3-d6ee23937e95,1085,0,0
1646408798834,49,getimage_request,500,Internal Server Error,gateway_req 1-19,text,false,,746,349,3,3,http://localhost:8000/getimage/?filename=b81b20eb-3c8a-4df8-92d3-d6ee23937e95.png,2,0,0
1646408798834,2,getimage_request-0,301,Moved Permanently,gateway_req 1-19,text,true,,345,174,3,3,http://localhost:8000/getimage?filename=b81b20eb-3c8a-4df8-92d3-d6ee23937e95.png,2,0,0
1646408798836,47,getimage_request-1,500,Internal Server Error,gateway_req 1-19,text,false,,401,175,3,3,http://localhost:8000/getimage/?filename=b81b20eb-3c8a-4df8-92d3-d6ee23937e95.png,47,0,0
1646408797064,1988,getdata_request,200,OK,gateway_req 1-18,text,true,,692,449,2,2,http://localhost:8000/getdata/?year=2000&month=03&day=31&starttime=17&endtime=19&radar=KABR&id=99d2e34f-d70b-43d4-b3d9-723f86767dc8,10,0,1
1646408797064,10,getdata_request-0,301,Moved Permanently,gateway_req 1-18,text,true,,395,224,2,2,http://localhost:8000/getdata?year=2000&month=03&day=31&starttime=17&endtime=19&radar=KABR&id=99d2e34f-d70b-43d4-b3d9-723f86767dc8,10,0,1
1646408797074,1978,getdata_request-1,200,OK,gateway_req 1-18,text,true,,297,225,2,2,http://localhost:8000/getdata/?year=2000&month=03&day=31&starttime=17&endtime=19&radar=KABR&id=99d2e34f-d70b-43d4-b3d9-723f86767dc8,1978,0,0
1646408799053,4,getimage_request,500,Internal Server Error,gateway_req 1-18,text,false,,746,349,2,2,http://localhost:8000/getimage/?filename=99d2e34f-d70b-43d4-b3d9-723f86767dc8.png,2,0,0
1646408799053,2,getimage_request-0,301,Moved Permanently,gateway_req 1-18,text,true,,345,174,2,2,http://localhost:8000/getimage?filename=99d2e34f-d70b-43d4-b3d9-723f86767dc8.png,2,0,0
1646408799055,2,getimage_request-1,500,Internal Server Error,gateway_req 1-18,text,false,,401,175,2,2,http://localhost:8000/getimage/?filename=99d2e34f-d70b-43d4-b3d9-723f86767dc8.png,1,0,0
1646408798402,1276,getdata_request,200,OK,gateway_req 1-20,text,true,,692,449,2,2,http://localhost:8000/getdata/?year=2000&month=03&day=31&starttime=17&endtime=19&radar=KABR&id=361787b9-55e7-4a8a-9924-9814f3ece3b6,3,0,1
1646408798402,3,getdata_request-0,301,Moved Permanently,gateway_req 1-20,text,true,,395,224,2,2,http://localhost:8000/getdata?year=2000&month=03&day=31&starttime=17&endtime=19&radar=KABR&id=361787b9-55e7-4a8a-9924-9814f3ece3b6,3,0,1
1646408798405,1273,getdata_request-1,200,OK,gateway_req 1-20,text,true,,297,225,2,2,http://localhost:8000/getdata/?year=2000&month=03&day=31&starttime=17&endtime=19&radar=KABR&id=361787b9-55e7-4a8a-9924-9814f3ece3b6,1273,0,0
1646408799678,46,getimage_request,500,Internal Server Error,gateway_req 1-20,text,false,,746,349,2,2,http://localhost:8000/getimage/?filename=361787b9-55e7-4a8a-9924-9814f3ece3b6.png,2,0,0
1646408799678,2,getimage_request-0,301,Moved Permanently,gateway_req 1-20,text,true,,345,174,2,2,http://localhost:8000/getimage?filename=361787b9-55e7-4a8a-9924-9814f3ece3b6.png,2,0,0
1646408799680,44,getimage_request-1,500,Internal Server Error,gateway_req 1-20,text,false,,401,175,2,2,http://localhost:8000/getimage/?filename=361787b9-55e7-4a8a-9924-9814f3ece3b6.png,44,0,0
1646408799067,1289,getdata_request,200,OK,gateway_req 1-21,text,true,,692,449,2,2,http://localhost:8000/getdata/?year=2000&month=03&day=31&starttime=17&endtime=19&radar=KABR&id=99e56b88-876f-47be-880e-6ea2d53500c4,3,0,1
1646408799067,3,getdata_request-0,301,Moved Permanently,gateway_req 1-21,text,true,,395,224,2,2,http://localhost:8000/getdata?year=2000&month=03&day=31&starttime=17&endtime=19&radar=KABR&id=99e56b88-876f-47be-880e-6ea2d53500c4,3,0,1
1646408799071,1285,getdata_request-1,200,OK,gateway_req 1-21,text,true,,297,225,2,2,http://localhost:8000/getdata/?year=2000&month=03&day=31&starttime=17&endtime=19&radar=KABR&id=99e56b88-876f-47be-880e-6ea2d53500c4,1285,0,0
1646408800356,61,getimage_request,500,Internal Server Error,gateway_req 1-21,text,false,,746,349,3,3,http://localhost:8000/getimage/?filename=99e56b88-876f-47be-880e-6ea2d53500c4.png,12,0,0
1646408800356,12,getimage_request-0,301,Moved Permanently,gateway_req 1-21,text,true,,345,174,3,3,http://localhost:8000/getimage?filename=99e56b88-876f-47be-880e-6ea2d53500c4.png,12,0,0
1646408800368,49,getimage_request-1,500,Internal Server Error,gateway_req 1-21,text,false,,401,175,3,3,http://localhost:8000/getimage/?filename=99e56b88-876f-47be-880e-6ea2d53500c4.png,49,0,0
1646408799733,1121,getdata_request,200,OK,gateway_req 1-22,text,true,,692,449,2,2,http://localhost:8000/getdata/?year=2000&month=03&day=31&starttime=17&endtime=19&radar=KABR&id=8bdab80d-4365-4b6d-8eba-05eded8e80fa,3,0,1
1646408799733,3,getdata_request-0,301,Moved Permanently,gateway_req 1-22,text,true,,395,224,2,2,http://localhost:8000/getdata?year=2000&month=03&day=31&starttime=17&endtime=19&radar=KABR&id=8bdab80d-4365-4b6d-8eba-05eded8e80fa,3,0,1
1646408799736,1118,getdata_request-1,200,OK,gateway_req 1-22,text,true,,297,225,2,2,http://localhost:8000/getdata/?year=2000&month=03&day=31&starttime=17&endtime=19&radar=KABR&id=8bdab80d-4365-4b6d-8eba-05eded8e80fa,1118,0,0
1646408800855,3,getimage_request,500,Internal Server Error,gateway_req 1-22,text,false,,746,349,2,2,http://localhost:8000/getimage/?filename=8bdab80d-4365-4b6d-8eba-05eded8e80fa.png,1,0,0
1646408800855,1,getimage_request-0,301,Moved Permanently,gateway_req 1-22,text,true,,345,174,2,2,http://localhost:8000/getimage?filename=8bdab80d-4365-4b6d-8eba-05eded8e80fa.png,1,0,0
1646408800857,1,getimage_request-1,500,Internal Server Error,gateway_req 1-22,text,false,,401,175,2,2,http://localhost:8000/getimage/?filename=8bdab80d-4365-4b6d-8eba-05eded8e80fa.png,1,0,0
1646408800399,1389,getdata_request,200,OK,gateway_req 1-23,text,true,,692,449,3,3,http://localhost:8000/getdata/?year=2000&month=03&day=31&starttime=17&endtime=19&radar=KABR&id=d5041801-bb57-4f98-90dc-482d585fce6d,3,0,1
1646408800399,3,getdata_request-0,301,Moved Permanently,gateway_req 1-23,text,true,,395,224,3,3,http://localhost:8000/getdata?year=2000&month=03&day=31&starttime=17&endtime=19&radar=KABR&id=d5041801-bb57-4f98-90dc-482d585fce6d,3,0,1
1646408800402,1386,getdata_request-1,200,OK,gateway_req 1-23,text,true,,297,225,3,3,http://localhost:8000/getdata/?year=2000&month=03&day=31&starttime=17&endtime=19&radar=KABR&id=d5041801-bb57-4f98-90dc-482d585fce6d,1386,0,0
1646408801789,3,getimage_request,500,Internal Server Error,gateway_req 1-23,text,false,,746,349,3,3,http://localhost:8000/getimage/?filename=d5041801-bb57-4f98-90dc-482d585fce6d.png,2,0,0
1646408801789,2,getimage_request-0,301,Moved Permanently,gateway_req 1-23,text,true,,345,174,3,3,http://localhost:8000/getimage?filename=d5041801-bb57-4f98-90dc-482d585fce6d.png,2,0,0
1646408801791,1,getimage_request-1,500,Internal Server Error,gateway_req 1-23,text,false,,401,175,3,3,http://localhost:8000/getimage/?filename=d5041801-bb57-4f98-90dc-482d585fce6d.png,1,0,0
1646408801069,2012,getdata_request,200,OK,gateway_req 1-24,text,true,,692,449,4,4,http://localhost:8000/getdata/?year=2000&month=03&day=31&starttime=17&endtime=19&radar=KABR&id=007c42af-9fae-4ee8-9f81-c2f97d0f354a,4,0,1
1646408801069,4,getdata_request-0,301,Moved Permanently,gateway_req 1-24,text,true,,395,224,4,4,http://localhost:8000/getdata?year=2000&month=03&day=31&starttime=17&endtime=19&radar=KABR&id=007c42af-9fae-4ee8-9f81-c2f97d0f354a,4,0,1
1646408801074,2007,getdata_request-1,200,OK,gateway_req 1-24,text,true,,297,225,4,4,http://localhost:8000/getdata/?year=2000&month=03&day=31&starttime=17&endtime=19&radar=KABR&id=007c42af-9fae-4ee8-9f81-c2f97d0f354a,2007,0,0
1646408803081,48,getimage_request,500,Internal Server Error,gateway_req 1-24,text,false,,746,349,4,4,http://localhost:8000/getimage/?filename=007c42af-9fae-4ee8-9f81-c2f97d0f354a.png,4,0,0
1646408803081,4,getimage_request-0,301,Moved Permanently,gateway_req 1-24,text,true,,345,174,4,4,http://localhost:8000/getimage?filename=007c42af-9fae-4ee8-9f81-c2f97d0f354a.png,4,0,0
1646408803086,43,getimage_request-1,500,Internal Server Error,gateway_req 1-24,text,false,,401,175,4,4,http://localhost:8000/getimage/?filename=007c42af-9fae-4ee8-9f81-c2f97d0f354a.png,43,0,0
1646408801737,1473,getdata_request,200,OK,gateway_req 1-25,text,true,,692,449,3,3,http://localhost:8000/getdata/?year=2000&month=03&day=31&starttime=17&endtime=19&radar=KABR&id=0a155943-61d0-47f6-93fa-7a4397211a28,3,0,1
1646408801737,3,getdata_request-0,301,Moved Permanently,gateway_req 1-25,text,true,,395,224,3,3,http://localhost:8000/getdata?year=2000&month=03&day=31&starttime=17&endtime=19&radar=KABR&id=0a155943-61d0-47f6-93fa-7a4397211a28,3,0,1
1646408801740,1470,getdata_request-1,200,OK,gateway_req 1-25,text,true,,297,225,3,3,http://localhost:8000/getdata/?year=2000&month=03&day=31&starttime=17&endtime=19&radar=KABR&id=0a155943-61d0-47f6-93fa-7a4397211a28,1470,0,0
1646408803211,48,getimage_request,500,Internal Server Error,gateway_req 1-25,text,false,,746,349,3,3,http://localhost:8000/getimage/?filename=0a155943-61d0-47f6-93fa-7a4397211a28.png,2,0,0
1646408803211,2,getimage_request-0,301,Moved Permanently,gateway_req 1-25,text,true,,345,174,3,3,http://localhost:8000/getimage?filename=0a155943-61d0-47f6-93fa-7a4397211a28.png,2,0,0
1646408803213,46,getimage_request-1,500,Internal Server Error,gateway_req 1-25,text,false,,401,175,3,3,http://localhost:8000/getimage/?filename=0a155943-61d0-47f6-93fa-7a4397211a28.png,46,0,0
1646408802402,1179,getdata_request,200,OK,gateway_req 1-26,text,true,,692,449,2,2,http://localhost:8000/getdata/?year=2000&month=03&day=31&starttime=17&endtime=19&radar=KABR&id=fc619222-afca-46ba-ba6f-68552688cace,3,0,1
1646408802402,3,getdata_request-0,301,Moved Permanently,gateway_req 1-26,text,true,,395,224,2,2,http://localhost:8000/getdata?year=2000&month=03&day=31&starttime=17&endtime=19&radar=KABR&id=fc619222-afca-46ba-ba6f-68552688cace,3,0,1
1646408802406,1175,getdata_request-1,200,OK,gateway_req 1-26,text,true,,297,225,2,2,http://localhost:8000/getdata/?year=2000&month=03&day=31&starttime=17&endtime=19&radar=KABR&id=fc619222-afca-46ba-ba6f-68552688cace,1175,0,0
1646408803582,4,getimage_request,500,Internal Server Error,gateway_req 1-26,text,false,,746,349,2,2,http://localhost:8000/getimage/?filename=fc619222-afca-46ba-ba6f-68552688cace.png,2,0,0
1646408803582,2,getimage_request-0,301,Moved Permanently,gateway_req 1-26,text,true,,345,174,2,2,http://localhost:8000/getimage?filename=fc619222-afca-46ba-ba6f-68552688cace.png,2,0,0
1646408803584,2,getimage_request-1,500,Internal Server Error,gateway_req 1-26,text,false,,401,175,2,2,http://localhost:8000/getimage/?filename=fc619222-afca-46ba-ba6f-68552688cace.png,2,0,0
1646408803071,1356,getdata_request,200,OK,gateway_req 1-27,text,true,,692,449,3,3,http://localhost:8000/getdata/?year=2000&month=03&day=31&starttime=17&endtime=19&radar=KABR&id=f4869b07-bcb6-4921-9c40-f3e4ec24e315,11,0,1
1646408803071,11,getdata_request-0,301,Moved Permanently,gateway_req 1-27,text,true,,395,224,3,3,http://localhost:8000/getdata?year=2000&month=03&day=31&starttime=17&endtime=19&radar=KABR&id=f4869b07-bcb6-4921-9c40-f3e4ec24e315,11,0,1
1646408803082,1345,getdata_request-1,200,OK,gateway_req 1-27,text,true,,297,225,3,3,http://localhost:8000/getdata/?year=2000&month=03&day=31&starttime=17&endtime=19&radar=KABR&id=f4869b07-bcb6-4921-9c40-f3e4ec24e315,1345,0,0
1646408804427,50,getimage_request,500,Internal Server Error,gateway_req 1-27,text,false,,746,349,3,3,http://localhost:8000/getimage/?filename=f4869b07-bcb6-4921-9c40-f3e4ec24e315.png,2,0,0
1646408804427,2,getimage_request-0,301,Moved Permanently,gateway_req 1-27,text,true,,345,174,3,3,http://localhost:8000/getimage?filename=f4869b07-bcb6-4921-9c40-f3e4ec24e315.png,2,0,0
1646408804429,48,getimage_request-1,500,Internal Server Error,gateway_req 1-27,text,false,,401,175,3,3,http://localhost:8000/getimage/?filename=f4869b07-bcb6-4921-9c40-f3e4ec24e315.png,48,0,0
1646408803736,1360,getdata_request,200,OK,gateway_req 1-28,text,true,,692,449,3,3,http://localhost:8000/getdata/?year=2000&month=03&day=31&starttime=17&endtime=19&radar=KABR&id=20ba08e8-7ee7-45b6-8ede-5e9eaaae585e,3,0,1
1646408803736,3,getdata_request-0,301,Moved Permanently,gateway_req 1-28,text,true,,395,224,3,3,http://localhost:8000/getdata?year=2000&month=03&day=31&starttime=17&endtime=19&radar=KABR&id=20ba08e8-7ee7-45b6-8ede-5e9eaaae585e,3,0,1
1646408803740,1356,getdata_request-1,200,OK,gateway_req 1-28,text,true,,297,225,3,3,http://localhost:8000/getdata/?year=2000&month=03&day=31&starttime=17&endtime=19&radar=KABR&id=20ba08e8-7ee7-45b6-8ede-5e9eaaae585e,1356,0,0
1646408805097,3,getimage_request,500,Internal Server Error,gateway_req 1-28,text,false,,746,349,3,3,http://localhost:8000/getimage/?filename=20ba08e8-7ee7-45b6-8ede-5e9eaaae585e.png,1,0,0
1646408805097,1,getimage_request-0,301,Moved Permanently,gateway_req 1-28,text,true,,345,174,3,3,http://localhost:8000/getimage?filename=20ba08e8-7ee7-45b6-8ede-5e9eaaae585e.png,1,0,0
1646408805098,2,getimage_request-1,500,Internal Server Error,gateway_req 1-28,text,false,,401,175,3,3,http://localhost:8000/getimage/?filename=20ba08e8-7ee7-45b6-8ede-5e9eaaae585e.png,2,0,0
1646408804406,1303,getdata_request,200,OK,gateway_req 1-29,text,true,,692,449,2,2,http://localhost:8000/getdata/?year=2000&month=03&day=31&starttime=17&endtime=19&radar=KABR&id=5860c539-dbe2-435b-ad16-315a07fc1dc5,20,0,0
1646408804406,20,getdata_request-0,301,Moved Permanently,gateway_req 1-29,text,true,,395,224,2,2,http://localhost:8000/getdata?year=2000&month=03&day=31&starttime=17&endtime=19&radar=KABR&id=5860c539-dbe2-435b-ad16-315a07fc1dc5,20,0,0
1646408804426,1283,getdata_request-1,200,OK,gateway_req 1-29,text,true,,297,225,2,2,http://localhost:8000/getdata/?year=2000&month=03&day=31&starttime=17&endtime=19&radar=KABR&id=5860c539-dbe2-435b-ad16-315a07fc1dc5,1283,0,0
1646408805710,3,getimage_request,500,Internal Server Error,gateway_req 1-29,text,false,,746,349,2,2,http://localhost:8000/getimage/?filename=5860c539-dbe2-435b-ad16-315a07fc1dc5.png,1,0,0
1646408805710,1,getimage_request-0,301,Moved Permanently,gateway_req 1-29,text,true,,345,174,2,2,http://localhost:8000/getimage?filename=5860c539-dbe2-435b-ad16-315a07fc1dc5.png,1,0,0
1646408805712,1,getimage_request-1,500,Internal Server Error,gateway_req 1-29,text,false,,401,175,2,2,http://localhost:8000/getimage/?filename=5860c539-dbe2-435b-ad16-315a07fc1dc5.png,1,0,0
1646408805072,1089,getdata_request,200,OK,gateway_req 1-30,text,true,,692,449,2,2,http://localhost:8000/getdata/?year=2000&month=03&day=31&starttime=17&endtime=19&radar=KABR&id=53326adb-2a58-4247-8e5b-f49526858d59,10,0,1
1646408805072,10,getdata_request-0,301,Moved Permanently,gateway_req 1-30,text,true,,395,224,2,2,http://localhost:8000/getdata?year=2000&month=03&day=31&starttime=17&endtime=19&radar=KABR&id=53326adb-2a58-4247-8e5b-f49526858d59,10,0,1
1646408805082,1079,getdata_request-1,200,OK,gateway_req 1-30,text,true,,297,225,2,2,http://localhost:8000/getdata/?year=2000&month=03&day=31&starttime=17&endtime=19&radar=KABR&id=53326adb-2a58-4247-8e5b-f49526858d59,1079,0,0
1646408806162,46,getimage_request,500,Internal Server Error,gateway_req 1-30,text,false,,746,349,2,2,http://localhost:8000/getimage/?filename=53326adb-2a58-4247-8e5b-f49526858d59.png,2,0,0
1646408806162,2,getimage_request-0,301,Moved Permanently,gateway_req 1-30,text,true,,345,174,2,2,http://localhost:8000/getimage?filename=53326adb-2a58-4247-8e5b-f49526858d59.png,2,0,0
1646408806164,44,getimage_request-1,500,Internal Server Error,gateway_req 1-30,text,false,,401,175,2,2,http://localhost:8000/getimage/?filename=53326adb-2a58-4247-8e5b-f49526858d59.png,44,0,0
1646408805735,1291,getdata_request,200,OK,gateway_req 1-31,text,true,,692,449,2,2,http://localhost:8000/getdata/?year=2000&month=03&day=31&starttime=17&endtime=19&radar=KABR&id=e822dec3-c24f-4120-8c9f-2d23b7dddc32,3,0,0
1646408805735,3,getdata_request-0,301,Moved Permanently,gateway_req 1-31,text,true,,395,224,2,2,http://localhost:8000/getdata?year=2000&month=03&day=31&starttime=17&endtime=19&radar=KABR&id=e822dec3-c24f-4120-8c9f-2d23b7dddc32,3,0,0
1646408805738,1288,getdata_request-1,200,OK,gateway_req 1-31,text,true,,297,225,2,2,http://localhost:8000/getdata/?year=2000&month=03&day=31&starttime=17&endtime=19&radar=KABR&id=e822dec3-c24f-4120-8c9f-2d23b7dddc32,1288,0,0
1646408807026,50,getimage_request,500,Internal Server Error,gateway_req 1-31,text,false,,746,349,3,3,http://localhost:8000/getimage/?filename=e822dec3-c24f-4120-8c9f-2d23b7dddc32.png,6,0,0
1646408807026,6,getimage_request-0,301,Moved Permanently,gateway_req 1-31,text,true,,345,174,3,3,http://localhost:8000/getimage?filename=e822dec3-c24f-4120-8c9f-2d23b7dddc32.png,6,0,0
1646408807032,44,getimage_request-1,500,Internal Server Error,gateway_req 1-31,text,false,,401,175,3,3,http://localhost:8000/getimage/?filename=e822dec3-c24f-4120-8c9f-2d23b7dddc32.png,44,0,0
1646408806406,1129,getdata_request,200,OK,gateway_req 1-32,text,true,,692,449,2,2,http://localhost:8000/getdata/?year=2000&month=03&day=31&starttime=17&endtime=19&radar=KABR&id=525e5160-978d-420b-9ca3-4971d13fc918,4,0,1
1646408806406,4,getdata_request-0,301,Moved Permanently,gateway_req 1-32,text,true,,395,224,2,2,http://localhost:8000/getdata?year=2000&month=03&day=31&starttime=17&endtime=19&radar=KABR&id=525e5160-978d-420b-9ca3-4971d13fc918,4,0,1
1646408806410,1125,getdata_request-1,200,OK,gateway_req 1-32,text,true,,297,225,2,2,http://localhost:8000/getdata/?year=2000&month=03&day=31&starttime=17&endtime=19&radar=KABR&id=525e5160-978d-420b-9ca3-4971d13fc918,1125,0,0
1646408807536,3,getimage_request,500,Internal Server Error,gateway_req 1-32,text,false,,746,349,2,2,http://localhost:8000/getimage/?filename=525e5160-978d-420b-9ca3-4971d13fc918.png,1,0,0
1646408807536,1,getimage_request-0,301,Moved Permanently,gateway_req 1-32,text,true,,345,174,2,2,http://localhost:8000/getimage?filename=525e5160-978d-420b-9ca3-4971d13fc918.png,1,0,0
1646408807537,2,getimage_request-1,500,Internal Server Error,gateway_req 1-32,text,false,,401,175,2,2,http://localhost:8000/getimage/?filename=525e5160-978d-420b-9ca3-4971d13fc918.png,2,0,0
1646408807069,1269,getdata_request,200,OK,gateway_req 1-33,text,true,,692,449,2,2,http://localhost:8000/getdata/?year=2000&month=03&day=31&starttime=17&endtime=19&radar=KABR&id=a7272473-b99b-4b9b-b468-a15c67b85102,3,0,0
1646408807069,3,getdata_request-0,301,Moved Permanently,gateway_req 1-33,text,true,,395,224,2,2,http://localhost:8000/getdata?year=2000&month=03&day=31&starttime=17&endtime=19&radar=KABR&id=a7272473-b99b-4b9b-b468-a15c67b85102,3,0,0
1646408807072,1266,getdata_request-1,200,OK,gateway_req 1-33,text,true,,297,225,2,2,http://localhost:8000/getdata/?year=2000&month=03&day=31&starttime=17&endtime=19&radar=KABR&id=a7272473-b99b-4b9b-b468-a15c67b85102,1266,0,0
1646408808338,57,getimage_request,500,Internal Server Error,gateway_req 1-33,text,false,,746,349,2,2,http://localhost:8000/getimage/?filename=a7272473-b99b-4b9b-b468-a15c67b85102.png,5,0,0
1646408808338,5,getimage_request-0,301,Moved Permanently,gateway_req 1-33,text,true,,345,174,2,2,http://localhost:8000/getimage?filename=a7272473-b99b-4b9b-b468-a15c67b85102.png,5,0,0
1646408808343,52,getimage_request-1,500,Internal Server Error,gateway_req 1-33,text,false,,401,175,2,2,http://localhost:8000/getimage/?filename=a7272473-b99b-4b9b-b468-a15c67b85102.png,52,0,0
1646408807738,1314,getdata_request,200,OK,gateway_req 1-34,text,true,,692,449,2,2,http://localhost:8000/getdata/?year=2000&month=03&day=31&starttime=17&endtime=19&radar=KABR&id=b4d34910-0a0f-4db2-8500-5be255230d76,4,0,1
1646408807738,4,getdata_request-0,301,Moved Permanently,gateway_req 1-34,text,true,,395,224,2,2,http://localhost:8000/getdata?year=2000&month=03&day=31&starttime=17&endtime=19&radar=KABR&id=b4d34910-0a0f-4db2-8500-5be255230d76,4,0,1
1646408807742,1310,getdata_request-1,200,OK,gateway_req 1-34,text,true,,297,225,2,2,http://localhost:8000/getdata/?year=2000&month=03&day=31&starttime=17&endtime=19&radar=KABR&id=b4d34910-0a0f-4db2-8500-5be255230d76,1310,0,0
1646408809053,4,getimage_request,500,Internal Server Error,gateway_req 1-34,text,false,,746,349,2,2,http://localhost:8000/getimage/?filename=b4d34910-0a0f-4db2-8500-5be255230d76.png,2,0,0
1646408809053,2,getimage_request-0,301,Moved Permanently,gateway_req 1-34,text,true,,345,174,2,2,http://localhost:8000/getimage?filename=b4d34910-0a0f-4db2-8500-5be255230d76.png,2,0,0
1646408809055,2,getimage_request-1,500,Internal Server Error,gateway_req 1-34,text,false,,401,175,2,2,http://localhost:8000/getimage/?filename=b4d34910-0a0f-4db2-8500-5be255230d76.png,2,0,0
1646408808407,1216,getdata_request,200,OK,gateway_req 1-35,text,true,,692,449,2,2,http://localhost:8000/getdata/?year=2000&month=03&day=31&starttime=17&endtime=19&radar=KABR&id=ef4ee432-bbf8-499b-816f-e09296907c09,4,0,1
1646408808407,4,getdata_request-0,301,Moved Permanently,gateway_req 1-35,text,true,,395,224,2,2,http://localhost:8000/getdata?year=2000&month=03&day=31&starttime=17&endtime=19&radar=KABR&id=ef4ee432-bbf8-499b-816f-e09296907c09,4,0,1
1646408808412,1211,getdata_request-1,200,OK,gateway_req 1-35,text,true,,297,225,2,2,http://localhost:8000/getdata/?year=2000&month=03&day=31&starttime=17&endtime=19&radar=KABR&id=ef4ee432-bbf8-499b-816f-e09296907c09,1211,0,0
1646408809624,61,getimage_request,500,Internal Server Error,gateway_req 1-35,text,false,,746,349,2,2,http://localhost:8000/getimage/?filename=ef4ee432-bbf8-499b-816f-e09296907c09.png,3,0,0
1646408809624,3,getimage_request-0,301,Moved Permanently,gateway_req 1-35,text,true,,345,174,2,2,http://localhost:8000/getimage?filename=ef4ee432-bbf8-499b-816f-e09296907c09.png,3,0,0
1646408809627,58,getimage_request-1,500,Internal Server Error,gateway_req 1-35,text,false,,401,175,2,2,http://localhost:8000/getimage/?filename=ef4ee432-bbf8-499b-816f-e09296907c09.png,58,0,0
1646408809075,1233,getdata_request,200,OK,gateway_req 1-36,text,true,,692,449,2,2,http://localhost:8000/getdata/?year=2000&month=03&day=31&starttime=17&endtime=19&radar=KABR&id=d3567e97-65e4-4894-a1b1-9bf29922a667,3,0,2
1646408809075,3,getdata_request-0,301,Moved Permanently,gateway_req 1-36,text,true,,395,224,2,2,http://localhost:8000/getdata?year=2000&month=03&day=31&starttime=17&endtime=19&radar=KABR&id=d3567e97-65e4-4894-a1b1-9bf29922a667,3,0,2
1646408809079,1229,getdata_request-1,200,OK,gateway_req 1-36,text,true,,297,225,2,2,http://localhost:8000/getdata/?year=2000&month=03&day=31&starttime=17&endtime=19&radar=KABR&id=d3567e97-65e4-4894-a1b1-9bf29922a667,1229,0,0
1646408810308,24,getimage_request,500,Internal Server Error,gateway_req 1-36,text,false,,746,349,2,2,http://localhost:8000/getimage/?filename=d3567e97-65e4-4894-a1b1-9bf29922a667.png,10,0,0
1646408810308,10,getimage_request-0,301,Moved Permanently,gateway_req 1-36,text,true,,345,174,2,2,http://localhost:8000/getimage?filename=d3567e97-65e4-4894-a1b1-9bf29922a667.png,10,0,0
1646408810318,14,getimage_request-1,500,Internal Server Error,gateway_req 1-36,text,false,,401,175,2,2,http://localhost:8000/getimage/?filename=d3567e97-65e4-4894-a1b1-9bf29922a667.png,14,0,0
1646408809738,1135,getdata_request,200,OK,gateway_req 1-37,text,true,,692,449,2,2,http://localhost:8000/getdata/?year=2000&month=03&day=31&starttime=17&endtime=19&radar=KABR&id=89da2b72-3136-4541-a66d-10927ce6b5cb,3,0,1
1646408809738,3,getdata_request-0,301,Moved Permanently,gateway_req 1-37,text,true,,395,224,2,2,http://localhost:8000/getdata?year=2000&month=03&day=31&starttime=17&endtime=19&radar=KABR&id=89da2b72-3136-4541-a66d-10927ce6b5cb,3,0,1
1646408809741,1132,getdata_request-1,200,OK,gateway_req 1-37,text,true,,297,225,2,2,http://localhost:8000/getdata/?year=2000&month=03&day=31&starttime=17&endtime=19&radar=KABR&id=89da2b72-3136-4541-a66d-10927ce6b5cb,1132,0,0
1646408810873,4,getimage_request,500,Internal Server Error,gateway_req 1-37,text,false,,746,349,2,2,http://localhost:8000/getimage/?filename=89da2b72-3136-4541-a66d-10927ce6b5cb.png,2,0,0
1646408810873,2,getimage_request-0,301,Moved Permanently,gateway_req 1-37,text,true,,345,174,2,2,http://localhost:8000/getimage?filename=89da2b72-3136-4541-a66d-10927ce6b5cb.png,2,0,0
1646408810875,2,getimage_request-1,500,Internal Server Error,gateway_req 1-37,text,false,,401,175,2,2,http://localhost:8000/getimage/?filename=89da2b72-3136-4541-a66d-10927ce6b5cb.png,2,0,0
1646408810405,1283,getdata_request,200,OK,gateway_req 1-38,text,true,,692,449,2,2,http://localhost:8000/getdata/?year=2000&month=03&day=31&starttime=17&endtime=19&radar=KABR&id=9ac81520-4ae4-4760-9a2a-b663c602c5ad,3,0,1
1646408810405,3,getdata_request-0,301,Moved Permanently,gateway_req 1-38,text,true,,395,224,2,2,http://localhost:8000/getdata?year=2000&month=03&day=31&starttime=17&endtime=19&radar=KABR&id=9ac81520-4ae4-4760-9a2a-b663c602c5ad,3,0,1
1646408810408,1280,getdata_request-1,200,OK,gateway_req 1-38,text,true,,297,225,2,2,http://localhost:8000/getdata/?year=2000&month=03&day=31&starttime=17&endtime=19&radar=KABR&id=9ac81520-4ae4-4760-9a2a-b663c602c5ad,1280,0,0
1646408811687,8,getimage_request,500,Internal Server Error,gateway_req 1-38,text,false,,746,349,2,2,http://localhost:8000/getimage/?filename=9ac81520-4ae4-4760-9a2a-b663c602c5ad.png,4,0,0
1646408811687,4,getimage_request-0,301,Moved Permanently,gateway_req 1-38,text,true,,345,174,2,2,http://localhost:8000/getimage?filename=9ac81520-4ae4-4760-9a2a-b663c602c5ad.png,4,0,0
1646408811691,4,getimage_request-1,500,Internal Server Error,gateway_req 1-38,text,false,,401,175,2,2,http://localhost:8000/getimage/?filename=9ac81520-4ae4-4760-9a2a-b663c602c5ad.png,4,0,0
1646408811070,1406,getdata_request,200,OK,gateway_req 1-39,text,true,,692,449,3,3,http://localhost:8000/getdata/?year=2000&month=03&day=31&starttime=17&endtime=19&radar=KABR&id=23d6708b-4ac9-4f1b-81d1-cbcde760f40a,3,0,1
1646408811070,3,getdata_request-0,301,Moved Permanently,gateway_req 1-39,text,true,,395,224,3,3,http://localhost:8000/getdata?year=2000&month=03&day=31&starttime=17&endtime=19&radar=KABR&id=23d6708b-4ac9-4f1b-81d1-cbcde760f40a,3,0,1
1646408811074,1402,getdata_request-1,200,OK,gateway_req 1-39,text,true,,297,225,3,3,http://localhost:8000/getdata/?year=2000&month=03&day=31&starttime=17&endtime=19&radar=KABR&id=23d6708b-4ac9-4f1b-81d1-cbcde760f40a,1402,0,0
1646408812477,46,getimage_request,500,Internal Server Error,gateway_req 1-39,text,false,,746,349,3,3,http://localhost:8000/getimage/?filename=23d6708b-4ac9-4f1b-81d1-cbcde760f40a.png,2,0,0
1646408812477,2,getimage_request-0,301,Moved Permanently,gateway_req 1-39,text,true,,345,174,3,3,http://localhost:8000/getimage?filename=23d6708b-4ac9-4f1b-81d1-cbcde760f40a.png,2,0,0
1646408812479,44,getimage_request-1,500,Internal Server Error,gateway_req 1-39,text,false,,401,175,3,3,http://localhost:8000/getimage/?filename=23d6708b-4ac9-4f1b-81d1-cbcde760f40a.png,44,0,0
1646408812406,1123,getdata_request,200,OK,gateway_req 1-41,text,true,,692,449,3,3,http://localhost:8000/getdata/?year=2000&month=03&day=31&starttime=17&endtime=19&radar=KABR&id=6d0c0872-8b55-4615-bbf4-591acc9ea2c6,10,0,0
1646408812406,10,getdata_request-0,301,Moved Permanently,gateway_req 1-41,text,true,,395,224,3,3,http://localhost:8000/getdata?year=2000&month=03&day=31&starttime=17&endtime=19&radar=KABR&id=6d0c0872-8b55-4615-bbf4-591acc9ea2c6,10,0,0
1646408812417,1112,getdata_request-1,200,OK,gateway_req 1-41,text,true,,297,225,3,3,http://localhost:8000/getdata/?year=2000&month=03&day=31&starttime=17&endtime=19&radar=KABR&id=6d0c0872-8b55-4615-bbf4-591acc9ea2c6,1111,0,0
1646408813529,46,getimage_request,500,Internal Server Error,gateway_req 1-41,text,false,,746,349,3,3,http://localhost:8000/getimage/?filename=6d0c0872-8b55-4615-bbf4-591acc9ea2c6.png,4,0,0
1646408813529,4,getimage_request-0,301,Moved Permanently,gateway_req 1-41,text,true,,345,174,3,3,http://localhost:8000/getimage?filename=6d0c0872-8b55-4615-bbf4-591acc9ea2c6.png,4,0,0
1646408813533,42,getimage_request-1,500,Internal Server Error,gateway_req 1-41,text,false,,401,175,3,3,http://localhost:8000/getimage/?filename=6d0c0872-8b55-4615-bbf4-591acc9ea2c6.png,42,0,0
1646408811738,2806,getdata_request,200,OK,gateway_req 1-40,text,true,,721,449,4,4,http://localhost:8000/getdata/?year=2000&month=03&day=31&starttime=17&endtime=19&radar=KABR&id=d77515eb-1db4-4d02-ba63-a31bef4322f8,4,0,0
1646408811738,4,getdata_request-0,301,Moved Permanently,gateway_req 1-40,text,true,,395,224,4,4,http://localhost:8000/getdata?year=2000&month=03&day=31&starttime=17&endtime=19&radar=KABR&id=d77515eb-1db4-4d02-ba63-a31bef4322f8,4,0,0
1646408811742,2802,getdata_request-1,200,OK,gateway_req 1-40,text,true,,326,225,4,4,http://localhost:8000/getdata/?year=2000&month=03&day=31&starttime=17&endtime=19&radar=KABR&id=d77515eb-1db4-4d02-ba63-a31bef4322f8,2802,0,0
1646408814544,15,getimage_request,200,OK,gateway_req 1-40,bin,true,,302080,349,4,4,http://localhost:8000/getimage/?filename=d77515eb-1db4-4d02-ba63-a31bef4322f8.png,2,0,0
1646408814544,2,getimage_request-0,301,Moved Permanently,gateway_req 1-40,text,true,,345,174,4,4,http://localhost:8000/getimage?filename=d77515eb-1db4-4d02-ba63-a31bef4322f8.png,2,0,0
1646408814546,13,getimage_request-1,200,OK,gateway_req 1-40,bin,true,,301735,175,4,4,http://localhost:8000/getimage/?filename=d77515eb-1db4-4d02-ba63-a31bef4322f8.png,3,0,0
1646408813076,1513,getdata_request,200,OK,gateway_req 1-42,text,true,,692,449,3,3,http://localhost:8000/getdata/?year=2000&month=03&day=31&starttime=17&endtime=19&radar=KABR&id=840b1080-c84c-4669-82dc-7cc9f80e863f,5,0,1
1646408813076,5,getdata_request-0,301,Moved Permanently,gateway_req 1-42,text,true,,395,224,3,3,http://localhost:8000/getdata?year=2000&month=03&day=31&starttime=17&endtime=19&radar=KABR&id=840b1080-c84c-4669-82dc-7cc9f80e863f,5,0,1
1646408813081,1508,getdata_request-1,200,OK,gateway_req 1-42,text,true,,297,225,3,3,http://localhost:8000/getdata/?year=2000&month=03&day=31&starttime=17&endtime=19&radar=KABR&id=840b1080-c84c-4669-82dc-7cc9f80e863f,1507,0,0
1646408814590,5,getimage_request,500,Internal Server Error,gateway_req 1-42,text,false,,746,349,3,3,http://localhost:8000/getimage/?filename=840b1080-c84c-4669-82dc-7cc9f80e863f.png,3,0,0
1646408814590,3,getimage_request-0,301,Moved Permanently,gateway_req 1-42,text,true,,345,174,3,3,http://localhost:8000/getimage?filename=840b1080-c84c-4669-82dc-7cc9f80e863f.png,3,0,0
1646408814593,2,getimage_request-1,500,Internal Server Error,gateway_req 1-42,text,false,,401,175,3,3,http://localhost:8000/getimage/?filename=840b1080-c84c-4669-82dc-7cc9f80e863f.png,2,0,0
1646408813745,3864,getdata_request,200,OK,gateway_req 1-43,text,true,,692,449,6,6,http://localhost:8000/getdata/?year=2000&month=03&day=31&starttime=17&endtime=19&radar=KABR&id=5635ffbf-806e-406b-a328-c3eb3374f1ff,116,0,1
1646408813745,116,getdata_request-0,301,Moved Permanently,gateway_req 1-43,text,true,,395,224,6,6,http://localhost:8000/getdata?year=2000&month=03&day=31&starttime=17&endtime=19&radar=KABR&id=5635ffbf-806e-406b-a328-c3eb3374f1ff,116,0,1
1646408813862,3747,getdata_request-1,200,OK,gateway_req 1-43,text,true,,297,225,6,6,http://localhost:8000/getdata/?year=2000&month=03&day=31&starttime=17&endtime=19&radar=KABR&id=5635ffbf-806e-406b-a328-c3eb3374f1ff,3747,0,0
1646408817609,6,getimage_request,500,Internal Server Error,gateway_req 1-43,text,false,,746,349,6,6,http://localhost:8000/getimage/?filename=5635ffbf-806e-406b-a328-c3eb3374f1ff.png,4,0,0
1646408817609,4,getimage_request-0,301,Moved Permanently,gateway_req 1-43,text,true,,345,174,6,6,http://localhost:8000/getimage?filename=5635ffbf-806e-406b-a328-c3eb3374f1ff.png,4,0,0
1646408817613,2,getimage_request-1,500,Internal Server Error,gateway_req 1-43,text,false,,401,175,6,6,http://localhost:8000/getimage/?filename=5635ffbf-806e-406b-a328-c3eb3374f1ff.png,2,0,0
1646408814405,3944,getdata_request,200,OK,gateway_req 1-44,text,true,,692,449,6,6,http://localhost:8000/getdata/?year=2000&month=03&day=31&starttime=17&endtime=19&radar=KABR&id=694f185d-7e14-4a0b-9d6a-3bbbcd3c4462,15,0,1
1646408814405,15,getdata_request-0,301,Moved Permanently,gateway_req 1-44,text,true,,395,224,6,6,http://localhost:8000/getdata?year=2000&month=03&day=31&starttime=17&endtime=19&radar=KABR&id=694f185d-7e14-4a0b-9d6a-3bbbcd3c4462,15,0,1
1646408814421,3928,getdata_request-1,200,OK,gateway_req 1-44,text,true,,297,225,6,6,http://localhost:8000/getdata/?year=2000&month=03&day=31&starttime=17&endtime=19&radar=KABR&id=694f185d-7e14-4a0b-9d6a-3bbbcd3c4462,3928,0,0
1646408818350,45,getimage_request,500,Internal Server Error,gateway_req 1-44,text,false,,746,349,6,6,http://localhost:8000/getimage/?filename=694f185d-7e14-4a0b-9d6a-3bbbcd3c4462.png,2,0,0
1646408818350,2,getimage_request-0,301,Moved Permanently,gateway_req 1-44,text,true,,345,174,6,6,http://localhost:8000/getimage?filename=694f185d-7e14-4a0b-9d6a-3bbbcd3c4462.png,2,0,0
1646408818352,43,getimage_request-1,500,Internal Server Error,gateway_req 1-44,text,false,,401,175,6,6,http://localhost:8000/getimage/?filename=694f185d-7e14-4a0b-9d6a-3bbbcd3c4462.png,43,0,0
1646408819076,465,getdata_request,500,Internal Server Error,gateway_req 1-51,text,false,,753,449,7,7,http://localhost:8000/getdata/?year=2000&month=03&day=31&starttime=17&endtime=19&radar=KABR&id=fed99af5-a044-45c3-a8cf-4f3e83fbed14,9,0,1
1646408819076,9,getdata_request-0,301,Moved Permanently,gateway_req 1-51,text,true,,395,224,7,7,http://localhost:8000/getdata?year=2000&month=03&day=31&starttime=17&endtime=19&radar=KABR&id=fed99af5-a044-45c3-a8cf-4f3e83fbed14,9,0,1
1646408819085,456,getdata_request-1,500,Internal Server Error,gateway_req 1-51,text,false,,358,225,7,7,http://localhost:8000/getdata/?year=2000&month=03&day=31&starttime=17&endtime=19&radar=KABR&id=fed99af5-a044-45c3-a8cf-4f3e83fbed14,456,0,0
1646408819542,70,getimage_request,500,Internal Server Error,gateway_req 1-51,text,false,,746,349,7,7,http://localhost:8000/getimage/?filename=fed99af5-a044-45c3-a8cf-4f3e83fbed14.png,7,0,0
1646408819542,7,getimage_request-0,301,Moved Permanently,gateway_req 1-51,text,true,,345,174,7,7,http://localhost:8000/getimage?filename=fed99af5-a044-45c3-a8cf-4f3e83fbed14.png,7,0,0
1646408819549,63,getimage_request-1,500,Internal Server Error,gateway_req 1-51,text,false,,401,175,7,7,http://localhost:8000/getimage/?filename=fed99af5-a044-45c3-a8cf-4f3e83fbed14.png,63,0,0
1646408819747,772,getdata_request,500,Internal Server Error,gateway_req 1-52,text,false,,753,449,8,8,http://localhost:8000/getdata/?year=2000&month=03&day=31&starttime=17&endtime=19&radar=KABR&id=19648efd-dde9-4131-affb-c99167379c4c,42,0,1
1646408819747,42,getdata_request-0,301,Moved Permanently,gateway_req 1-52,text,true,,395,224,8,8,http://localhost:8000/getdata?year=2000&month=03&day=31&starttime=17&endtime=19&radar=KABR&id=19648efd-dde9-4131-affb-c99167379c4c,42,0,1
1646408819789,730,getdata_request-1,500,Internal Server Error,gateway_req 1-52,text,false,,358,225,8,8,http://localhost:8000/getdata/?year=2000&month=03&day=31&starttime=17&endtime=19&radar=KABR&id=19648efd-dde9-4131-affb-c99167379c4c,730,0,0
1646408820521,75,getimage_request,500,Internal Server Error,gateway_req 1-52,text,false,,746,349,8,8,http://localhost:8000/getimage/?filename=19648efd-dde9-4131-affb-c99167379c4c.png,26,0,0
1646408820521,26,getimage_request-0,301,Moved Permanently,gateway_req 1-52,text,true,,345,174,8,8,http://localhost:8000/getimage?filename=19648efd-dde9-4131-affb-c99167379c4c.png,26,0,0
1646408820547,49,getimage_request-1,500,Internal Server Error,gateway_req 1-52,text,false,,401,175,8,8,http://localhost:8000/getimage/?filename=19648efd-dde9-4131-affb-c99167379c4c.png,49,0,0
1646408815076,5970,getdata_request,200,OK,gateway_req 1-45,text,true,,721,449,7,7,http://localhost:8000/getdata/?year=2000&month=03&day=31&starttime=17&endtime=19&radar=KABR&id=f726b879-2549-40a6-be55-eeda6ebeffa1,11,0,2
1646408815076,11,getdata_request-0,301,Moved Permanently,gateway_req 1-45,text,true,,395,224,7,7,http://localhost:8000/getdata?year=2000&month=03&day=31&starttime=17&endtime=19&radar=KABR&id=f726b879-2549-40a6-be55-eeda6ebeffa1,11,0,2
1646408815088,5958,getdata_request-1,200,OK,gateway_req 1-45,text,true,,326,225,7,7,http://localhost:8000/getdata/?year=2000&month=03&day=31&starttime=17&endtime=19&radar=KABR&id=f726b879-2549-40a6-be55-eeda6ebeffa1,5958,0,0
1646408821047,76,getimage_request,200,OK,gateway_req 1-45,bin,true,,302080,349,8,8,http://localhost:8000/getimage/?filename=f726b879-2549-40a6-be55-eeda6ebeffa1.png,4,0,0
1646408821047,4,getimage_request-0,301,Moved Permanently,gateway_req 1-45,text,true,,345,174,8,8,http://localhost:8000/getimage?filename=f726b879-2549-40a6-be55-eeda6ebeffa1.png,4,0,0
1646408821051,72,getimage_request-1,200,OK,gateway_req 1-45,bin,true,,301735,175,8,8,http://localhost:8000/getimage/?filename=f726b879-2549-40a6-be55-eeda6ebeffa1.png,55,0,0
1646408815745,5410,getdata_request,200,OK,gateway_req 1-46,text,true,,692,449,7,7,http://localhost:8000/getdata/?year=2000&month=03&day=31&starttime=17&endtime=19&radar=KABR&id=a8450846-a84b-4d50-9dde-5329add3673a,7,0,2
1646408815745,7,getdata_request-0,301,Moved Permanently,gateway_req 1-46,text,true,,395,224,7,7,http://localhost:8000/getdata?year=2000&month=03&day=31&starttime=17&endtime=19&radar=KABR&id=a8450846-a84b-4d50-9dde-5329add3673a,7,0,2
1646408815752,5403,getdata_request-1,200,OK,gateway_req 1-46,text,true,,297,225,7,7,http://localhost:8000/getdata/?year=2000&month=03&day=31&starttime=17&endtime=19&radar=KABR&id=a8450846-a84b-4d50-9dde-5329add3673a,5403,0,0
1646408821156,77,getimage_request,500,Internal Server Error,gateway_req 1-46,text,false,,746,349,7,7,http://localhost:8000/getimage/?filename=a8450846-a84b-4d50-9dde-5329add3673a.png,19,0,0
1646408821156,19,getimage_request-0,301,Moved Permanently,gateway_req 1-46,text,true,,345,174,7,7,http://localhost:8000/getimage?filename=a8450846-a84b-4d50-9dde-5329add3673a.png,19,0,0
1646408821175,58,getimage_request-1,500,Internal Server Error,gateway_req 1-46,text,false,,401,175,7,7,http://localhost:8000/getimage/?filename=a8450846-a84b-4d50-9dde-5329add3673a.png,58,0,0
1646408817743,3514,getdata_request,200,OK,gateway_req 1-49,text,true,,692,449,6,6,http://localhost:8000/getdata/?year=2000&month=03&day=31&starttime=17&endtime=19&radar=KABR&id=1629d7fc-91f4-4b1d-9d0f-3d55b988aeec,3,0,1
1646408817743,3,getdata_request-0,301,Moved Permanently,gateway_req 1-49,text,true,,395,224,6,6,http://localhost:8000/getdata?year=2000&month=03&day=31&starttime=17&endtime=19&radar=KABR&id=1629d7fc-91f4-4b1d-9d0f-3d55b988aeec,3,0,1
1646408817746,3511,getdata_request-1,200,OK,gateway_req 1-49,text,true,,297,225,6,6,http://localhost:8000/getdata/?year=2000&month=03&day=31&starttime=17&endtime=19&radar=KABR&id=1629d7fc-91f4-4b1d-9d0f-3d55b988aeec,3511,0,0
1646408821258,56,getimage_request,500,Internal Server Error,gateway_req 1-49,text,false,,746,349,6,6,http://localhost:8000/getimage/?filename=1629d7fc-91f4-4b1d-9d0f-3d55b988aeec.png,7,0,0
1646408821258,7,getimage_request-0,301,Moved Permanently,gateway_req 1-49,text,true,,345,174,6,6,http://localhost:8000/getimage?filename=1629d7fc-91f4-4b1d-9d0f-3d55b988aeec.png,7,0,0
1646408821265,49,getimage_request-1,500,Internal Server Error,gateway_req 1-49,text,false,,401,175,6,6,http://localhost:8000/getimage/?filename=1629d7fc-91f4-4b1d-9d0f-3d55b988aeec.png,49,0,0
1646408816412,5026,getdata_request,200,OK,gateway_req 1-47,text,true,,692,449,5,5,http://localhost:8000/getdata/?year=2000&month=03&day=31&starttime=17&endtime=19&radar=KABR&id=e1aceadd-11e1-40d6-90f9-39078e29dcca,9,0,2
1646408816412,9,getdata_request-0,301,Moved Permanently,gateway_req 1-47,text,true,,395,224,5,5,http://localhost:8000/getdata?year=2000&month=03&day=31&starttime=17&endtime=19&radar=KABR&id=e1aceadd-11e1-40d6-90f9-39078e29dcca,9,0,2
1646408816421,5017,getdata_request-1,200,OK,gateway_req 1-47,text,true,,297,225,5,5,http://localhost:8000/getdata/?year=2000&month=03&day=31&starttime=17&endtime=19&radar=KABR&id=e1aceadd-11e1-40d6-90f9-39078e29dcca,5017,0,0
1646408817076,4362,getdata_request,200,OK,gateway_req 1-48,text,true,,692,449,5,5,http://localhost:8000/getdata/?year=2000&month=03&day=31&starttime=17&endtime=19&radar=KABR&id=41aea434-f40a-4c91-bf2f-4346a65a9251,3,0,1
1646408817076,3,getdata_request-0,301,Moved Permanently,gateway_req 1-48,text,true,,395,224,5,5,http://localhost:8000/getdata?year=2000&month=03&day=31&starttime=17&endtime=19&radar=KABR&id=41aea434-f40a-4c91-bf2f-4346a65a9251,3,0,1
1646408817079,4359,getdata_request-1,200,OK,gateway_req 1-48,text,true,,297,225,5,5,http://localhost:8000/getdata/?year=2000&month=03&day=31&starttime=17&endtime=19&radar=KABR&id=41aea434-f40a-4c91-bf2f-4346a65a9251,4359,0,0
1646408818408,3071,getdata_request,200,OK,gateway_req 1-50,text,true,,692,449,5,5,http://localhost:8000/getdata/?year=2000&month=03&day=31&starttime=17&endtime=19&radar=KABR&id=70a71b79-ffd0-4a3b-b236-19048bfdadf2,10,0,1
1646408818408,10,getdata_request-0,301,Moved Permanently,gateway_req 1-50,text,true,,395,224,5,5,http://localhost:8000/getdata?year=2000&month=03&day=31&starttime=17&endtime=19&radar=KABR&id=70a71b79-ffd0-4a3b-b236-19048bfdadf2,10,0,1
1646408818418,3061,getdata_request-1,200,OK,gateway_req 1-50,text,true,,297,225,5,5,http://localhost:8000/getdata/?year=2000&month=03&day=31&starttime=17&endtime=19&radar=KABR&id=70a71b79-ffd0-4a3b-b236-19048bfdadf2,3061,0,0
1646408821480,4,getimage_request,500,Internal Server Error,gateway_req 1-50,text,false,,746,349,5,5,http://localhost:8000/getimage/?filename=70a71b79-ffd0-4a3b-b236-19048bfdadf2.png,2,0,0
1646408821480,2,getimage_request-0,301,Moved Permanently,gateway_req 1-50,text,true,,345,174,5,5,http://localhost:8000/getimage?filename=70a71b79-ffd0-4a3b-b236-19048bfdadf2.png,2,0,0
1646408821482,2,getimage_request-1,500,Internal Server Error,gateway_req 1-50,text,false,,401,175,5,5,http://localhost:8000/getimage/?filename=70a71b79-ffd0-4a3b-b236-19048bfdadf2.png,2,0,0
1646408821439,47,getimage_request,500,Internal Server Error,gateway_req 1-48,text,false,,746,349,4,4,http://localhost:8000/getimage/?filename=41aea434-f40a-4c91-bf2f-4346a65a9251.png,3,0,0
1646408821439,3,getimage_request-0,301,Moved Permanently,gateway_req 1-48,text,true,,345,174,4,4,http://localhost:8000/getimage?filename=41aea434-f40a-4c91-bf2f-4346a65a9251.png,3,0,0
1646408821442,44,getimage_request-1,500,Internal Server Error,gateway_req 1-48,text,false,,401,175,4,4,http://localhost:8000/getimage/?filename=41aea434-f40a-4c91-bf2f-4346a65a9251.png,44,0,0
1646408821439,52,getimage_request,500,Internal Server Error,gateway_req 1-47,text,false,,746,349,3,3,http://localhost:8000/getimage/?filename=e1aceadd-11e1-40d6-90f9-39078e29dcca.png,3,0,0
1646408821439,3,getimage_request-0,301,Moved Permanently,gateway_req 1-47,text,true,,345,174,3,3,http://localhost:8000/getimage?filename=e1aceadd-11e1-40d6-90f9-39078e29dcca.png,3,0,0
1646408821442,49,getimage_request-1,500,Internal Server Error,gateway_req 1-47,text,false,,401,175,3,3,http://localhost:8000/getimage/?filename=e1aceadd-11e1-40d6-90f9-39078e29dcca.png,49,0,0
1646408820407,1420,getdata_request,200,OK,gateway_req 1-53,text,true,,692,449,3,3,http://localhost:8000/getdata/?year=2000&month=03&day=31&starttime=17&endtime=19&radar=KABR&id=8ff62c87-a719-4a0f-a382-08b6d1349645,112,0,1
1646408820407,112,getdata_request-0,301,Moved Permanently,gateway_req 1-53,text,true,,395,224,3,3,http://localhost:8000/getdata?year=2000&month=03&day=31&starttime=17&endtime=19&radar=KABR&id=8ff62c87-a719-4a0f-a382-08b6d1349645,112,0,1
1646408820519,1308,getdata_request-1,200,OK,gateway_req 1-53,text,true,,297,225,3,3,http://localhost:8000/getdata/?year=2000&month=03&day=31&starttime=17&endtime=19&radar=KABR&id=8ff62c87-a719-4a0f-a382-08b6d1349645,1308,0,0
1646408821828,47,getimage_request,500,Internal Server Error,gateway_req 1-53,text,false,,746,349,3,3,http://localhost:8000/getimage/?filename=8ff62c87-a719-4a0f-a382-08b6d1349645.png,2,0,0
1646408821828,2,getimage_request-0,301,Moved Permanently,gateway_req 1-53,text,true,,345,174,3,3,http://localhost:8000/getimage?filename=8ff62c87-a719-4a0f-a382-08b6d1349645.png,2,0,0
1646408821830,45,getimage_request-1,500,Internal Server Error,gateway_req 1-53,text,false,,401,175,3,3,http://localhost:8000/getimage/?filename=8ff62c87-a719-4a0f-a382-08b6d1349645.png,45,0,0
1646408821076,1369,getdata_request,200,OK,gateway_req 1-54,text,true,,692,449,3,3,http://localhost:8000/getdata/?year=2000&month=03&day=31&starttime=17&endtime=19&radar=KABR&id=c46fc45e-a935-4d29-a79a-f567f32c5905,24,0,0
1646408821076,24,getdata_request-0,301,Moved Permanently,gateway_req 1-54,text,true,,395,224,3,3,http://localhost:8000/getdata?year=2000&month=03&day=31&starttime=17&endtime=19&radar=KABR&id=c46fc45e-a935-4d29-a79a-f567f32c5905,24,0,0
1646408821100,1345,getdata_request-1,200,OK,gateway_req 1-54,text,true,,297,225,3,3,http://localhost:8000/getdata/?year=2000&month=03&day=31&starttime=17&endtime=19&radar=KABR&id=c46fc45e-a935-4d29-a79a-f567f32c5905,1345,0,0
1646408822445,4,getimage_request,500,Internal Server Error,gateway_req 1-54,text,false,,746,349,3,3,http://localhost:8000/getimage/?filename=c46fc45e-a935-4d29-a79a-f567f32c5905.png,2,0,0
1646408822445,2,getimage_request-0,301,Moved Permanently,gateway_req 1-54,text,true,,345,174,3,3,http://localhost:8000/getimage?filename=c46fc45e-a935-4d29-a79a-f567f32c5905.png,2,0,0
1646408822447,2,getimage_request-1,500,Internal Server Error,gateway_req 1-54,text,false,,401,175,3,3,http://localhost:8000/getimage/?filename=c46fc45e-a935-4d29-a79a-f567f32c5905.png,2,0,0
1646408821744,1313,getdata_request,200,OK,gateway_req 1-55,text,true,,692,449,2,2,http://localhost:8000/getdata/?year=2000&month=03&day=31&starttime=17&endtime=19&radar=KABR&id=941f3c84-7e15-469d-952d-c4cf631a0e19,7,0,0
1646408821744,7,getdata_request-0,301,Moved Permanently,gateway_req 1-55,text,true,,395,224,2,2,http://localhost:8000/getdata?year=2000&month=03&day=31&starttime=17&endtime=19&radar=KABR&id=941f3c84-7e15-469d-952d-c4cf631a0e19,7,0,0
1646408821752,1305,getdata_request-1,200,OK,gateway_req 1-55,text,true,,297,225,2,2,http://localhost:8000/getdata/?year=2000&month=03&day=31&starttime=17&endtime=19&radar=KABR&id=941f3c84-7e15-469d-952d-c4cf631a0e19,1305,0,0
1646408823058,50,getimage_request,500,Internal Server Error,gateway_req 1-55,text,false,,746,349,3,3,http://localhost:8000/getimage/?filename=941f3c84-7e15-469d-952d-c4cf631a0e19.png,2,0,0
1646408823058,2,getimage_request-0,301,Moved Permanently,gateway_req 1-55,text,true,,345,174,3,3,http://localhost:8000/getimage?filename=941f3c84-7e15-469d-952d-c4cf631a0e19.png,2,0,0
1646408823060,48,getimage_request-1,500,Internal Server Error,gateway_req 1-55,text,false,,401,175,3,3,http://localhost:8000/getimage/?filename=941f3c84-7e15-469d-952d-c4cf631a0e19.png,47,0,0
1646408822412,1254,getdata_request,200,OK,gateway_req 1-56,text,true,,692,449,2,2,http://localhost:8000/getdata/?year=2000&month=03&day=31&starttime=17&endtime=19&radar=KABR&id=bc28b1f2-2faf-4839-b2da-41fd0e43200c,6,0,1
1646408822412,6,getdata_request-0,301,Moved Permanently,gateway_req 1-56,text,true,,395,224,2,2,http://localhost:8000/getdata?year=2000&month=03&day=31&starttime=17&endtime=19&radar=KABR&id=bc28b1f2-2faf-4839-b2da-41fd0e43200c,6,0,1
1646408822418,1248,getdata_request-1,200,OK,gateway_req 1-56,text,true,,297,225,2,2,http://localhost:8000/getdata/?year=2000&month=03&day=31&starttime=17&endtime=19&radar=KABR&id=bc28b1f2-2faf-4839-b2da-41fd0e43200c,1248,0,0
1646408823667,6,getimage_request,500,Internal Server Error,gateway_req 1-56,text,false,,746,349,2,2,http://localhost:8000/getimage/?filename=bc28b1f2-2faf-4839-b2da-41fd0e43200c.png,4,0,0
1646408823667,4,getimage_request-0,301,Moved Permanently,gateway_req 1-56,text,true,,345,174,2,2,http://localhost:8000/getimage?filename=bc28b1f2-2faf-4839-b2da-41fd0e43200c.png,4,0,0
1646408823671,2,getimage_request-1,500,Internal Server Error,gateway_req 1-56,text,false,,401,175,2,2,http://localhost:8000/getimage/?filename=bc28b1f2-2faf-4839-b2da-41fd0e43200c.png,2,0,0
1646408823080,1546,getdata_request,200,OK,gateway_req 1-57,text,true,,692,449,3,3,http://localhost:8000/getdata/?year=2000&month=03&day=31&starttime=17&endtime=19&radar=KABR&id=5591522e-a241-40fc-8b4a-62651e4082d7,3,0,1
1646408823080,3,getdata_request-0,301,Moved Permanently,gateway_req 1-57,text,true,,395,224,3,3,http://localhost:8000/getdata?year=2000&month=03&day=31&starttime=17&endtime=19&radar=KABR&id=5591522e-a241-40fc-8b4a-62651e4082d7,3,0,1
1646408823083,1543,getdata_request-1,200,OK,gateway_req 1-57,text,true,,297,225,3,3,http://localhost:8000/getdata/?year=2000&month=03&day=31&starttime=17&endtime=19&radar=KABR&id=5591522e-a241-40fc-8b4a-62651e4082d7,1543,0,0
1646408824626,49,getimage_request,500,Internal Server Error,gateway_req 1-57,text,false,,746,349,3,3,http://localhost:8000/getimage/?filename=5591522e-a241-40fc-8b4a-62651e4082d7.png,2,0,0
1646408824626,2,getimage_request-0,301,Moved Permanently,gateway_req 1-57,text,true,,345,174,3,3,http://localhost:8000/getimage?filename=5591522e-a241-40fc-8b4a-62651e4082d7.png,2,0,0
1646408824628,47,getimage_request-1,500,Internal Server Error,gateway_req 1-57,text,false,,401,175,3,3,http://localhost:8000/getimage/?filename=5591522e-a241-40fc-8b4a-62651e4082d7.png,47,0,0
1646408824412,1088,getdata_request,200,OK,gateway_req 1-59,text,true,,692,449,3,3,http://localhost:8000/getdata/?year=2000&month=03&day=31&starttime=17&endtime=19&radar=KABR&id=601a269a-0f73-403b-88b0-b14b1ba0b083,53,0,1
1646408824412,53,getdata_request-0,301,Moved Permanently,gateway_req 1-59,text,true,,395,224,3,3,http://localhost:8000/getdata?year=2000&month=03&day=31&starttime=17&endtime=19&radar=KABR&id=601a269a-0f73-403b-88b0-b14b1ba0b083,53,0,1
1646408824465,1035,getdata_request-1,200,OK,gateway_req 1-59,text,true,,297,225,3,3,http://localhost:8000/getdata/?year=2000&month=03&day=31&starttime=17&endtime=19&radar=KABR&id=601a269a-0f73-403b-88b0-b14b1ba0b083,1034,0,0
1646408823747,1790,getdata_request,200,OK,gateway_req 1-58,text,true,,692,449,3,3,http://localhost:8000/getdata/?year=2000&month=03&day=31&starttime=17&endtime=19&radar=KABR&id=e490cbdd-ab0f-4d6b-b643-ef7520113efc,2,0,1
1646408823747,2,getdata_request-0,301,Moved Permanently,gateway_req 1-58,text,true,,395,224,3,3,http://localhost:8000/getdata?year=2000&month=03&day=31&starttime=17&endtime=19&radar=KABR&id=e490cbdd-ab0f-4d6b-b643-ef7520113efc,2,0,1
1646408823750,1787,getdata_request-1,200,OK,gateway_req 1-58,text,true,,297,225,3,3,http://localhost:8000/getdata/?year=2000&month=03&day=31&starttime=17&endtime=19&radar=KABR&id=e490cbdd-ab0f-4d6b-b643-ef7520113efc,1786,0,0
1646408825537,4,getimage_request,500,Internal Server Error,gateway_req 1-58,text,false,,746,349,3,3,http://localhost:8000/getimage/?filename=e490cbdd-ab0f-4d6b-b643-ef7520113efc.png,2,0,0
1646408825537,2,getimage_request-0,301,Moved Permanently,gateway_req 1-58,text,true,,345,174,3,3,http://localhost:8000/getimage?filename=e490cbdd-ab0f-4d6b-b643-ef7520113efc.png,2,0,0
1646408825539,2,getimage_request-1,500,Internal Server Error,gateway_req 1-58,text,false,,401,175,3,3,http://localhost:8000/getimage/?filename=e490cbdd-ab0f-4d6b-b643-ef7520113efc.png,2,0,0
1646408825500,47,getimage_request,500,Internal Server Error,gateway_req 1-59,text,false,,746,349,2,2,http://localhost:8000/getimage/?filename=601a269a-0f73-403b-88b0-b14b1ba0b083.png,3,0,0
1646408825500,3,getimage_request-0,301,Moved Permanently,gateway_req 1-59,text,true,,345,174,2,2,http://localhost:8000/getimage?filename=601a269a-0f73-403b-88b0-b14b1ba0b083.png,3,0,0
1646408825503,44,getimage_request-1,500,Internal Server Error,gateway_req 1-59,text,false,,401,175,2,2,http://localhost:8000/getimage/?filename=601a269a-0f73-403b-88b0-b14b1ba0b083.png,44,0,0
1646408825082,2817,getdata_request,200,OK,gateway_req 1-60,text,true,,721,449,1,1,http://localhost:8000/getdata/?year=2000&month=03&day=31&starttime=17&endtime=19&radar=KABR&id=57a402af-3866-446f-85f7-ef3c41291fd4,8,0,1
1646408825082,8,getdata_request-0,301,Moved Permanently,gateway_req 1-60,text,true,,395,224,1,1,http://localhost:8000/getdata?year=2000&month=03&day=31&starttime=17&endtime=19&radar=KABR&id=57a402af-3866-446f-85f7-ef3c41291fd4,8,0,1
1646408825090,2809,getdata_request-1,200,OK,gateway_req 1-60,text,true,,326,225,1,1,http://localhost:8000/getdata/?year=2000&month=03&day=31&starttime=17&endtime=19&radar=KABR&id=57a402af-3866-446f-85f7-ef3c41291fd4,2809,0,0
1646408827899,14,getimage_request,200,OK,gateway_req 1-60,bin,true,,302080,349,1,1,http://localhost:8000/getimage/?filename=57a402af-3866-446f-85f7-ef3c41291fd4.png,3,0,0
1646408827899,3,getimage_request-0,301,Moved Permanently,gateway_req 1-60,text,true,,345,174,1,1,http://localhost:8000/getimage?filename=57a402af-3866-446f-85f7-ef3c41291fd4.png,3,0,0
1646408827902,11,getimage_request-1,200,OK,gateway_req 1-60,bin,true,,301735,175,1,1,http://localhost:8000/getimage/?filename=57a402af-3866-446f-85f7-ef3c41291fd4.png,3,0,0
