timeStamp,elapsed,label,responseCode,responseMessage,threadName,dataType,success,failureMessage,bytes,sentBytes,grpThreads,allThreads,URL,Latency,IdleTime,Connect
1646407776535,3705,getdata_request,200,OK,gateway_req 1-1,text,true,,692,449,4,4,http://localhost:8000/getdata/?year=2000&month=03&day=31&starttime=17&endtime=19&radar=KABR&id=1665c5d4-f87d-4fa7-b79f-a82ddb4f3b0d,22,0,10
1646407776535,24,getdata_request-0,301,Moved Permanently,gateway_req 1-1,text,true,,395,224,4,4,http://localhost:8000/getdata?year=2000&month=03&day=31&starttime=17&endtime=19&radar=KABR&id=1665c5d4-f87d-4fa7-b79f-a82ddb4f3b0d,22,0,10
1646407776559,3681,getdata_request-1,200,OK,gateway_req 1-1,text,true,,297,225,4,4,http://localhost:8000/getdata/?year=2000&month=03&day=31&starttime=17&endtime=19&radar=KABR&id=1665c5d4-f87d-4fa7-b79f-a82ddb4f3b0d,3681,0,0
1646407780242,6,getimage_request,500,Internal Server Error,gateway_req 1-1,text,false,,746,349,4,4,http://localhost:8000/getimage/?filename=1665c5d4-f87d-4fa7-b79f-a82ddb4f3b0d.png,2,0,0
1646407780242,2,getimage_request-0,301,Moved Permanently,gateway_req 1-1,text,true,,345,174,4,4,http://localhost:8000/getimage?filename=1665c5d4-f87d-4fa7-b79f-a82ddb4f3b0d.png,2,0,0
1646407780244,4,getimage_request-1,500,Internal Server Error,gateway_req 1-1,text,false,,401,175,4,4,http://localhost:8000/getimage/?filename=1665c5d4-f87d-4fa7-b79f-a82ddb4f3b0d.png,4,0,0
1646407777494,3537,getdata_request,200,OK,gateway_req 1-2,text,true,,692,449,4,4,http://localhost:8000/getdata/?year=2000&month=03&day=31&starttime=17&endtime=19&radar=KABR&id=c451e354-453e-4b06-b6c0-807f5d522834,4,0,2
1646407777494,4,getdata_request-0,301,Moved Permanently,gateway_req 1-2,text,true,,395,224,4,4,http://localhost:8000/getdata?year=2000&month=03&day=31&starttime=17&endtime=19&radar=KABR&id=c451e354-453e-4b06-b6c0-807f5d522834,4,0,2
1646407777499,3532,getdata_request-1,200,OK,gateway_req 1-2,text,true,,297,225,4,4,http://localhost:8000/getdata/?year=2000&month=03&day=31&starttime=17&endtime=19&radar=KABR&id=c451e354-453e-4b06-b6c0-807f5d522834,3532,0,0
1646407781032,5,getimage_request,500,Internal Server Error,gateway_req 1-2,text,false,,746,349,4,4,http://localhost:8000/getimage/?filename=c451e354-453e-4b06-b6c0-807f5d522834.png,2,0,0
1646407781032,2,getimage_request-0,301,Moved Permanently,gateway_req 1-2,text,true,,345,174,4,4,http://localhost:8000/getimage?filename=c451e354-453e-4b06-b6c0-807f5d522834.png,2,0,0
1646407781034,3,getimage_request-1,500,Internal Server Error,gateway_req 1-2,text,false,,401,175,4,4,http://localhost:8000/getimage/?filename=c451e354-453e-4b06-b6c0-807f5d522834.png,2,0,0
1646407778493,3477,getdata_request,200,OK,gateway_req 1-3,text,true,,692,449,4,4,http://localhost:8000/getdata/?year=2000&month=03&day=31&starttime=17&endtime=19&radar=KABR&id=1648c43a-9bac-4847-bf3c-63b275f0e4d3,4,0,1
1646407778493,4,getdata_request-0,301,Moved Permanently,gateway_req 1-3,text,true,,395,224,4,4,http://localhost:8000/getdata?year=2000&month=03&day=31&starttime=17&endtime=19&radar=KABR&id=1648c43a-9bac-4847-bf3c-63b275f0e4d3,4,0,1
1646407778497,3473,getdata_request-1,200,OK,gateway_req 1-3,text,true,,297,225,4,4,http://localhost:8000/getdata/?year=2000&month=03&day=31&starttime=17&endtime=19&radar=KABR&id=1648c43a-9bac-4847-bf3c-63b275f0e4d3,3473,0,0
1646407781970,5,getimage_request,500,Internal Server Error,gateway_req 1-3,text,false,,746,349,4,4,http://localhost:8000/getimage/?filename=1648c43a-9bac-4847-bf3c-63b275f0e4d3.png,2,0,0
1646407781970,2,getimage_request-0,301,Moved Permanently,gateway_req 1-3,text,true,,345,174,4,4,http://localhost:8000/getimage?filename=1648c43a-9bac-4847-bf3c-63b275f0e4d3.png,2,0,0
1646407781973,2,getimage_request-1,500,Internal Server Error,gateway_req 1-3,text,false,,401,175,4,4,http://localhost:8000/getimage/?filename=1648c43a-9bac-4847-bf3c-63b275f0e4d3.png,2,0,0
1646407779489,3617,getdata_request,200,OK,gateway_req 1-4,text,true,,692,449,4,4,http://localhost:8000/getdata/?year=2000&month=03&day=31&starttime=17&endtime=19&radar=KABR&id=1cb6f912-fab4-44f8-9396-63a53150daca,31,0,1
1646407779489,31,getdata_request-0,301,Moved Permanently,gateway_req 1-4,text,true,,395,224,4,4,http://localhost:8000/getdata?year=2000&month=03&day=31&starttime=17&endtime=19&radar=KABR&id=1cb6f912-fab4-44f8-9396-63a53150daca,31,0,1
1646407779520,3586,getdata_request-1,200,OK,gateway_req 1-4,text,true,,297,225,4,4,http://localhost:8000/getdata/?year=2000&month=03&day=31&starttime=17&endtime=19&radar=KABR&id=1cb6f912-fab4-44f8-9396-63a53150daca,3586,0,0
1646407783105,56,getimage_request,500,Internal Server Error,gateway_req 1-4,text,false,,746,349,4,4,http://localhost:8000/getimage/?filename=1cb6f912-fab4-44f8-9396-63a53150daca.png,8,0,0
1646407783105,8,getimage_request-0,301,Moved Permanently,gateway_req 1-4,text,true,,345,174,4,4,http://localhost:8000/getimage?filename=1cb6f912-fab4-44f8-9396-63a53150daca.png,8,0,0
1646407783113,48,getimage_request-1,500,Internal Server Error,gateway_req 1-4,text,false,,401,175,4,4,http://localhost:8000/getimage/?filename=1cb6f912-fab4-44f8-9396-63a53150daca.png,47,0,0
1646407781493,2866,getdata_request,200,OK,gateway_req 1-6,text,true,,692,449,4,4,http://localhost:8000/getdata/?year=2000&month=03&day=31&starttime=17&endtime=19&radar=KABR&id=174641ac-f2d4-49b9-8302-8f1d18ba55e8,8,0,1
1646407781493,8,getdata_request-0,301,Moved Permanently,gateway_req 1-6,text,true,,395,224,4,4,http://localhost:8000/getdata?year=2000&month=03&day=31&starttime=17&endtime=19&radar=KABR&id=174641ac-f2d4-49b9-8302-8f1d18ba55e8,8,0,1
1646407781501,2858,getdata_request-1,200,OK,gateway_req 1-6,text,true,,297,225,4,4,http://localhost:8000/getdata/?year=2000&month=03&day=31&starttime=17&endtime=19&radar=KABR&id=174641ac-f2d4-49b9-8302-8f1d18ba55e8,2858,0,0
1646407784359,51,getimage_request,500,Internal Server Error,gateway_req 1-6,text,false,,746,349,4,4,http://localhost:8000/getimage/?filename=174641ac-f2d4-49b9-8302-8f1d18ba55e8.png,3,0,0
1646407784359,3,getimage_request-0,301,Moved Permanently,gateway_req 1-6,text,true,,345,174,4,4,http://localhost:8000/getimage?filename=174641ac-f2d4-49b9-8302-8f1d18ba55e8.png,3,0,0
1646407784364,46,getimage_request-1,500,Internal Server Error,gateway_req 1-6,text,false,,401,175,4,4,http://localhost:8000/getimage/?filename=174641ac-f2d4-49b9-8302-8f1d18ba55e8.png,46,0,0
1646407780491,3952,getdata_request,200,OK,gateway_req 1-5,text,true,,692,449,3,3,http://localhost:8000/getdata/?year=2000&month=03&day=31&starttime=17&endtime=19&radar=KABR&id=23dcbdf2-bede-4954-825a-89740df30b6f,6,0,2
1646407780491,6,getdata_request-0,301,Moved Permanently,gateway_req 1-5,text,true,,395,224,3,3,http://localhost:8000/getdata?year=2000&month=03&day=31&starttime=17&endtime=19&radar=KABR&id=23dcbdf2-bede-4954-825a-89740df30b6f,6,0,2
1646407780497,3946,getdata_request-1,200,OK,gateway_req 1-5,text,true,,297,225,3,3,http://localhost:8000/getdata/?year=2000&month=03&day=31&starttime=17&endtime=19&radar=KABR&id=23dcbdf2-bede-4954-825a-89740df30b6f,3946,0,0
1646407782489,1971,getdata_request,200,OK,gateway_req 1-7,text,true,,692,449,3,3,http://localhost:8000/getdata/?year=2000&month=03&day=31&starttime=17&endtime=19&radar=KABR&id=0e2f1b71-a536-4a18-bc3b-153fccd797ba,3,0,1
1646407782489,3,getdata_request-0,301,Moved Permanently,gateway_req 1-7,text,true,,395,224,3,3,http://localhost:8000/getdata?year=2000&month=03&day=31&starttime=17&endtime=19&radar=KABR&id=0e2f1b71-a536-4a18-bc3b-153fccd797ba,3,0,1
1646407782493,1967,getdata_request-1,200,OK,gateway_req 1-7,text,true,,297,225,3,3,http://localhost:8000/getdata/?year=2000&month=03&day=31&starttime=17&endtime=19&radar=KABR&id=0e2f1b71-a536-4a18-bc3b-153fccd797ba,1967,0,0
1646407784461,4,getimage_request,500,Internal Server Error,gateway_req 1-7,text,false,,746,349,3,3,http://localhost:8000/getimage/?filename=0e2f1b71-a536-4a18-bc3b-153fccd797ba.png,1,0,0
1646407784461,1,getimage_request-0,301,Moved Permanently,gateway_req 1-7,text,true,,345,174,3,3,http://localhost:8000/getimage?filename=0e2f1b71-a536-4a18-bc3b-153fccd797ba.png,1,0,0
1646407784462,3,getimage_request-1,500,Internal Server Error,gateway_req 1-7,text,false,,401,175,3,3,http://localhost:8000/getimage/?filename=0e2f1b71-a536-4a18-bc3b-153fccd797ba.png,3,0,0
1646407784442,53,getimage_request,500,Internal Server Error,gateway_req 1-5,text,false,,746,349,3,3,http://localhost:8000/getimage/?filename=23dcbdf2-bede-4954-825a-89740df30b6f.png,3,0,0
1646407784442,3,getimage_request-0,301,Moved Permanently,gateway_req 1-5,text,true,,345,174,3,3,http://localhost:8000/getimage?filename=23dcbdf2-bede-4954-825a-89740df30b6f.png,3,0,0
1646407784445,50,getimage_request-1,500,Internal Server Error,gateway_req 1-5,text,false,,401,175,3,3,http://localhost:8000/getimage/?filename=23dcbdf2-bede-4954-825a-89740df30b6f.png,50,0,0
1646407783489,1472,getdata_request,200,OK,gateway_req 1-8,text,true,,692,449,2,2,http://localhost:8000/getdata/?year=2000&month=03&day=31&starttime=17&endtime=19&radar=KABR&id=36447860-76ef-41f2-83a2-220d7b776c3d,7,0,1
1646407783489,7,getdata_request-0,301,Moved Permanently,gateway_req 1-8,text,true,,395,224,2,2,http://localhost:8000/getdata?year=2000&month=03&day=31&starttime=17&endtime=19&radar=KABR&id=36447860-76ef-41f2-83a2-220d7b776c3d,7,0,1
1646407783496,1465,getdata_request-1,200,OK,gateway_req 1-8,text,true,,297,225,2,2,http://localhost:8000/getdata/?year=2000&month=03&day=31&starttime=17&endtime=19&radar=KABR&id=36447860-76ef-41f2-83a2-220d7b776c3d,1465,0,0
1646407784962,6,getimage_request,500,Internal Server Error,gateway_req 1-8,text,false,,746,349,2,2,http://localhost:8000/getimage/?filename=36447860-76ef-41f2-83a2-220d7b776c3d.png,3,0,0
1646407784962,3,getimage_request-0,301,Moved Permanently,gateway_req 1-8,text,true,,345,174,2,2,http://localhost:8000/getimage?filename=36447860-76ef-41f2-83a2-220d7b776c3d.png,3,0,0
1646407784965,3,getimage_request-1,500,Internal Server Error,gateway_req 1-8,text,false,,401,175,2,2,http://localhost:8000/getimage/?filename=36447860-76ef-41f2-83a2-220d7b776c3d.png,2,0,0
1646407784490,1467,getdata_request,200,OK,gateway_req 1-9,text,true,,692,449,2,2,http://localhost:8000/getdata/?year=2000&month=03&day=31&starttime=17&endtime=19&radar=KABR&id=21035910-d38e-4038-a31f-47c6b53ffe3d,3,0,0
1646407784490,3,getdata_request-0,301,Moved Permanently,gateway_req 1-9,text,true,,395,224,2,2,http://localhost:8000/getdata?year=2000&month=03&day=31&starttime=17&endtime=19&radar=KABR&id=21035910-d38e-4038-a31f-47c6b53ffe3d,3,0,0
1646407784493,1464,getdata_request-1,200,OK,gateway_req 1-9,text,true,,297,225,2,2,http://localhost:8000/getdata/?year=2000&month=03&day=31&starttime=17&endtime=19&radar=KABR&id=21035910-d38e-4038-a31f-47c6b53ffe3d,1464,0,0
1646407785958,45,getimage_request,500,Internal Server Error,gateway_req 1-9,text,false,,746,349,2,2,http://localhost:8000/getimage/?filename=21035910-d38e-4038-a31f-47c6b53ffe3d.png,2,0,0
1646407785958,2,getimage_request-0,301,Moved Permanently,gateway_req 1-9,text,true,,345,174,2,2,http://localhost:8000/getimage?filename=21035910-d38e-4038-a31f-47c6b53ffe3d.png,2,0,0
1646407785960,43,getimage_request-1,500,Internal Server Error,gateway_req 1-9,text,false,,401,175,2,2,http://localhost:8000/getimage/?filename=21035910-d38e-4038-a31f-47c6b53ffe3d.png,43,0,0
1646407785488,1531,getdata_request,200,OK,gateway_req 1-10,text,true,,692,449,2,2,http://localhost:8000/getdata/?year=2000&month=03&day=31&starttime=17&endtime=19&radar=KABR&id=9599b0bf-c21f-41a9-970a-ce308e2f8064,13,0,2
1646407785488,13,getdata_request-0,301,Moved Permanently,gateway_req 1-10,text,true,,395,224,2,2,http://localhost:8000/getdata?year=2000&month=03&day=31&starttime=17&endtime=19&radar=KABR&id=9599b0bf-c21f-41a9-970a-ce308e2f8064,13,0,2
1646407785501,1518,getdata_request-1,200,OK,gateway_req 1-10,text,true,,297,225,2,2,http://localhost:8000/getdata/?year=2000&month=03&day=31&starttime=17&endtime=19&radar=KABR&id=9599b0bf-c21f-41a9-970a-ce308e2f8064,1518,0,0
1646407787021,45,getimage_request,500,Internal Server Error,gateway_req 1-10,text,false,,746,349,2,2,http://localhost:8000/getimage/?filename=9599b0bf-c21f-41a9-970a-ce308e2f8064.png,2,0,0
1646407787021,2,getimage_request-0,301,Moved Permanently,gateway_req 1-10,text,true,,345,174,2,2,http://localhost:8000/getimage?filename=9599b0bf-c21f-41a9-970a-ce308e2f8064.png,2,0,0
1646407787024,42,getimage_request-1,500,Internal Server Error,gateway_req 1-10,text,false,,401,175,2,2,http://localhost:8000/getimage/?filename=9599b0bf-c21f-41a9-970a-ce308e2f8064.png,42,0,0
1646407786488,1495,getdata_request,200,OK,gateway_req 1-11,text,true,,692,449,2,2,http://localhost:8000/getdata/?year=2000&month=03&day=31&starttime=17&endtime=19&radar=KABR&id=0b328a65-c251-42c9-bf3e-94453ff09ada,16,0,2
1646407786488,16,getdata_request-0,301,Moved Permanently,gateway_req 1-11,text,true,,395,224,2,2,http://localhost:8000/getdata?year=2000&month=03&day=31&starttime=17&endtime=19&radar=KABR&id=0b328a65-c251-42c9-bf3e-94453ff09ada,16,0,2
1646407786504,1479,getdata_request-1,200,OK,gateway_req 1-11,text,true,,297,225,2,2,http://localhost:8000/getdata/?year=2000&month=03&day=31&starttime=17&endtime=19&radar=KABR&id=0b328a65-c251-42c9-bf3e-94453ff09ada,1479,0,0
1646407787983,5,getimage_request,500,Internal Server Error,gateway_req 1-11,text,false,,746,349,2,2,http://localhost:8000/getimage/?filename=0b328a65-c251-42c9-bf3e-94453ff09ada.png,2,0,0
1646407787983,2,getimage_request-0,301,Moved Permanently,gateway_req 1-11,text,true,,345,174,2,2,http://localhost:8000/getimage?filename=0b328a65-c251-42c9-bf3e-94453ff09ada.png,2,0,0
1646407787986,2,getimage_request-1,500,Internal Server Error,gateway_req 1-11,text,false,,401,175,2,2,http://localhost:8000/getimage/?filename=0b328a65-c251-42c9-bf3e-94453ff09ada.png,2,0,0
1646407787489,1449,getdata_request,200,OK,gateway_req 1-12,text,true,,692,449,2,2,http://localhost:8000/getdata/?year=2000&month=03&day=31&starttime=17&endtime=19&radar=KABR&id=03bb3df9-0eb8-4556-8e45-77db31afa423,8,0,2
1646407787489,8,getdata_request-0,301,Moved Permanently,gateway_req 1-12,text,true,,395,224,2,2,http://localhost:8000/getdata?year=2000&month=03&day=31&starttime=17&endtime=19&radar=KABR&id=03bb3df9-0eb8-4556-8e45-77db31afa423,8,0,2
1646407787497,1441,getdata_request-1,200,OK,gateway_req 1-12,text,true,,297,225,2,2,http://localhost:8000/getdata/?year=2000&month=03&day=31&starttime=17&endtime=19&radar=KABR&id=03bb3df9-0eb8-4556-8e45-77db31afa423,1441,0,0
1646407788938,4,getimage_request,500,Internal Server Error,gateway_req 1-12,text,false,,746,349,2,2,http://localhost:8000/getimage/?filename=03bb3df9-0eb8-4556-8e45-77db31afa423.png,2,0,0
1646407788938,2,getimage_request-0,301,Moved Permanently,gateway_req 1-12,text,true,,345,174,2,2,http://localhost:8000/getimage?filename=03bb3df9-0eb8-4556-8e45-77db31afa423.png,2,0,0
1646407788940,2,getimage_request-1,500,Internal Server Error,gateway_req 1-12,text,false,,401,175,2,2,http://localhost:8000/getimage/?filename=03bb3df9-0eb8-4556-8e45-77db31afa423.png,2,0,0
1646407788487,1684,getdata_request,200,OK,gateway_req 1-13,text,true,,692,449,2,2,http://localhost:8000/getdata/?year=2000&month=03&day=31&starttime=17&endtime=19&radar=KABR&id=bb156868-d104-4231-93c5-b064a4915631,12,0,2
1646407788487,12,getdata_request-0,301,Moved Permanently,gateway_req 1-13,text,true,,395,224,2,2,http://localhost:8000/getdata?year=2000&month=03&day=31&starttime=17&endtime=19&radar=KABR&id=bb156868-d104-4231-93c5-b064a4915631,12,0,2
1646407788500,1671,getdata_request-1,200,OK,gateway_req 1-13,text,true,,297,225,2,2,http://localhost:8000/getdata/?year=2000&month=03&day=31&starttime=17&endtime=19&radar=KABR&id=bb156868-d104-4231-93c5-b064a4915631,1671,0,0
1646407790171,48,getimage_request,500,Internal Server Error,gateway_req 1-13,text,false,,746,349,2,2,http://localhost:8000/getimage/?filename=bb156868-d104-4231-93c5-b064a4915631.png,3,0,0
1646407790171,3,getimage_request-0,301,Moved Permanently,gateway_req 1-13,text,true,,345,174,2,2,http://localhost:8000/getimage?filename=bb156868-d104-4231-93c5-b064a4915631.png,3,0,0
1646407790174,45,getimage_request-1,500,Internal Server Error,gateway_req 1-13,text,false,,401,175,2,2,http://localhost:8000/getimage/?filename=bb156868-d104-4231-93c5-b064a4915631.png,45,0,0
1646407789490,1726,getdata_request,200,OK,gateway_req 1-14,text,true,,692,449,2,2,http://localhost:8000/getdata/?year=2000&month=03&day=31&starttime=17&endtime=19&radar=KABR&id=6fc9ee6b-fad1-45e2-ae2c-0f5295800679,12,0,1
1646407789490,12,getdata_request-0,301,Moved Permanently,gateway_req 1-14,text,true,,395,224,2,2,http://localhost:8000/getdata?year=2000&month=03&day=31&starttime=17&endtime=19&radar=KABR&id=6fc9ee6b-fad1-45e2-ae2c-0f5295800679,12,0,1
1646407789502,1714,getdata_request-1,200,OK,gateway_req 1-14,text,true,,297,225,2,2,http://localhost:8000/getdata/?year=2000&month=03&day=31&starttime=17&endtime=19&radar=KABR&id=6fc9ee6b-fad1-45e2-ae2c-0f5295800679,1714,0,0
1646407791217,48,getimage_request,500,Internal Server Error,gateway_req 1-14,text,false,,746,349,2,2,http://localhost:8000/getimage/?filename=6fc9ee6b-fad1-45e2-ae2c-0f5295800679.png,5,0,0
1646407791217,5,getimage_request-0,301,Moved Permanently,gateway_req 1-14,text,true,,345,174,2,2,http://localhost:8000/getimage?filename=6fc9ee6b-fad1-45e2-ae2c-0f5295800679.png,5,0,0
1646407791222,43,getimage_request-1,500,Internal Server Error,gateway_req 1-14,text,false,,401,175,2,2,http://localhost:8000/getimage/?filename=6fc9ee6b-fad1-45e2-ae2c-0f5295800679.png,43,0,0
1646407790490,1597,getdata_request,200,OK,gateway_req 1-15,text,true,,692,449,2,2,http://localhost:8000/getdata/?year=2000&month=03&day=31&starttime=17&endtime=19&radar=KABR&id=0ebd8164-0361-4ff3-be60-75e41ac910ae,11,0,1
1646407790490,11,getdata_request-0,301,Moved Permanently,gateway_req 1-15,text,true,,395,224,2,2,http://localhost:8000/getdata?year=2000&month=03&day=31&starttime=17&endtime=19&radar=KABR&id=0ebd8164-0361-4ff3-be60-75e41ac910ae,11,0,1
1646407790502,1585,getdata_request-1,200,OK,gateway_req 1-15,text,true,,297,225,2,2,http://localhost:8000/getdata/?year=2000&month=03&day=31&starttime=17&endtime=19&radar=KABR&id=0ebd8164-0361-4ff3-be60-75e41ac910ae,1585,0,0
1646407792089,51,getimage_request,500,Internal Server Error,gateway_req 1-15,text,false,,746,349,2,2,http://localhost:8000/getimage/?filename=0ebd8164-0361-4ff3-be60-75e41ac910ae.png,3,0,0
1646407792089,3,getimage_request-0,301,Moved Permanently,gateway_req 1-15,text,true,,345,174,2,2,http://localhost:8000/getimage?filename=0ebd8164-0361-4ff3-be60-75e41ac910ae.png,3,0,0
1646407792093,47,getimage_request-1,500,Internal Server Error,gateway_req 1-15,text,false,,401,175,2,2,http://localhost:8000/getimage/?filename=0ebd8164-0361-4ff3-be60-75e41ac910ae.png,47,0,0
1646407791489,1705,getdata_request,200,OK,gateway_req 1-16,text,true,,692,449,2,2,http://localhost:8000/getdata/?year=2000&month=03&day=31&starttime=17&endtime=19&radar=KABR&id=4152ebd7-39fd-4858-a321-4d824f481625,6,0,0
1646407791489,6,getdata_request-0,301,Moved Permanently,gateway_req 1-16,text,true,,395,224,2,2,http://localhost:8000/getdata?year=2000&month=03&day=31&starttime=17&endtime=19&radar=KABR&id=4152ebd7-39fd-4858-a321-4d824f481625,6,0,0
1646407791496,1698,getdata_request-1,200,OK,gateway_req 1-16,text,true,,297,225,2,2,http://localhost:8000/getdata/?year=2000&month=03&day=31&starttime=17&endtime=19&radar=KABR&id=4152ebd7-39fd-4858-a321-4d824f481625,1698,0,0
1646407793196,50,getimage_request,500,Internal Server Error,gateway_req 1-16,text,false,,746,349,2,2,http://localhost:8000/getimage/?filename=4152ebd7-39fd-4858-a321-4d824f481625.png,2,0,0
1646407793196,2,getimage_request-0,301,Moved Permanently,gateway_req 1-16,text,true,,345,174,2,2,http://localhost:8000/getimage?filename=4152ebd7-39fd-4858-a321-4d824f481625.png,2,0,0
1646407793198,48,getimage_request-1,500,Internal Server Error,gateway_req 1-16,text,false,,401,175,2,2,http://localhost:8000/getimage/?filename=4152ebd7-39fd-4858-a321-4d824f481625.png,48,0,0
1646407792492,1544,getdata_request,200,OK,gateway_req 1-17,text,true,,692,449,2,2,http://localhost:8000/getdata/?year=2000&month=03&day=31&starttime=17&endtime=19&radar=KABR&id=ec64f7c6-9112-4daf-ae68-513120df6538,13,0,1
1646407792492,13,getdata_request-0,301,Moved Permanently,gateway_req 1-17,text,true,,395,224,2,2,http://localhost:8000/getdata?year=2000&month=03&day=31&starttime=17&endtime=19&radar=KABR&id=ec64f7c6-9112-4daf-ae68-513120df6538,13,0,1
1646407792505,1531,getdata_request-1,200,OK,gateway_req 1-17,text,true,,297,225,2,2,http://localhost:8000/getdata/?year=2000&month=03&day=31&starttime=17&endtime=19&radar=KABR&id=ec64f7c6-9112-4daf-ae68-513120df6538,1531,0,0
1646407794037,44,getimage_request,500,Internal Server Error,gateway_req 1-17,text,false,,746,349,2,2,http://localhost:8000/getimage/?filename=ec64f7c6-9112-4daf-ae68-513120df6538.png,1,0,0
1646407794037,1,getimage_request-0,301,Moved Permanently,gateway_req 1-17,text,true,,345,174,2,2,http://localhost:8000/getimage?filename=ec64f7c6-9112-4daf-ae68-513120df6538.png,1,0,0
1646407794039,42,getimage_request-1,500,Internal Server Error,gateway_req 1-17,text,false,,401,175,2,2,http://localhost:8000/getimage/?filename=ec64f7c6-9112-4daf-ae68-513120df6538.png,41,0,0
1646407793488,1671,getdata_request,200,OK,gateway_req 1-18,text,true,,692,449,2,2,http://localhost:8000/getdata/?year=2000&month=03&day=31&starttime=17&endtime=19&radar=KABR&id=060d0a5a-5f08-419b-8dad-6f9e9da6e73b,11,0,1
1646407793488,11,getdata_request-0,301,Moved Permanently,gateway_req 1-18,text,true,,395,224,2,2,http://localhost:8000/getdata?year=2000&month=03&day=31&starttime=17&endtime=19&radar=KABR&id=060d0a5a-5f08-419b-8dad-6f9e9da6e73b,11,0,1
1646407793499,1660,getdata_request-1,200,OK,gateway_req 1-18,text,true,,297,225,2,2,http://localhost:8000/getdata/?year=2000&month=03&day=31&starttime=17&endtime=19&radar=KABR&id=060d0a5a-5f08-419b-8dad-6f9e9da6e73b,1660,0,0
1646407795160,49,getimage_request,500,Internal Server Error,gateway_req 1-18,text,false,,746,349,2,2,http://localhost:8000/getimage/?filename=060d0a5a-5f08-419b-8dad-6f9e9da6e73b.png,2,0,0
1646407795160,2,getimage_request-0,301,Moved Permanently,gateway_req 1-18,text,true,,345,174,2,2,http://localhost:8000/getimage?filename=060d0a5a-5f08-419b-8dad-6f9e9da6e73b.png,2,0,0
1646407795162,47,getimage_request-1,500,Internal Server Error,gateway_req 1-18,text,false,,401,175,2,2,http://localhost:8000/getimage/?filename=060d0a5a-5f08-419b-8dad-6f9e9da6e73b.png,47,0,0
1646407794487,1662,getdata_request,200,OK,gateway_req 1-19,text,true,,692,449,2,2,http://localhost:8000/getdata/?year=2000&month=03&day=31&starttime=17&endtime=19&radar=KABR&id=7a87153a-1186-4279-b064-878c872a4a56,9,0,1
1646407794487,9,getdata_request-0,301,Moved Permanently,gateway_req 1-19,text,true,,395,224,2,2,http://localhost:8000/getdata?year=2000&month=03&day=31&starttime=17&endtime=19&radar=KABR&id=7a87153a-1186-4279-b064-878c872a4a56,9,0,1
1646407794496,1653,getdata_request-1,200,OK,gateway_req 1-19,text,true,,297,225,2,2,http://localhost:8000/getdata/?year=2000&month=03&day=31&starttime=17&endtime=19&radar=KABR&id=7a87153a-1186-4279-b064-878c872a4a56,1653,0,0
1646407796149,4,getimage_request,500,Internal Server Error,gateway_req 1-19,text,false,,746,349,2,2,http://localhost:8000/getimage/?filename=7a87153a-1186-4279-b064-878c872a4a56.png,2,0,0
1646407796149,2,getimage_request-0,301,Moved Permanently,gateway_req 1-19,text,true,,345,174,2,2,http://localhost:8000/getimage?filename=7a87153a-1186-4279-b064-878c872a4a56.png,2,0,0
1646407796151,2,getimage_request-1,500,Internal Server Error,gateway_req 1-19,text,false,,401,175,2,2,http://localhost:8000/getimage/?filename=7a87153a-1186-4279-b064-878c872a4a56.png,2,0,0
1646407795488,1844,getdata_request,200,OK,gateway_req 1-20,text,true,,692,449,2,2,http://localhost:8000/getdata/?year=2000&month=03&day=31&starttime=17&endtime=19&radar=KABR&id=52e3d9cb-cdf0-4f78-b091-4711548a5432,11,0,1
1646407795488,11,getdata_request-0,301,Moved Permanently,gateway_req 1-20,text,true,,395,224,2,2,http://localhost:8000/getdata?year=2000&month=03&day=31&starttime=17&endtime=19&radar=KABR&id=52e3d9cb-cdf0-4f78-b091-4711548a5432,11,0,1
1646407795499,1833,getdata_request-1,200,OK,gateway_req 1-20,text,true,,297,225,2,2,http://localhost:8000/getdata/?year=2000&month=03&day=31&starttime=17&endtime=19&radar=KABR&id=52e3d9cb-cdf0-4f78-b091-4711548a5432,1833,0,0
1646407797332,9,getimage_request,500,Internal Server Error,gateway_req 1-20,text,false,,746,349,2,2,http://localhost:8000/getimage/?filename=52e3d9cb-cdf0-4f78-b091-4711548a5432.png,3,0,0
1646407797332,3,getimage_request-0,301,Moved Permanently,gateway_req 1-20,text,true,,345,174,2,2,http://localhost:8000/getimage?filename=52e3d9cb-cdf0-4f78-b091-4711548a5432.png,3,0,0
1646407797335,6,getimage_request-1,500,Internal Server Error,gateway_req 1-20,text,false,,401,175,2,2,http://localhost:8000/getimage/?filename=52e3d9cb-cdf0-4f78-b091-4711548a5432.png,6,0,0
1646407796491,1492,getdata_request,200,OK,gateway_req 1-21,text,true,,692,449,2,2,http://localhost:8000/getdata/?year=2000&month=03&day=31&starttime=17&endtime=19&radar=KABR&id=837821c5-bc14-4281-8e36-af31cab1c11a,10,0,1
1646407796491,10,getdata_request-0,301,Moved Permanently,gateway_req 1-21,text,true,,395,224,2,2,http://localhost:8000/getdata?year=2000&month=03&day=31&starttime=17&endtime=19&radar=KABR&id=837821c5-bc14-4281-8e36-af31cab1c11a,10,0,1
1646407796501,1482,getdata_request-1,200,OK,gateway_req 1-21,text,true,,297,225,2,2,http://localhost:8000/getdata/?year=2000&month=03&day=31&starttime=17&endtime=19&radar=KABR&id=837821c5-bc14-4281-8e36-af31cab1c11a,1482,0,0
1646407797983,50,getimage_request,500,Internal Server Error,gateway_req 1-21,text,false,,746,349,2,2,http://localhost:8000/getimage/?filename=837821c5-bc14-4281-8e36-af31cab1c11a.png,4,0,0
1646407797983,4,getimage_request-0,301,Moved Permanently,gateway_req 1-21,text,true,,345,174,2,2,http://localhost:8000/getimage?filename=837821c5-bc14-4281-8e36-af31cab1c11a.png,4,0,0
1646407797987,46,getimage_request-1,500,Internal Server Error,gateway_req 1-21,text,false,,401,175,2,2,http://localhost:8000/getimage/?filename=837821c5-bc14-4281-8e36-af31cab1c11a.png,46,0,0
1646407797491,1535,getdata_request,200,OK,gateway_req 1-22,text,true,,692,449,2,2,http://localhost:8000/getdata/?year=2000&month=03&day=31&starttime=17&endtime=19&radar=KABR&id=82e67604-dfa0-4fd3-bca0-909ee1196569,7,0,2
1646407797491,7,getdata_request-0,301,Moved Permanently,gateway_req 1-22,text,true,,395,224,2,2,http://localhost:8000/getdata?year=2000&month=03&day=31&starttime=17&endtime=19&radar=KABR&id=82e67604-dfa0-4fd3-bca0-909ee1196569,7,0,2
1646407797498,1528,getdata_request-1,200,OK,gateway_req 1-22,text,true,,297,225,2,2,http://localhost:8000/getdata/?year=2000&month=03&day=31&starttime=17&endtime=19&radar=KABR&id=82e67604-dfa0-4fd3-bca0-909ee1196569,1528,0,0
1646407799027,46,getimage_request,500,Internal Server Error,gateway_req 1-22,text,false,,746,349,2,2,http://localhost:8000/getimage/?filename=82e67604-dfa0-4fd3-bca0-909ee1196569.png,2,0,0
1646407799027,2,getimage_request-0,301,Moved Permanently,gateway_req 1-22,text,true,,345,174,2,2,http://localhost:8000/getimage?filename=82e67604-dfa0-4fd3-bca0-909ee1196569.png,2,0,0
1646407799029,44,getimage_request-1,500,Internal Server Error,gateway_req 1-22,text,false,,401,175,2,2,http://localhost:8000/getimage/?filename=82e67604-dfa0-4fd3-bca0-909ee1196569.png,44,0,0
1646407798491,1662,getdata_request,200,OK,gateway_req 1-23,text,true,,692,449,2,2,http://localhost:8000/getdata/?year=2000&month=03&day=31&starttime=17&endtime=19&radar=KABR&id=ecded21d-bd3a-458d-9794-731d83cf9fa5,11,0,2
1646407798491,11,getdata_request-0,301,Moved Permanently,gateway_req 1-23,text,true,,395,224,2,2,http://localhost:8000/getdata?year=2000&month=03&day=31&starttime=17&endtime=19&radar=KABR&id=ecded21d-bd3a-458d-9794-731d83cf9fa5,11,0,2
1646407798502,1651,getdata_request-1,200,OK,gateway_req 1-23,text,true,,297,225,2,2,http://localhost:8000/getdata/?year=2000&month=03&day=31&starttime=17&endtime=19&radar=KABR&id=ecded21d-bd3a-458d-9794-731d83cf9fa5,1651,0,0
1646407800161,45,getimage_request,500,Internal Server Error,gateway_req 1-23,text,false,,746,349,2,2,http://localhost:8000/getimage/?filename=ecded21d-bd3a-458d-9794-731d83cf9fa5.png,3,0,0
1646407800161,3,getimage_request-0,301,Moved Permanently,gateway_req 1-23,text,true,,345,174,2,2,http://localhost:8000/getimage?filename=ecded21d-bd3a-458d-9794-731d83cf9fa5.png,3,0,0
1646407800164,42,getimage_request-1,500,Internal Server Error,gateway_req 1-23,text,false,,401,175,2,2,http://localhost:8000/getimage/?filename=ecded21d-bd3a-458d-9794-731d83cf9fa5.png,42,0,0
1646407799488,1551,getdata_request,200,OK,gateway_req 1-24,text,true,,692,449,2,2,http://localhost:8000/getdata/?year=2000&month=03&day=31&starttime=17&endtime=19&radar=KABR&id=45ea9c4c-a483-4d25-9e62-0fa6a0fe7f4e,7,0,1
1646407799488,7,getdata_request-0,301,Moved Permanently,gateway_req 1-24,text,true,,395,224,2,2,http://localhost:8000/getdata?year=2000&month=03&day=31&starttime=17&endtime=19&radar=KABR&id=45ea9c4c-a483-4d25-9e62-0fa6a0fe7f4e,7,0,1
1646407799495,1544,getdata_request-1,200,OK,gateway_req 1-24,text,true,,297,225,2,2,http://localhost:8000/getdata/?year=2000&month=03&day=31&starttime=17&endtime=19&radar=KABR&id=45ea9c4c-a483-4d25-9e62-0fa6a0fe7f4e,1544,0,0
1646407801039,4,getimage_request,500,Internal Server Error,gateway_req 1-24,text,false,,746,349,2,2,http://localhost:8000/getimage/?filename=45ea9c4c-a483-4d25-9e62-0fa6a0fe7f4e.png,2,0,0
1646407801039,2,getimage_request-0,301,Moved Permanently,gateway_req 1-24,text,true,,345,174,2,2,http://localhost:8000/getimage?filename=45ea9c4c-a483-4d25-9e62-0fa6a0fe7f4e.png,2,0,0
1646407801041,2,getimage_request-1,500,Internal Server Error,gateway_req 1-24,text,false,,401,175,2,2,http://localhost:8000/getimage/?filename=45ea9c4c-a483-4d25-9e62-0fa6a0fe7f4e.png,2,0,0
1646407800492,1777,getdata_request,200,OK,gateway_req 1-25,text,true,,692,449,2,2,http://localhost:8000/getdata/?year=2000&month=03&day=31&starttime=17&endtime=19&radar=KABR&id=06f8c2fa-96c0-4133-a7fc-130f345ab8b0,9,0,1
1646407800492,9,getdata_request-0,301,Moved Permanently,gateway_req 1-25,text,true,,395,224,2,2,http://localhost:8000/getdata?year=2000&month=03&day=31&starttime=17&endtime=19&radar=KABR&id=06f8c2fa-96c0-4133-a7fc-130f345ab8b0,9,0,1
1646407800501,1768,getdata_request-1,200,OK,gateway_req 1-25,text,true,,297,225,2,2,http://localhost:8000/getdata/?year=2000&month=03&day=31&starttime=17&endtime=19&radar=KABR&id=06f8c2fa-96c0-4133-a7fc-130f345ab8b0,1768,0,0
1646407802269,45,getimage_request,500,Internal Server Error,gateway_req 1-25,text,false,,746,349,2,2,http://localhost:8000/getimage/?filename=06f8c2fa-96c0-4133-a7fc-130f345ab8b0.png,2,0,0
1646407802269,2,getimage_request-0,301,Moved Permanently,gateway_req 1-25,text,true,,345,174,2,2,http://localhost:8000/getimage?filename=06f8c2fa-96c0-4133-a7fc-130f345ab8b0.png,2,0,0
1646407802271,43,getimage_request-1,500,Internal Server Error,gateway_req 1-25,text,false,,401,175,2,2,http://localhost:8000/getimage/?filename=06f8c2fa-96c0-4133-a7fc-130f345ab8b0.png,43,0,0
1646407801490,1631,getdata_request,200,OK,gateway_req 1-26,text,true,,692,449,2,2,http://localhost:8000/getdata/?year=2000&month=03&day=31&starttime=17&endtime=19&radar=KABR&id=81edb136-e4fb-4f9d-935a-23cb7046dad0,9,0,0
1646407801490,9,getdata_request-0,301,Moved Permanently,gateway_req 1-26,text,true,,395,224,2,2,http://localhost:8000/getdata?year=2000&month=03&day=31&starttime=17&endtime=19&radar=KABR&id=81edb136-e4fb-4f9d-935a-23cb7046dad0,9,0,0
1646407801499,1622,getdata_request-1,200,OK,gateway_req 1-26,text,true,,297,225,2,2,http://localhost:8000/getdata/?year=2000&month=03&day=31&starttime=17&endtime=19&radar=KABR&id=81edb136-e4fb-4f9d-935a-23cb7046dad0,1622,0,0
1646407803120,50,getimage_request,500,Internal Server Error,gateway_req 1-26,text,false,,746,349,2,2,http://localhost:8000/getimage/?filename=81edb136-e4fb-4f9d-935a-23cb7046dad0.png,3,0,0
1646407803120,3,getimage_request-0,301,Moved Permanently,gateway_req 1-26,text,true,,345,174,2,2,http://localhost:8000/getimage?filename=81edb136-e4fb-4f9d-935a-23cb7046dad0.png,3,0,0
1646407803123,47,getimage_request-1,500,Internal Server Error,gateway_req 1-26,text,false,,401,175,2,2,http://localhost:8000/getimage/?filename=81edb136-e4fb-4f9d-935a-23cb7046dad0.png,47,0,0
1646407802489,3603,getdata_request,200,OK,gateway_req 1-27,text,true,,692,449,4,4,http://localhost:8000/getdata/?year=2000&month=03&day=31&starttime=17&endtime=19&radar=KABR&id=d7fbf0bf-7709-49d5-90ec-5b1beb96c50c,5,0,1
1646407802489,5,getdata_request-0,301,Moved Permanently,gateway_req 1-27,text,true,,395,224,4,4,http://localhost:8000/getdata?year=2000&month=03&day=31&starttime=17&endtime=19&radar=KABR&id=d7fbf0bf-7709-49d5-90ec-5b1beb96c50c,5,0,1
1646407802494,3598,getdata_request-1,200,OK,gateway_req 1-27,text,true,,297,225,4,4,http://localhost:8000/getdata/?year=2000&month=03&day=31&starttime=17&endtime=19&radar=KABR&id=d7fbf0bf-7709-49d5-90ec-5b1beb96c50c,3598,0,0
1646407806094,57,getimage_request,500,Internal Server Error,gateway_req 1-27,text,false,,746,349,4,4,http://localhost:8000/getimage/?filename=d7fbf0bf-7709-49d5-90ec-5b1beb96c50c.png,12,0,0
1646407806094,12,getimage_request-0,301,Moved Permanently,gateway_req 1-27,text,true,,345,174,4,4,http://localhost:8000/getimage?filename=d7fbf0bf-7709-49d5-90ec-5b1beb96c50c.png,12,0,0
1646407806106,45,getimage_request-1,500,Internal Server Error,gateway_req 1-27,text,false,,401,175,4,4,http://localhost:8000/getimage/?filename=d7fbf0bf-7709-49d5-90ec-5b1beb96c50c.png,45,0,0
1646407803492,3668,getdata_request,200,OK,gateway_req 1-28,text,true,,692,449,4,4,http://localhost:8000/getdata/?year=2000&month=03&day=31&starttime=17&endtime=19&radar=KABR&id=6d2a47fe-be8f-4e12-99c5-70ac7dcb6c98,7,0,1
1646407803492,7,getdata_request-0,301,Moved Permanently,gateway_req 1-28,text,true,,395,224,4,4,http://localhost:8000/getdata?year=2000&month=03&day=31&starttime=17&endtime=19&radar=KABR&id=6d2a47fe-be8f-4e12-99c5-70ac7dcb6c98,7,0,1
1646407803499,3661,getdata_request-1,200,OK,gateway_req 1-28,text,true,,297,225,4,4,http://localhost:8000/getdata/?year=2000&month=03&day=31&starttime=17&endtime=19&radar=KABR&id=6d2a47fe-be8f-4e12-99c5-70ac7dcb6c98,3661,0,0
1646407807162,45,getimage_request,500,Internal Server Error,gateway_req 1-28,text,false,,746,349,4,4,http://localhost:8000/getimage/?filename=6d2a47fe-be8f-4e12-99c5-70ac7dcb6c98.png,2,0,0
1646407807162,2,getimage_request-0,301,Moved Permanently,gateway_req 1-28,text,true,,345,174,4,4,http://localhost:8000/getimage?filename=6d2a47fe-be8f-4e12-99c5-70ac7dcb6c98.png,2,0,0
1646407807164,43,getimage_request-1,500,Internal Server Error,gateway_req 1-28,text,false,,401,175,4,4,http://localhost:8000/getimage/?filename=6d2a47fe-be8f-4e12-99c5-70ac7dcb6c98.png,43,0,0
1646407804490,3544,getdata_request,200,OK,gateway_req 1-29,text,true,,692,449,4,4,http://localhost:8000/getdata/?year=2000&month=03&day=31&starttime=17&endtime=19&radar=KABR&id=139f4dcd-d2c0-4e22-8a74-c4981aa2e36a,10,0,2
1646407804490,10,getdata_request-0,301,Moved Permanently,gateway_req 1-29,text,true,,395,224,4,4,http://localhost:8000/getdata?year=2000&month=03&day=31&starttime=17&endtime=19&radar=KABR&id=139f4dcd-d2c0-4e22-8a74-c4981aa2e36a,10,0,2
1646407804500,3534,getdata_request-1,200,OK,gateway_req 1-29,text,true,,297,225,4,4,http://localhost:8000/getdata/?year=2000&month=03&day=31&starttime=17&endtime=19&radar=KABR&id=139f4dcd-d2c0-4e22-8a74-c4981aa2e36a,3534,0,0
1646407808036,47,getimage_request,500,Internal Server Error,gateway_req 1-29,text,false,,746,349,4,4,http://localhost:8000/getimage/?filename=139f4dcd-d2c0-4e22-8a74-c4981aa2e36a.png,2,0,0
1646407808036,2,getimage_request-0,301,Moved Permanently,gateway_req 1-29,text,true,,345,174,4,4,http://localhost:8000/getimage?filename=139f4dcd-d2c0-4e22-8a74-c4981aa2e36a.png,2,0,0
1646407808038,45,getimage_request-1,500,Internal Server Error,gateway_req 1-29,text,false,,401,175,4,4,http://localhost:8000/getimage/?filename=139f4dcd-d2c0-4e22-8a74-c4981aa2e36a.png,45,0,0
1646407806491,2855,getdata_request,200,OK,gateway_req 1-31,text,true,,692,449,4,4,http://localhost:8000/getdata/?year=2000&month=03&day=31&starttime=17&endtime=19&radar=KABR&id=f51012d4-2492-422b-9f3b-d98ac4915038,6,0,0
1646407806491,6,getdata_request-0,301,Moved Permanently,gateway_req 1-31,text,true,,395,224,4,4,http://localhost:8000/getdata?year=2000&month=03&day=31&starttime=17&endtime=19&radar=KABR&id=f51012d4-2492-422b-9f3b-d98ac4915038,6,0,0
1646407806497,2849,getdata_request-1,200,OK,gateway_req 1-31,text,true,,297,225,4,4,http://localhost:8000/getdata/?year=2000&month=03&day=31&starttime=17&endtime=19&radar=KABR&id=f51012d4-2492-422b-9f3b-d98ac4915038,2849,0,0
1646407805491,3875,getdata_request,200,OK,gateway_req 1-30,text,true,,692,449,4,4,http://localhost:8000/getdata/?year=2000&month=03&day=31&starttime=17&endtime=19&radar=KABR&id=581274db-ed57-4a96-b4a0-5e3833c24213,4,0,1
1646407805491,4,getdata_request-0,301,Moved Permanently,gateway_req 1-30,text,true,,395,224,4,4,http://localhost:8000/getdata?year=2000&month=03&day=31&starttime=17&endtime=19&radar=KABR&id=581274db-ed57-4a96-b4a0-5e3833c24213,4,0,1
1646407805495,3871,getdata_request-1,200,OK,gateway_req 1-30,text,true,,297,225,4,4,http://localhost:8000/getdata/?year=2000&month=03&day=31&starttime=17&endtime=19&radar=KABR&id=581274db-ed57-4a96-b4a0-5e3833c24213,3871,0,0
1646407809348,21,getimage_request,500,Internal Server Error,gateway_req 1-31,text,false,,746,349,4,4,http://localhost:8000/getimage/?filename=f51012d4-2492-422b-9f3b-d98ac4915038.png,9,0,0
1646407809348,9,getimage_request-0,301,Moved Permanently,gateway_req 1-31,text,true,,345,174,4,4,http://localhost:8000/getimage?filename=f51012d4-2492-422b-9f3b-d98ac4915038.png,9,0,0
1646407809357,12,getimage_request-1,500,Internal Server Error,gateway_req 1-31,text,false,,401,175,4,4,http://localhost:8000/getimage/?filename=f51012d4-2492-422b-9f3b-d98ac4915038.png,12,0,0
1646407809369,6,getimage_request,500,Internal Server Error,gateway_req 1-30,text,false,,746,349,3,3,http://localhost:8000/getimage/?filename=581274db-ed57-4a96-b4a0-5e3833c24213.png,2,0,0
1646407809369,2,getimage_request-0,301,Moved Permanently,gateway_req 1-30,text,true,,345,174,3,3,http://localhost:8000/getimage?filename=581274db-ed57-4a96-b4a0-5e3833c24213.png,2,0,0
1646407809372,3,getimage_request-1,500,Internal Server Error,gateway_req 1-30,text,false,,401,175,3,3,http://localhost:8000/getimage/?filename=581274db-ed57-4a96-b4a0-5e3833c24213.png,3,0,0
1646407807490,1952,getdata_request,200,OK,gateway_req 1-32,text,true,,692,449,2,2,http://localhost:8000/getdata/?year=2000&month=03&day=31&starttime=17&endtime=19&radar=KABR&id=8b26bede-27ce-423a-8c78-a2aa9592ba7c,5,0,2
1646407807490,5,getdata_request-0,301,Moved Permanently,gateway_req 1-32,text,true,,395,224,2,2,http://localhost:8000/getdata?year=2000&month=03&day=31&starttime=17&endtime=19&radar=KABR&id=8b26bede-27ce-423a-8c78-a2aa9592ba7c,5,0,2
1646407807495,1947,getdata_request-1,200,OK,gateway_req 1-32,text,true,,297,225,2,2,http://localhost:8000/getdata/?year=2000&month=03&day=31&starttime=17&endtime=19&radar=KABR&id=8b26bede-27ce-423a-8c78-a2aa9592ba7c,1947,0,0
1646407809443,46,getimage_request,500,Internal Server Error,gateway_req 1-32,text,false,,746,349,3,3,http://localhost:8000/getimage/?filename=8b26bede-27ce-423a-8c78-a2aa9592ba7c.png,2,0,0
1646407809443,2,getimage_request-0,301,Moved Permanently,gateway_req 1-32,text,true,,345,174,3,3,http://localhost:8000/getimage?filename=8b26bede-27ce-423a-8c78-a2aa9592ba7c.png,2,0,0
1646407809445,44,getimage_request-1,500,Internal Server Error,gateway_req 1-32,text,false,,401,175,3,3,http://localhost:8000/getimage/?filename=8b26bede-27ce-423a-8c78-a2aa9592ba7c.png,44,0,0
1646407808492,1542,getdata_request,200,OK,gateway_req 1-33,text,true,,692,449,2,2,http://localhost:8000/getdata/?year=2000&month=03&day=31&starttime=17&endtime=19&radar=KABR&id=e8135aba-bf27-4328-8d58-6937c5c95f33,3,0,1
1646407808492,3,getdata_request-0,301,Moved Permanently,gateway_req 1-33,text,true,,395,224,2,2,http://localhost:8000/getdata?year=2000&month=03&day=31&starttime=17&endtime=19&radar=KABR&id=e8135aba-bf27-4328-8d58-6937c5c95f33,3,0,1
1646407808496,1538,getdata_request-1,200,OK,gateway_req 1-33,text,true,,297,225,2,2,http://localhost:8000/getdata/?year=2000&month=03&day=31&starttime=17&endtime=19&radar=KABR&id=e8135aba-bf27-4328-8d58-6937c5c95f33,1538,0,0
1646407810034,4,getimage_request,500,Internal Server Error,gateway_req 1-33,text,false,,746,349,2,2,http://localhost:8000/getimage/?filename=e8135aba-bf27-4328-8d58-6937c5c95f33.png,2,0,0
1646407810034,2,getimage_request-0,301,Moved Permanently,gateway_req 1-33,text,true,,345,174,2,2,http://localhost:8000/getimage?filename=e8135aba-bf27-4328-8d58-6937c5c95f33.png,2,0,0
1646407810036,2,getimage_request-1,500,Internal Server Error,gateway_req 1-33,text,false,,401,175,2,2,http://localhost:8000/getimage/?filename=e8135aba-bf27-4328-8d58-6937c5c95f33.png,2,0,0
1646407809490,1634,getdata_request,200,OK,gateway_req 1-34,text,true,,692,449,2,2,http://localhost:8000/getdata/?year=2000&month=03&day=31&starttime=17&endtime=19&radar=KABR&id=8641679b-a82e-4037-bd08-fe1ac09fa2fe,4,0,1
1646407809490,4,getdata_request-0,301,Moved Permanently,gateway_req 1-34,text,true,,395,224,2,2,http://localhost:8000/getdata?year=2000&month=03&day=31&starttime=17&endtime=19&radar=KABR&id=8641679b-a82e-4037-bd08-fe1ac09fa2fe,4,0,1
1646407809494,1630,getdata_request-1,200,OK,gateway_req 1-34,text,true,,297,225,2,2,http://localhost:8000/getdata/?year=2000&month=03&day=31&starttime=17&endtime=19&radar=KABR&id=8641679b-a82e-4037-bd08-fe1ac09fa2fe,1630,0,0
1646407811125,49,getimage_request,500,Internal Server Error,gateway_req 1-34,text,false,,746,349,2,2,http://localhost:8000/getimage/?filename=8641679b-a82e-4037-bd08-fe1ac09fa2fe.png,2,0,0
1646407811125,2,getimage_request-0,301,Moved Permanently,gateway_req 1-34,text,true,,345,174,2,2,http://localhost:8000/getimage?filename=8641679b-a82e-4037-bd08-fe1ac09fa2fe.png,2,0,0
1646407811127,47,getimage_request-1,500,Internal Server Error,gateway_req 1-34,text,false,,401,175,2,2,http://localhost:8000/getimage/?filename=8641679b-a82e-4037-bd08-fe1ac09fa2fe.png,47,0,0
1646407810488,1545,getdata_request,200,OK,gateway_req 1-35,text,true,,692,449,2,2,http://localhost:8000/getdata/?year=2000&month=03&day=31&starttime=17&endtime=19&radar=KABR&id=cbcf2bd2-506d-4f90-a630-9997c5506a35,22,0,1
1646407810488,22,getdata_request-0,301,Moved Permanently,gateway_req 1-35,text,true,,395,224,2,2,http://localhost:8000/getdata?year=2000&month=03&day=31&starttime=17&endtime=19&radar=KABR&id=cbcf2bd2-506d-4f90-a630-9997c5506a35,22,0,1
1646407810510,1523,getdata_request-1,200,OK,gateway_req 1-35,text,true,,297,225,2,2,http://localhost:8000/getdata/?year=2000&month=03&day=31&starttime=17&endtime=19&radar=KABR&id=cbcf2bd2-506d-4f90-a630-9997c5506a35,1523,0,0
1646407812034,45,getimage_request,500,Internal Server Error,gateway_req 1-35,text,false,,746,349,2,2,http://localhost:8000/getimage/?filename=cbcf2bd2-506d-4f90-a630-9997c5506a35.png,2,0,0
1646407812034,2,getimage_request-0,301,Moved Permanently,gateway_req 1-35,text,true,,345,174,2,2,http://localhost:8000/getimage?filename=cbcf2bd2-506d-4f90-a630-9997c5506a35.png,2,0,0
1646407812036,43,getimage_request-1,500,Internal Server Error,gateway_req 1-35,text,false,,401,175,2,2,http://localhost:8000/getimage/?filename=cbcf2bd2-506d-4f90-a630-9997c5506a35.png,43,0,0
1646407811490,1905,getdata_request,200,OK,gateway_req 1-36,text,true,,692,449,2,2,http://localhost:8000/getdata/?year=2000&month=03&day=31&starttime=17&endtime=19&radar=KABR&id=2d5a4221-e5a5-425e-b37e-f00bb0e96662,5,0,1
1646407811490,5,getdata_request-0,301,Moved Permanently,gateway_req 1-36,text,true,,395,224,2,2,http://localhost:8000/getdata?year=2000&month=03&day=31&starttime=17&endtime=19&radar=KABR&id=2d5a4221-e5a5-425e-b37e-f00bb0e96662,5,0,1
1646407811495,1900,getdata_request-1,200,OK,gateway_req 1-36,text,true,,297,225,2,2,http://localhost:8000/getdata/?year=2000&month=03&day=31&starttime=17&endtime=19&radar=KABR&id=2d5a4221-e5a5-425e-b37e-f00bb0e96662,1900,0,0
1646407813396,46,getimage_request,500,Internal Server Error,gateway_req 1-36,text,false,,746,349,2,2,http://localhost:8000/getimage/?filename=2d5a4221-e5a5-425e-b37e-f00bb0e96662.png,1,0,0
1646407813396,1,getimage_request-0,301,Moved Permanently,gateway_req 1-36,text,true,,345,174,2,2,http://localhost:8000/getimage?filename=2d5a4221-e5a5-425e-b37e-f00bb0e96662.png,1,0,0
1646407813398,44,getimage_request-1,500,Internal Server Error,gateway_req 1-36,text,false,,401,175,2,2,http://localhost:8000/getimage/?filename=2d5a4221-e5a5-425e-b37e-f00bb0e96662.png,44,0,0
1646407812492,1904,getdata_request,200,OK,gateway_req 1-37,text,true,,692,449,2,2,http://localhost:8000/getdata/?year=2000&month=03&day=31&starttime=17&endtime=19&radar=KABR&id=5f3b49c5-f177-4c28-ac1e-7c84baf1facd,15,0,1
1646407812492,15,getdata_request-0,301,Moved Permanently,gateway_req 1-37,text,true,,395,224,2,2,http://localhost:8000/getdata?year=2000&month=03&day=31&starttime=17&endtime=19&radar=KABR&id=5f3b49c5-f177-4c28-ac1e-7c84baf1facd,15,0,1
1646407812508,1888,getdata_request-1,200,OK,gateway_req 1-37,text,true,,297,225,2,2,http://localhost:8000/getdata/?year=2000&month=03&day=31&starttime=17&endtime=19&radar=KABR&id=5f3b49c5-f177-4c28-ac1e-7c84baf1facd,1888,0,0
1646407814397,46,getimage_request,500,Internal Server Error,gateway_req 1-37,text,false,,746,349,2,2,http://localhost:8000/getimage/?filename=5f3b49c5-f177-4c28-ac1e-7c84baf1facd.png,2,0,0
1646407814397,2,getimage_request-0,301,Moved Permanently,gateway_req 1-37,text,true,,345,174,2,2,http://localhost:8000/getimage?filename=5f3b49c5-f177-4c28-ac1e-7c84baf1facd.png,2,0,0
1646407814399,44,getimage_request-1,500,Internal Server Error,gateway_req 1-37,text,false,,401,175,2,2,http://localhost:8000/getimage/?filename=5f3b49c5-f177-4c28-ac1e-7c84baf1facd.png,44,0,0
1646407813490,1653,getdata_request,200,OK,gateway_req 1-38,text,true,,692,449,2,2,http://localhost:8000/getdata/?year=2000&month=03&day=31&starttime=17&endtime=19&radar=KABR&id=3dc6ef0e-2def-401f-83ae-3d452143349f,4,0,1
1646407813490,4,getdata_request-0,301,Moved Permanently,gateway_req 1-38,text,true,,395,224,2,2,http://localhost:8000/getdata?year=2000&month=03&day=31&starttime=17&endtime=19&radar=KABR&id=3dc6ef0e-2def-401f-83ae-3d452143349f,4,0,1
1646407813494,1649,getdata_request-1,200,OK,gateway_req 1-38,text,true,,297,225,2,2,http://localhost:8000/getdata/?year=2000&month=03&day=31&starttime=17&endtime=19&radar=KABR&id=3dc6ef0e-2def-401f-83ae-3d452143349f,1649,0,0
1646407815144,52,getimage_request,500,Internal Server Error,gateway_req 1-38,text,false,,746,349,2,2,http://localhost:8000/getimage/?filename=3dc6ef0e-2def-401f-83ae-3d452143349f.png,3,0,0
1646407815144,3,getimage_request-0,301,Moved Permanently,gateway_req 1-38,text,true,,345,174,2,2,http://localhost:8000/getimage?filename=3dc6ef0e-2def-401f-83ae-3d452143349f.png,3,0,0
1646407815147,49,getimage_request-1,500,Internal Server Error,gateway_req 1-38,text,false,,401,175,2,2,http://localhost:8000/getimage/?filename=3dc6ef0e-2def-401f-83ae-3d452143349f.png,49,0,0
1646407814490,1806,getdata_request,200,OK,gateway_req 1-39,text,true,,692,449,2,2,http://localhost:8000/getdata/?year=2000&month=03&day=31&starttime=17&endtime=19&radar=KABR&id=1fe322c6-ac61-42c7-a968-4277e244d59e,4,0,0
1646407814490,4,getdata_request-0,301,Moved Permanently,gateway_req 1-39,text,true,,395,224,2,2,http://localhost:8000/getdata?year=2000&month=03&day=31&starttime=17&endtime=19&radar=KABR&id=1fe322c6-ac61-42c7-a968-4277e244d59e,4,0,0
1646407814494,1802,getdata_request-1,200,OK,gateway_req 1-39,text,true,,297,225,2,2,http://localhost:8000/getdata/?year=2000&month=03&day=31&starttime=17&endtime=19&radar=KABR&id=1fe322c6-ac61-42c7-a968-4277e244d59e,1802,0,0
1646407816296,5,getimage_request,500,Internal Server Error,gateway_req 1-39,text,false,,746,349,2,2,http://localhost:8000/getimage/?filename=1fe322c6-ac61-42c7-a968-4277e244d59e.png,3,0,0
1646407816296,3,getimage_request-0,301,Moved Permanently,gateway_req 1-39,text,true,,345,174,2,2,http://localhost:8000/getimage?filename=1fe322c6-ac61-42c7-a968-4277e244d59e.png,3,0,0
1646407816299,2,getimage_request-1,500,Internal Server Error,gateway_req 1-39,text,false,,401,175,2,2,http://localhost:8000/getimage/?filename=1fe322c6-ac61-42c7-a968-4277e244d59e.png,2,0,0
1646407815490,3797,getdata_request,Non HTTP response code: org.apache.http.NoHttpResponseException,Non HTTP response message: localhost:8000 failed to respond,gateway_req 1-40,text,false,,2953,224,1,1,http://localhost:8000/getdata/?year=2000&month=03&day=31&starttime=17&endtime=19&radar=KABR&id=2e75f7de-ce41-40d6-b266-d8194b747edf,11,0,1
1646407815490,11,getdata_request-0,301,Moved Permanently,gateway_req 1-40,text,true,,395,224,1,1,http://localhost:8000/getdata?year=2000&month=03&day=31&starttime=17&endtime=19&radar=KABR&id=2e75f7de-ce41-40d6-b266-d8194b747edf,11,0,1
1646407815502,3785,getdata_request-1,Non HTTP response code: org.apache.http.NoHttpResponseException,Non HTTP response message: localhost:8000 failed to respond,gateway_req 1-40,text,false,,2558,0,1,1,http://localhost:8000/getdata/?year=2000&month=03&day=31&starttime=17&endtime=19&radar=KABR&id=2e75f7de-ce41-40d6-b266-d8194b747edf,0,0,0
1646407819289,5,getimage_request,Non HTTP response code: org.apache.http.NoHttpResponseException,Non HTTP response message: localhost:8000 failed to respond,gateway_req 1-40,text,false,,2067,0,1,1,http://localhost:8000/getimage?filename=2e75f7de-ce41-40d6-b266-d8194b747edf.png,0,0,1
