timeStamp,elapsed,label,responseCode,responseMessage,threadName,dataType,success,failureMessage,bytes,sentBytes,grpThreads,allThreads,URL,Latency,IdleTime,Connect
1646407871098,3771,getdata_request,200,OK,gateway_req 1-1,text,true,,692,449,6,6,http://localhost:8000/getdata/?year=2000&month=03&day=31&starttime=17&endtime=19&radar=KABR&id=7b6664e8-b640-4b6d-bc63-4a318e8189d0,24,0,10
1646407871098,25,getdata_request-0,301,Moved Permanently,gateway_req 1-1,text,true,,395,224,6,6,http://localhost:8000/getdata?year=2000&month=03&day=31&starttime=17&endtime=19&radar=KABR&id=7b6664e8-b640-4b6d-bc63-4a318e8189d0,24,0,10
1646407871124,3745,getdata_request-1,200,OK,gateway_req 1-1,text,true,,297,225,6,6,http://localhost:8000/getdata/?year=2000&month=03&day=31&starttime=17&endtime=19&radar=KABR&id=7b6664e8-b640-4b6d-bc63-4a318e8189d0,3744,0,0
1646407874871,45,getimage_request,500,Internal Server Error,gateway_req 1-1,text,false,,746,349,6,6,http://localhost:8000/getimage/?filename=7b6664e8-b640-4b6d-bc63-4a318e8189d0.png,2,0,0
1646407874871,2,getimage_request-0,301,Moved Permanently,gateway_req 1-1,text,true,,345,174,6,6,http://localhost:8000/getimage?filename=7b6664e8-b640-4b6d-bc63-4a318e8189d0.png,2,0,0
1646407874873,43,getimage_request-1,500,Internal Server Error,gateway_req 1-1,text,false,,401,175,6,6,http://localhost:8000/getimage/?filename=7b6664e8-b640-4b6d-bc63-4a318e8189d0.png,43,0,0
1646407873058,2685,getdata_request,200,OK,gateway_req 1-4,text,true,,692,449,7,7,http://localhost:8000/getdata/?year=2000&month=03&day=31&starttime=17&endtime=19&radar=KABR&id=506cc772-34ae-4307-809e-a134c2fad025,4,0,2
1646407873058,4,getdata_request-0,301,Moved Permanently,gateway_req 1-4,text,true,,395,224,7,7,http://localhost:8000/getdata?year=2000&month=03&day=31&starttime=17&endtime=19&radar=KABR&id=506cc772-34ae-4307-809e-a134c2fad025,4,0,2
1646407873063,2680,getdata_request-1,200,OK,gateway_req 1-4,text,true,,297,225,7,7,http://localhost:8000/getdata/?year=2000&month=03&day=31&starttime=17&endtime=19&radar=KABR&id=506cc772-34ae-4307-809e-a134c2fad025,2680,0,0
1646407875744,46,getimage_request,500,Internal Server Error,gateway_req 1-4,text,false,,746,349,7,7,http://localhost:8000/getimage/?filename=506cc772-34ae-4307-809e-a134c2fad025.png,2,0,0
1646407875744,2,getimage_request-0,301,Moved Permanently,gateway_req 1-4,text,true,,345,174,7,7,http://localhost:8000/getimage?filename=506cc772-34ae-4307-809e-a134c2fad025.png,2,0,0
1646407875746,44,getimage_request-1,500,Internal Server Error,gateway_req 1-4,text,false,,401,175,7,7,http://localhost:8000/getimage/?filename=506cc772-34ae-4307-809e-a134c2fad025.png,44,0,0
1646407875729,2554,getdata_request,200,OK,gateway_req 1-8,text,true,,692,449,9,9,http://localhost:8000/getdata/?year=2000&month=03&day=31&starttime=17&endtime=19&radar=KABR&id=f95ee2df-2270-481f-bab2-a5c4acd3a50d,8,0,1
1646407875729,8,getdata_request-0,301,Moved Permanently,gateway_req 1-8,text,true,,395,224,9,9,http://localhost:8000/getdata?year=2000&month=03&day=31&starttime=17&endtime=19&radar=KABR&id=f95ee2df-2270-481f-bab2-a5c4acd3a50d,8,0,1
1646407875738,2545,getdata_request-1,200,OK,gateway_req 1-8,text,true,,297,225,9,9,http://localhost:8000/getdata/?year=2000&month=03&day=31&starttime=17&endtime=19&radar=KABR&id=f95ee2df-2270-481f-bab2-a5c4acd3a50d,2545,0,0
1646407878283,56,getimage_request,500,Internal Server Error,gateway_req 1-8,text,false,,746,349,9,9,http://localhost:8000/getimage/?filename=f95ee2df-2270-481f-bab2-a5c4acd3a50d.png,9,0,0
1646407878283,9,getimage_request-0,301,Moved Permanently,gateway_req 1-8,text,true,,345,174,9,9,http://localhost:8000/getimage?filename=f95ee2df-2270-481f-bab2-a5c4acd3a50d.png,9,0,0
1646407878292,47,getimage_request-1,500,Internal Server Error,gateway_req 1-8,text,false,,401,175,9,9,http://localhost:8000/getimage/?filename=f95ee2df-2270-481f-bab2-a5c4acd3a50d.png,46,0,0
1646407873728,5375,getdata_request,200,OK,gateway_req 1-5,text,true,,692,449,10,10,http://localhost:8000/getdata/?year=2000&month=03&day=31&starttime=17&endtime=19&radar=KABR&id=71a9e648-5386-4b0d-a0bb-db05d63fdc61,9,0,1
1646407873728,9,getdata_request-0,301,Moved Permanently,gateway_req 1-5,text,true,,395,224,10,10,http://localhost:8000/getdata?year=2000&month=03&day=31&starttime=17&endtime=19&radar=KABR&id=71a9e648-5386-4b0d-a0bb-db05d63fdc61,9,0,1
1646407873738,5365,getdata_request-1,200,OK,gateway_req 1-5,text,true,,297,225,10,10,http://localhost:8000/getdata/?year=2000&month=03&day=31&starttime=17&endtime=19&radar=KABR&id=71a9e648-5386-4b0d-a0bb-db05d63fdc61,5365,0,0
1646407879103,69,getimage_request,500,Internal Server Error,gateway_req 1-5,text,false,,746,349,10,10,http://localhost:8000/getimage/?filename=71a9e648-5386-4b0d-a0bb-db05d63fdc61.png,20,0,0
1646407879103,20,getimage_request-0,301,Moved Permanently,gateway_req 1-5,text,true,,345,174,10,10,http://localhost:8000/getimage?filename=71a9e648-5386-4b0d-a0bb-db05d63fdc61.png,20,0,0
1646407879124,48,getimage_request-1,500,Internal Server Error,gateway_req 1-5,text,false,,401,175,10,10,http://localhost:8000/getimage/?filename=71a9e648-5386-4b0d-a0bb-db05d63fdc61.png,48,0,0
1646407875058,5097,getdata_request,200,OK,gateway_req 1-7,text,true,,692,449,10,10,http://localhost:8000/getdata/?year=2000&month=03&day=31&starttime=17&endtime=19&radar=KABR&id=a2639d91-9d94-4abc-bc13-8503802a7a6a,4,0,1
1646407875058,4,getdata_request-0,301,Moved Permanently,gateway_req 1-7,text,true,,395,224,10,10,http://localhost:8000/getdata?year=2000&month=03&day=31&starttime=17&endtime=19&radar=KABR&id=a2639d91-9d94-4abc-bc13-8503802a7a6a,4,0,1
1646407875062,5093,getdata_request-1,200,OK,gateway_req 1-7,text,true,,297,225,10,10,http://localhost:8000/getdata/?year=2000&month=03&day=31&starttime=17&endtime=19&radar=KABR&id=a2639d91-9d94-4abc-bc13-8503802a7a6a,5093,0,0
1646407880155,48,getimage_request,500,Internal Server Error,gateway_req 1-7,text,false,,746,349,10,10,http://localhost:8000/getimage/?filename=a2639d91-9d94-4abc-bc13-8503802a7a6a.png,3,0,0
1646407880155,3,getimage_request-0,301,Moved Permanently,gateway_req 1-7,text,true,,345,174,10,10,http://localhost:8000/getimage?filename=a2639d91-9d94-4abc-bc13-8503802a7a6a.png,3,0,0
1646407880159,44,getimage_request-1,500,Internal Server Error,gateway_req 1-7,text,false,,401,175,10,10,http://localhost:8000/getimage/?filename=a2639d91-9d94-4abc-bc13-8503802a7a6a.png,44,0,0
1646407871730,8874,getdata_request,200,OK,gateway_req 1-2,text,true,,721,449,10,10,http://localhost:8000/getdata/?year=2000&month=03&day=31&starttime=17&endtime=19&radar=KABR&id=5a5d8d7d-11ea-4ee6-88d9-3997212e3caf,9,0,1
1646407871730,9,getdata_request-0,301,Moved Permanently,gateway_req 1-2,text,true,,395,224,10,10,http://localhost:8000/getdata?year=2000&month=03&day=31&starttime=17&endtime=19&radar=KABR&id=5a5d8d7d-11ea-4ee6-88d9-3997212e3caf,9,0,1
1646407871739,8865,getdata_request-1,200,OK,gateway_req 1-2,text,true,,326,225,10,10,http://localhost:8000/getdata/?year=2000&month=03&day=31&starttime=17&endtime=19&radar=KABR&id=5a5d8d7d-11ea-4ee6-88d9-3997212e3caf,8865,0,0
1646407880603,54,getimage_request,200,OK,gateway_req 1-2,bin,true,,302080,349,10,10,http://localhost:8000/getimage/?filename=5a5d8d7d-11ea-4ee6-88d9-3997212e3caf.png,7,0,0
1646407880603,7,getimage_request-0,301,Moved Permanently,gateway_req 1-2,text,true,,345,174,10,10,http://localhost:8000/getimage?filename=5a5d8d7d-11ea-4ee6-88d9-3997212e3caf.png,7,0,0
1646407880610,47,getimage_request-1,200,OK,gateway_req 1-2,bin,true,,301735,175,10,10,http://localhost:8000/getimage/?filename=5a5d8d7d-11ea-4ee6-88d9-3997212e3caf.png,37,0,0
1646407880393,675,getdata_request,500,Internal Server Error,gateway_req 1-15,text,false,,753,449,10,10,http://localhost:8000/getdata/?year=2000&month=03&day=31&starttime=17&endtime=19&radar=KABR&id=ccd5973b-32d4-4567-b51f-56dde24101fb,42,0,1
1646407880393,42,getdata_request-0,301,Moved Permanently,gateway_req 1-15,text,true,,395,224,10,10,http://localhost:8000/getdata?year=2000&month=03&day=31&starttime=17&endtime=19&radar=KABR&id=ccd5973b-32d4-4567-b51f-56dde24101fb,42,0,1
1646407880436,632,getdata_request-1,500,Internal Server Error,gateway_req 1-15,text,false,,358,225,10,10,http://localhost:8000/getdata/?year=2000&month=03&day=31&starttime=17&endtime=19&radar=KABR&id=ccd5973b-32d4-4567-b51f-56dde24101fb,632,0,0
1646407881069,75,getimage_request,500,Internal Server Error,gateway_req 1-15,text,false,,746,349,10,10,http://localhost:8000/getimage/?filename=ccd5973b-32d4-4567-b51f-56dde24101fb.png,29,0,0
1646407881069,29,getimage_request-0,301,Moved Permanently,gateway_req 1-15,text,true,,345,174,10,10,http://localhost:8000/getimage?filename=ccd5973b-32d4-4567-b51f-56dde24101fb.png,29,0,0
1646407881098,46,getimage_request-1,500,Internal Server Error,gateway_req 1-15,text,false,,401,175,10,10,http://localhost:8000/getimage/?filename=ccd5973b-32d4-4567-b51f-56dde24101fb.png,46,0,0
1646407878395,3489,getdata_request,200,OK,gateway_req 1-12,text,true,,692,449,10,10,http://localhost:8000/getdata/?year=2000&month=03&day=31&starttime=17&endtime=19&radar=KABR&id=cbec8b35-3016-4965-bfb9-c225d8b9c520,65,0,1
1646407878395,65,getdata_request-0,301,Moved Permanently,gateway_req 1-12,text,true,,395,224,10,10,http://localhost:8000/getdata?year=2000&month=03&day=31&starttime=17&endtime=19&radar=KABR&id=cbec8b35-3016-4965-bfb9-c225d8b9c520,65,0,1
1646407878460,3424,getdata_request-1,200,OK,gateway_req 1-12,text,true,,297,225,10,10,http://localhost:8000/getdata/?year=2000&month=03&day=31&starttime=17&endtime=19&radar=KABR&id=cbec8b35-3016-4965-bfb9-c225d8b9c520,3424,0,0
1646407881885,62,getimage_request,500,Internal Server Error,gateway_req 1-12,text,false,,746,349,10,10,http://localhost:8000/getimage/?filename=cbec8b35-3016-4965-bfb9-c225d8b9c520.png,15,0,0
1646407881885,15,getimage_request-0,301,Moved Permanently,gateway_req 1-12,text,true,,345,174,10,10,http://localhost:8000/getimage?filename=cbec8b35-3016-4965-bfb9-c225d8b9c520.png,15,0,0
1646407881900,47,getimage_request-1,500,Internal Server Error,gateway_req 1-12,text,false,,401,175,10,10,http://localhost:8000/getimage/?filename=cbec8b35-3016-4965-bfb9-c225d8b9c520.png,47,0,0
1646407876394,5617,getdata_request,200,OK,gateway_req 1-9,text,true,,692,449,9,9,http://localhost:8000/getdata/?year=2000&month=03&day=31&starttime=17&endtime=19&radar=KABR&id=6a493899-8ebf-4e3a-b9cf-8b3cd1c9015f,5,0,1
1646407876394,5,getdata_request-0,301,Moved Permanently,gateway_req 1-9,text,true,,395,224,9,9,http://localhost:8000/getdata?year=2000&month=03&day=31&starttime=17&endtime=19&radar=KABR&id=6a493899-8ebf-4e3a-b9cf-8b3cd1c9015f,5,0,1
1646407876399,5612,getdata_request-1,200,OK,gateway_req 1-9,text,true,,297,225,9,9,http://localhost:8000/getdata/?year=2000&month=03&day=31&starttime=17&endtime=19&radar=KABR&id=6a493899-8ebf-4e3a-b9cf-8b3cd1c9015f,5612,0,0
1646407877729,4287,getdata_request,200,OK,gateway_req 1-11,text,true,,692,449,9,9,http://localhost:8000/getdata/?year=2000&month=03&day=31&starttime=17&endtime=19&radar=KABR&id=8914e68b-96fe-4caa-a5da-cf6109d91934,39,0,1
1646407877729,39,getdata_request-0,301,Moved Permanently,gateway_req 1-11,text,true,,395,224,9,9,http://localhost:8000/getdata?year=2000&month=03&day=31&starttime=17&endtime=19&radar=KABR&id=8914e68b-96fe-4caa-a5da-cf6109d91934,39,0,1
1646407877768,4248,getdata_request-1,200,OK,gateway_req 1-11,text,true,,297,225,9,9,http://localhost:8000/getdata/?year=2000&month=03&day=31&starttime=17&endtime=19&radar=KABR&id=8914e68b-96fe-4caa-a5da-cf6109d91934,4248,0,0
1646407879063,2963,getdata_request,200,OK,gateway_req 1-13,text,true,,692,449,9,9,http://localhost:8000/getdata/?year=2000&month=03&day=31&starttime=17&endtime=19&radar=KABR&id=f4d4354c-7799-40ad-90a1-002bd22183e0,19,0,1
1646407879063,19,getdata_request-0,301,Moved Permanently,gateway_req 1-13,text,true,,395,224,9,9,http://localhost:8000/getdata?year=2000&month=03&day=31&starttime=17&endtime=19&radar=KABR&id=f4d4354c-7799-40ad-90a1-002bd22183e0,19,0,1
1646407879082,2944,getdata_request-1,200,OK,gateway_req 1-13,text,true,,297,225,9,9,http://localhost:8000/getdata/?year=2000&month=03&day=31&starttime=17&endtime=19&radar=KABR&id=f4d4354c-7799-40ad-90a1-002bd22183e0,2944,0,0
1646407882017,52,getimage_request,500,Internal Server Error,gateway_req 1-11,text,false,,746,349,9,9,http://localhost:8000/getimage/?filename=8914e68b-96fe-4caa-a5da-cf6109d91934.png,3,0,0
1646407882017,3,getimage_request-0,301,Moved Permanently,gateway_req 1-11,text,true,,345,174,9,9,http://localhost:8000/getimage?filename=8914e68b-96fe-4caa-a5da-cf6109d91934.png,3,0,0
1646407882020,49,getimage_request-1,500,Internal Server Error,gateway_req 1-11,text,false,,401,175,9,9,http://localhost:8000/getimage/?filename=8914e68b-96fe-4caa-a5da-cf6109d91934.png,49,0,0
1646407882026,52,getimage_request,500,Internal Server Error,gateway_req 1-13,text,false,,746,349,8,8,http://localhost:8000/getimage/?filename=f4d4354c-7799-40ad-90a1-002bd22183e0.png,4,0,0
1646407882026,4,getimage_request-0,301,Moved Permanently,gateway_req 1-13,text,true,,345,174,8,8,http://localhost:8000/getimage?filename=f4d4354c-7799-40ad-90a1-002bd22183e0.png,4,0,0
1646407882031,47,getimage_request-1,500,Internal Server Error,gateway_req 1-13,text,false,,401,175,8,8,http://localhost:8000/getimage/?filename=f4d4354c-7799-40ad-90a1-002bd22183e0.png,47,0,0
1646407882011,68,getimage_request,500,Internal Server Error,gateway_req 1-9,text,false,,746,349,8,8,http://localhost:8000/getimage/?filename=6a493899-8ebf-4e3a-b9cf-8b3cd1c9015f.png,23,0,0
1646407882011,23,getimage_request-0,301,Moved Permanently,gateway_req 1-9,text,true,,345,174,8,8,http://localhost:8000/getimage?filename=6a493899-8ebf-4e3a-b9cf-8b3cd1c9015f.png,23,0,0
1646407882035,44,getimage_request-1,500,Internal Server Error,gateway_req 1-9,text,false,,401,175,8,8,http://localhost:8000/getimage/?filename=6a493899-8ebf-4e3a-b9cf-8b3cd1c9015f.png,44,0,0
1646407872394,10293,getdata_request,200,OK,gateway_req 1-3,text,true,,721,449,7,7,http://localhost:8000/getdata/?year=2000&month=03&day=31&starttime=17&endtime=19&radar=KABR&id=e6488202-d11f-4220-b265-09964e769c0a,8,0,1
1646407872394,8,getdata_request-0,301,Moved Permanently,gateway_req 1-3,text,true,,395,224,7,7,http://localhost:8000/getdata?year=2000&month=03&day=31&starttime=17&endtime=19&radar=KABR&id=e6488202-d11f-4220-b265-09964e769c0a,8,0,1
1646407872402,10285,getdata_request-1,200,OK,gateway_req 1-3,text,true,,326,225,7,7,http://localhost:8000/getdata/?year=2000&month=03&day=31&starttime=17&endtime=19&radar=KABR&id=e6488202-d11f-4220-b265-09964e769c0a,10285,0,0
1646407882687,55,getimage_request,200,OK,gateway_req 1-3,bin,true,,302080,349,7,7,http://localhost:8000/getimage/?filename=e6488202-d11f-4220-b265-09964e769c0a.png,4,0,0
1646407882687,4,getimage_request-0,301,Moved Permanently,gateway_req 1-3,text,true,,345,174,7,7,http://localhost:8000/getimage?filename=e6488202-d11f-4220-b265-09964e769c0a.png,4,0,0
1646407882691,51,getimage_request-1,200,OK,gateway_req 1-3,bin,true,,301735,175,7,7,http://localhost:8000/getimage/?filename=e6488202-d11f-4220-b265-09964e769c0a.png,44,0,0
1646407882394,667,getdata_request,500,Internal Server Error,gateway_req 1-18,text,false,,753,449,6,6,http://localhost:8000/getdata/?year=2000&month=03&day=31&starttime=17&endtime=19&radar=KABR&id=5410af42-f63e-4b19-9efe-00cbfa9b5d44,15,0,1
1646407882394,15,getdata_request-0,301,Moved Permanently,gateway_req 1-18,text,true,,395,224,6,6,http://localhost:8000/getdata?year=2000&month=03&day=31&starttime=17&endtime=19&radar=KABR&id=5410af42-f63e-4b19-9efe-00cbfa9b5d44,15,0,1
1646407882409,652,getdata_request-1,500,Internal Server Error,gateway_req 1-18,text,false,,358,225,6,6,http://localhost:8000/getdata/?year=2000&month=03&day=31&starttime=17&endtime=19&radar=KABR&id=5410af42-f63e-4b19-9efe-00cbfa9b5d44,652,0,0
1646407883062,64,getimage_request,500,Internal Server Error,gateway_req 1-18,text,false,,746,349,7,7,http://localhost:8000/getimage/?filename=5410af42-f63e-4b19-9efe-00cbfa9b5d44.png,8,0,0
1646407883062,8,getimage_request-0,301,Moved Permanently,gateway_req 1-18,text,true,,345,174,7,7,http://localhost:8000/getimage?filename=5410af42-f63e-4b19-9efe-00cbfa9b5d44.png,8,0,0
1646407883070,56,getimage_request-1,500,Internal Server Error,gateway_req 1-18,text,false,,401,175,7,7,http://localhost:8000/getimage/?filename=5410af42-f63e-4b19-9efe-00cbfa9b5d44.png,56,0,0
1646407879732,3871,getdata_request,200,OK,gateway_req 1-14,text,true,,692,449,6,6,http://localhost:8000/getdata/?year=2000&month=03&day=31&starttime=17&endtime=19&radar=KABR&id=fbfb6088-1749-4409-999c-cd481b189d6a,82,0,1
1646407879732,82,getdata_request-0,301,Moved Permanently,gateway_req 1-14,text,true,,395,224,6,6,http://localhost:8000/getdata?year=2000&month=03&day=31&starttime=17&endtime=19&radar=KABR&id=fbfb6088-1749-4409-999c-cd481b189d6a,82,0,1
1646407879814,3789,getdata_request-1,200,OK,gateway_req 1-14,text,true,,297,225,6,6,http://localhost:8000/getdata/?year=2000&month=03&day=31&starttime=17&endtime=19&radar=KABR&id=fbfb6088-1749-4409-999c-cd481b189d6a,3789,0,0
1646407881064,2566,getdata_request,200,OK,gateway_req 1-16,text,true,,692,449,6,6,http://localhost:8000/getdata/?year=2000&month=03&day=31&starttime=17&endtime=19&radar=KABR&id=2803d627-0cd6-4a58-baf0-16c4dbdf2b26,14,0,1
1646407881064,14,getdata_request-0,301,Moved Permanently,gateway_req 1-16,text,true,,395,224,6,6,http://localhost:8000/getdata?year=2000&month=03&day=31&starttime=17&endtime=19&radar=KABR&id=2803d627-0cd6-4a58-baf0-16c4dbdf2b26,14,0,1
1646407881078,2552,getdata_request-1,200,OK,gateway_req 1-16,text,true,,297,225,6,6,http://localhost:8000/getdata/?year=2000&month=03&day=31&starttime=17&endtime=19&radar=KABR&id=2803d627-0cd6-4a58-baf0-16c4dbdf2b26,2552,0,0
1646407883604,57,getimage_request,500,Internal Server Error,gateway_req 1-14,text,false,,746,349,6,6,http://localhost:8000/getimage/?filename=fbfb6088-1749-4409-999c-cd481b189d6a.png,2,0,0
1646407883604,2,getimage_request-0,301,Moved Permanently,gateway_req 1-14,text,true,,345,174,6,6,http://localhost:8000/getimage?filename=fbfb6088-1749-4409-999c-cd481b189d6a.png,2,0,0
1646407883606,55,getimage_request-1,500,Internal Server Error,gateway_req 1-14,text,false,,401,175,6,6,http://localhost:8000/getimage/?filename=fbfb6088-1749-4409-999c-cd481b189d6a.png,55,0,0
1646407883632,72,getimage_request,500,Internal Server Error,gateway_req 1-16,text,false,,746,349,5,5,http://localhost:8000/getimage/?filename=2803d627-0cd6-4a58-baf0-16c4dbdf2b26.png,4,0,0
1646407883632,4,getimage_request-0,301,Moved Permanently,gateway_req 1-16,text,true,,345,174,5,5,http://localhost:8000/getimage?filename=2803d627-0cd6-4a58-baf0-16c4dbdf2b26.png,4,0,0
1646407883636,68,getimage_request-1,500,Internal Server Error,gateway_req 1-16,text,false,,401,175,5,5,http://localhost:8000/getimage/?filename=2803d627-0cd6-4a58-baf0-16c4dbdf2b26.png,68,0,0
1646407881730,2495,getdata_request,200,OK,gateway_req 1-17,text,true,,692,449,5,5,http://localhost:8000/getdata/?year=2000&month=03&day=31&starttime=17&endtime=19&radar=KABR&id=b514c05a-e8ef-4666-b0af-5befb203e2a4,7,0,1
1646407881730,7,getdata_request-0,301,Moved Permanently,gateway_req 1-17,text,true,,395,224,5,5,http://localhost:8000/getdata?year=2000&month=03&day=31&starttime=17&endtime=19&radar=KABR&id=b514c05a-e8ef-4666-b0af-5befb203e2a4,7,0,1
1646407881737,2488,getdata_request-1,200,OK,gateway_req 1-17,text,true,,297,225,5,5,http://localhost:8000/getdata/?year=2000&month=03&day=31&starttime=17&endtime=19&radar=KABR&id=b514c05a-e8ef-4666-b0af-5befb203e2a4,2488,0,0
1646407884226,53,getimage_request,500,Internal Server Error,gateway_req 1-17,text,false,,746,349,5,5,http://localhost:8000/getimage/?filename=b514c05a-e8ef-4666-b0af-5befb203e2a4.png,4,0,0
1646407884226,4,getimage_request-0,301,Moved Permanently,gateway_req 1-17,text,true,,345,174,5,5,http://localhost:8000/getimage?filename=b514c05a-e8ef-4666-b0af-5befb203e2a4.png,4,0,0
1646407884230,49,getimage_request-1,500,Internal Server Error,gateway_req 1-17,text,false,,401,175,5,5,http://localhost:8000/getimage/?filename=b514c05a-e8ef-4666-b0af-5befb203e2a4.png,49,0,0
1646407874391,9977,getdata_request,200,OK,gateway_req 1-6,text,true,,721,449,4,4,http://localhost:8000/getdata/?year=2000&month=03&day=31&starttime=17&endtime=19&radar=KABR&id=2872dcf0-523f-4057-a791-13f760a4a8fa,3,0,1
1646407874391,3,getdata_request-0,301,Moved Permanently,gateway_req 1-6,text,true,,395,224,4,4,http://localhost:8000/getdata?year=2000&month=03&day=31&starttime=17&endtime=19&radar=KABR&id=2872dcf0-523f-4057-a791-13f760a4a8fa,3,0,1
1646407874394,9974,getdata_request-1,200,OK,gateway_req 1-6,text,true,,326,225,4,4,http://localhost:8000/getdata/?year=2000&month=03&day=31&starttime=17&endtime=19&radar=KABR&id=2872dcf0-523f-4057-a791-13f760a4a8fa,9974,0,0
1646407883732,657,getdata_request,500,Internal Server Error,gateway_req 1-20,text,false,,753,449,4,4,http://localhost:8000/getdata/?year=2000&month=03&day=31&starttime=17&endtime=19&radar=KABR&id=e59b024c-704e-4a53-ad43-cb3df54b33a0,10,0,2
1646407883732,10,getdata_request-0,301,Moved Permanently,gateway_req 1-20,text,true,,395,224,4,4,http://localhost:8000/getdata?year=2000&month=03&day=31&starttime=17&endtime=19&radar=KABR&id=e59b024c-704e-4a53-ad43-cb3df54b33a0,10,0,2
1646407883742,647,getdata_request-1,500,Internal Server Error,gateway_req 1-20,text,false,,358,225,4,4,http://localhost:8000/getdata/?year=2000&month=03&day=31&starttime=17&endtime=19&radar=KABR&id=e59b024c-704e-4a53-ad43-cb3df54b33a0,647,0,0
1646407884368,53,getimage_request,200,OK,gateway_req 1-6,bin,true,,302080,349,5,5,http://localhost:8000/getimage/?filename=2872dcf0-523f-4057-a791-13f760a4a8fa.png,13,0,0
1646407884368,13,getimage_request-0,301,Moved Permanently,gateway_req 1-6,text,true,,345,174,5,5,http://localhost:8000/getimage?filename=2872dcf0-523f-4057-a791-13f760a4a8fa.png,13,0,0
1646407884382,39,getimage_request-1,200,OK,gateway_req 1-6,bin,true,,301735,175,5,5,http://localhost:8000/getimage/?filename=2872dcf0-523f-4057-a791-13f760a4a8fa.png,29,0,0
1646407884390,49,getimage_request,500,Internal Server Error,gateway_req 1-20,text,false,,746,349,4,4,http://localhost:8000/getimage/?filename=e59b024c-704e-4a53-ad43-cb3df54b33a0.png,3,0,0
1646407884390,3,getimage_request-0,301,Moved Permanently,gateway_req 1-20,text,true,,345,174,4,4,http://localhost:8000/getimage?filename=e59b024c-704e-4a53-ad43-cb3df54b33a0.png,3,0,0
1646407884393,46,getimage_request-1,500,Internal Server Error,gateway_req 1-20,text,false,,401,175,4,4,http://localhost:8000/getimage/?filename=e59b024c-704e-4a53-ad43-cb3df54b33a0.png,45,0,0
1646407883064,1877,getdata_request,200,OK,gateway_req 1-19,text,true,,692,449,3,3,http://localhost:8000/getdata/?year=2000&month=03&day=31&starttime=17&endtime=19&radar=KABR&id=9371aaa7-8479-42ec-b5dc-273d968a83d5,6,0,0
1646407883064,6,getdata_request-0,301,Moved Permanently,gateway_req 1-19,text,true,,395,224,3,3,http://localhost:8000/getdata?year=2000&month=03&day=31&starttime=17&endtime=19&radar=KABR&id=9371aaa7-8479-42ec-b5dc-273d968a83d5,6,0,0
1646407883070,1871,getdata_request-1,200,OK,gateway_req 1-19,text,true,,297,225,3,3,http://localhost:8000/getdata/?year=2000&month=03&day=31&starttime=17&endtime=19&radar=KABR&id=9371aaa7-8479-42ec-b5dc-273d968a83d5,1871,0,0
1646407877058,7907,getdata_request,200,OK,gateway_req 1-10,text,true,,721,449,3,3,http://localhost:8000/getdata/?year=2000&month=03&day=31&starttime=17&endtime=19&radar=KABR&id=e0d65ead-247e-4964-af49-5889a66bd67a,29,0,1
1646407877058,29,getdata_request-0,301,Moved Permanently,gateway_req 1-10,text,true,,395,224,3,3,http://localhost:8000/getdata?year=2000&month=03&day=31&starttime=17&endtime=19&radar=KABR&id=e0d65ead-247e-4964-af49-5889a66bd67a,29,0,1
1646407877087,7878,getdata_request-1,200,OK,gateway_req 1-10,text,true,,326,225,3,3,http://localhost:8000/getdata/?year=2000&month=03&day=31&starttime=17&endtime=19&radar=KABR&id=e0d65ead-247e-4964-af49-5889a66bd67a,7878,0,0
1646407884965,12,getimage_request,200,OK,gateway_req 1-10,bin,true,,302080,349,3,3,http://localhost:8000/getimage/?filename=e0d65ead-247e-4964-af49-5889a66bd67a.png,2,0,0
1646407884965,2,getimage_request-0,301,Moved Permanently,gateway_req 1-10,text,true,,345,174,3,3,http://localhost:8000/getimage?filename=e0d65ead-247e-4964-af49-5889a66bd67a.png,2,0,0
1646407884968,9,getimage_request-1,200,OK,gateway_req 1-10,bin,true,,301735,175,3,3,http://localhost:8000/getimage/?filename=e0d65ead-247e-4964-af49-5889a66bd67a.png,2,0,0
1646407884941,47,getimage_request,500,Internal Server Error,gateway_req 1-19,text,false,,746,349,2,2,http://localhost:8000/getimage/?filename=9371aaa7-8479-42ec-b5dc-273d968a83d5.png,3,0,0
1646407884941,3,getimage_request-0,301,Moved Permanently,gateway_req 1-19,text,true,,345,174,2,2,http://localhost:8000/getimage?filename=9371aaa7-8479-42ec-b5dc-273d968a83d5.png,3,0,0
1646407884944,44,getimage_request-1,500,Internal Server Error,gateway_req 1-19,text,false,,401,175,2,2,http://localhost:8000/getimage/?filename=9371aaa7-8479-42ec-b5dc-273d968a83d5.png,44,0,0
1646407885065,488,getdata_request,500,Internal Server Error,gateway_req 1-22,text,false,,753,449,2,2,http://localhost:8000/getdata/?year=2000&month=03&day=31&starttime=17&endtime=19&radar=KABR&id=d2b492e3-0016-456a-aaf5-a14595253e47,3,0,1
1646407885065,3,getdata_request-0,301,Moved Permanently,gateway_req 1-22,text,true,,395,224,2,2,http://localhost:8000/getdata?year=2000&month=03&day=31&starttime=17&endtime=19&radar=KABR&id=d2b492e3-0016-456a-aaf5-a14595253e47,3,0,1
1646407885068,485,getdata_request-1,500,Internal Server Error,gateway_req 1-22,text,false,,358,225,2,2,http://localhost:8000/getdata/?year=2000&month=03&day=31&starttime=17&endtime=19&radar=KABR&id=d2b492e3-0016-456a-aaf5-a14595253e47,485,0,0
1646407884396,1182,getdata_request,200,OK,gateway_req 1-21,text,true,,692,449,2,2,http://localhost:8000/getdata/?year=2000&month=03&day=31&starttime=17&endtime=19&radar=KABR&id=93eff1cf-defe-4fad-b1a3-564b98eb7b9b,12,0,1
1646407884396,12,getdata_request-0,301,Moved Permanently,gateway_req 1-21,text,true,,395,224,2,2,http://localhost:8000/getdata?year=2000&month=03&day=31&starttime=17&endtime=19&radar=KABR&id=93eff1cf-defe-4fad-b1a3-564b98eb7b9b,12,0,1
1646407884408,1170,getdata_request-1,200,OK,gateway_req 1-21,text,true,,297,225,2,2,http://localhost:8000/getdata/?year=2000&month=03&day=31&starttime=17&endtime=19&radar=KABR&id=93eff1cf-defe-4fad-b1a3-564b98eb7b9b,1170,0,0
1646407885554,60,getimage_request,500,Internal Server Error,gateway_req 1-22,text,false,,746,349,2,2,http://localhost:8000/getimage/?filename=d2b492e3-0016-456a-aaf5-a14595253e47.png,2,0,0
1646407885554,2,getimage_request-0,301,Moved Permanently,gateway_req 1-22,text,true,,345,174,2,2,http://localhost:8000/getimage?filename=d2b492e3-0016-456a-aaf5-a14595253e47.png,2,0,0
1646407885557,57,getimage_request-1,500,Internal Server Error,gateway_req 1-22,text,false,,401,175,2,2,http://localhost:8000/getimage/?filename=d2b492e3-0016-456a-aaf5-a14595253e47.png,57,0,0
1646407885579,45,getimage_request,500,Internal Server Error,gateway_req 1-21,text,false,,746,349,1,1,http://localhost:8000/getimage/?filename=93eff1cf-defe-4fad-b1a3-564b98eb7b9b.png,2,0,0
1646407885579,2,getimage_request-0,301,Moved Permanently,gateway_req 1-21,text,true,,345,174,1,1,http://localhost:8000/getimage?filename=93eff1cf-defe-4fad-b1a3-564b98eb7b9b.png,2,0,0
1646407885581,43,getimage_request-1,500,Internal Server Error,gateway_req 1-21,text,false,,401,175,1,1,http://localhost:8000/getimage/?filename=93eff1cf-defe-4fad-b1a3-564b98eb7b9b.png,43,0,0
1646407885733,1360,getdata_request,200,OK,gateway_req 1-23,text,true,,692,449,3,3,http://localhost:8000/getdata/?year=2000&month=03&day=31&starttime=17&endtime=19&radar=KABR&id=c001689c-0522-4115-a073-b8bcb30f4063,7,0,1
1646407885733,7,getdata_request-0,301,Moved Permanently,gateway_req 1-23,text,true,,395,224,3,3,http://localhost:8000/getdata?year=2000&month=03&day=31&starttime=17&endtime=19&radar=KABR&id=c001689c-0522-4115-a073-b8bcb30f4063,7,0,1
1646407885741,1352,getdata_request-1,200,OK,gateway_req 1-23,text,true,,297,225,3,3,http://localhost:8000/getdata/?year=2000&month=03&day=31&starttime=17&endtime=19&radar=KABR&id=c001689c-0522-4115-a073-b8bcb30f4063,1352,0,0
1646407887094,4,getimage_request,500,Internal Server Error,gateway_req 1-23,text,false,,746,349,3,3,http://localhost:8000/getimage/?filename=c001689c-0522-4115-a073-b8bcb30f4063.png,2,0,0
1646407887094,2,getimage_request-0,301,Moved Permanently,gateway_req 1-23,text,true,,345,174,3,3,http://localhost:8000/getimage?filename=c001689c-0522-4115-a073-b8bcb30f4063.png,2,0,0
1646407887096,2,getimage_request-1,500,Internal Server Error,gateway_req 1-23,text,false,,401,175,3,3,http://localhost:8000/getimage/?filename=c001689c-0522-4115-a073-b8bcb30f4063.png,2,0,0
1646407886396,1656,getdata_request,200,OK,gateway_req 1-24,text,true,,692,449,3,3,http://localhost:8000/getdata/?year=2000&month=03&day=31&starttime=17&endtime=19&radar=KABR&id=c31d4bb0-264e-48a5-b068-19878d6ba6b5,4,0,2
1646407886396,4,getdata_request-0,301,Moved Permanently,gateway_req 1-24,text,true,,395,224,3,3,http://localhost:8000/getdata?year=2000&month=03&day=31&starttime=17&endtime=19&radar=KABR&id=c31d4bb0-264e-48a5-b068-19878d6ba6b5,4,0,2
1646407886401,1651,getdata_request-1,200,OK,gateway_req 1-24,text,true,,297,225,3,3,http://localhost:8000/getdata/?year=2000&month=03&day=31&starttime=17&endtime=19&radar=KABR&id=c31d4bb0-264e-48a5-b068-19878d6ba6b5,1651,0,0
1646407888053,4,getimage_request,500,Internal Server Error,gateway_req 1-24,text,false,,746,349,3,3,http://localhost:8000/getimage/?filename=c31d4bb0-264e-48a5-b068-19878d6ba6b5.png,2,0,0
1646407888053,2,getimage_request-0,301,Moved Permanently,gateway_req 1-24,text,true,,345,174,3,3,http://localhost:8000/getimage?filename=c31d4bb0-264e-48a5-b068-19878d6ba6b5.png,2,0,0
1646407888055,2,getimage_request-1,500,Internal Server Error,gateway_req 1-24,text,false,,401,175,3,3,http://localhost:8000/getimage/?filename=c31d4bb0-264e-48a5-b068-19878d6ba6b5.png,2,0,0
1646407887737,749,getdata_request,500,Internal Server Error,gateway_req 1-26,text,false,,753,449,3,3,http://localhost:8000/getdata/?year=2000&month=03&day=31&starttime=17&endtime=19&radar=KABR&id=b7db21f8-9734-4e44-b6d3-5f617c26cefd,8,0,1
1646407887737,8,getdata_request-0,301,Moved Permanently,gateway_req 1-26,text,true,,395,224,3,3,http://localhost:8000/getdata?year=2000&month=03&day=31&starttime=17&endtime=19&radar=KABR&id=b7db21f8-9734-4e44-b6d3-5f617c26cefd,8,0,1
1646407887745,741,getdata_request-1,500,Internal Server Error,gateway_req 1-26,text,false,,358,225,3,3,http://localhost:8000/getdata/?year=2000&month=03&day=31&starttime=17&endtime=19&radar=KABR&id=b7db21f8-9734-4e44-b6d3-5f617c26cefd,741,0,0
1646407888487,48,getimage_request,500,Internal Server Error,gateway_req 1-26,text,false,,746,349,3,3,http://localhost:8000/getimage/?filename=b7db21f8-9734-4e44-b6d3-5f617c26cefd.png,4,0,0
1646407888487,4,getimage_request-0,301,Moved Permanently,gateway_req 1-26,text,true,,345,174,3,3,http://localhost:8000/getimage?filename=b7db21f8-9734-4e44-b6d3-5f617c26cefd.png,4,0,0
1646407888491,44,getimage_request-1,500,Internal Server Error,gateway_req 1-26,text,false,,401,175,3,3,http://localhost:8000/getimage/?filename=b7db21f8-9734-4e44-b6d3-5f617c26cefd.png,44,0,0
1646407887066,1819,getdata_request,200,OK,gateway_req 1-25,text,true,,692,449,2,2,http://localhost:8000/getdata/?year=2000&month=03&day=31&starttime=17&endtime=19&radar=KABR&id=09863618-8ee0-444c-a932-e77c66e4df13,4,0,1
1646407887066,4,getdata_request-0,301,Moved Permanently,gateway_req 1-25,text,true,,395,224,2,2,http://localhost:8000/getdata?year=2000&month=03&day=31&starttime=17&endtime=19&radar=KABR&id=09863618-8ee0-444c-a932-e77c66e4df13,4,0,1
1646407887070,1815,getdata_request-1,200,OK,gateway_req 1-25,text,true,,297,225,2,2,http://localhost:8000/getdata/?year=2000&month=03&day=31&starttime=17&endtime=19&radar=KABR&id=09863618-8ee0-444c-a932-e77c66e4df13,1815,0,0
1646407888885,4,getimage_request,500,Internal Server Error,gateway_req 1-25,text,false,,746,349,2,2,http://localhost:8000/getimage/?filename=09863618-8ee0-444c-a932-e77c66e4df13.png,2,0,0
1646407888885,2,getimage_request-0,301,Moved Permanently,gateway_req 1-25,text,true,,345,174,2,2,http://localhost:8000/getimage?filename=09863618-8ee0-444c-a932-e77c66e4df13.png,2,0,0
1646407888887,2,getimage_request-1,500,Internal Server Error,gateway_req 1-25,text,false,,401,175,2,2,http://localhost:8000/getimage/?filename=09863618-8ee0-444c-a932-e77c66e4df13.png,2,0,0
1646407888396,1243,getdata_request,200,OK,gateway_req 1-27,text,true,,692,449,2,2,http://localhost:8000/getdata/?year=2000&month=03&day=31&starttime=17&endtime=19&radar=KABR&id=05064dba-cc69-4ae6-b45d-49ffe15ec895,9,0,1
1646407888396,9,getdata_request-0,301,Moved Permanently,gateway_req 1-27,text,true,,395,224,2,2,http://localhost:8000/getdata?year=2000&month=03&day=31&starttime=17&endtime=19&radar=KABR&id=05064dba-cc69-4ae6-b45d-49ffe15ec895,9,0,1
1646407888405,1234,getdata_request-1,200,OK,gateway_req 1-27,text,true,,297,225,2,2,http://localhost:8000/getdata/?year=2000&month=03&day=31&starttime=17&endtime=19&radar=KABR&id=05064dba-cc69-4ae6-b45d-49ffe15ec895,1234,0,0
1646407889640,47,getimage_request,500,Internal Server Error,gateway_req 1-27,text,false,,746,349,2,2,http://localhost:8000/getimage/?filename=05064dba-cc69-4ae6-b45d-49ffe15ec895.png,2,0,0
1646407889640,2,getimage_request-0,301,Moved Permanently,gateway_req 1-27,text,true,,345,174,2,2,http://localhost:8000/getimage?filename=05064dba-cc69-4ae6-b45d-49ffe15ec895.png,2,0,0
1646407889642,45,getimage_request-1,500,Internal Server Error,gateway_req 1-27,text,false,,401,175,2,2,http://localhost:8000/getimage/?filename=05064dba-cc69-4ae6-b45d-49ffe15ec895.png,45,0,0
1646407889069,1837,getdata_request,200,OK,gateway_req 1-28,text,true,,692,449,3,3,http://localhost:8000/getdata/?year=2000&month=03&day=31&starttime=17&endtime=19&radar=KABR&id=c12afc04-60bb-403b-9f99-42d2c0f54565,3,0,1
1646407889069,3,getdata_request-0,301,Moved Permanently,gateway_req 1-28,text,true,,395,224,3,3,http://localhost:8000/getdata?year=2000&month=03&day=31&starttime=17&endtime=19&radar=KABR&id=c12afc04-60bb-403b-9f99-42d2c0f54565,3,0,1
1646407889072,1834,getdata_request-1,200,OK,gateway_req 1-28,text,true,,297,225,3,3,http://localhost:8000/getdata/?year=2000&month=03&day=31&starttime=17&endtime=19&radar=KABR&id=c12afc04-60bb-403b-9f99-42d2c0f54565,1834,0,0
1646407890911,47,getimage_request,500,Internal Server Error,gateway_req 1-28,text,false,,746,349,3,3,http://localhost:8000/getimage/?filename=c12afc04-60bb-403b-9f99-42d2c0f54565.png,2,0,0
1646407890911,2,getimage_request-0,301,Moved Permanently,gateway_req 1-28,text,true,,345,174,3,3,http://localhost:8000/getimage?filename=c12afc04-60bb-403b-9f99-42d2c0f54565.png,2,0,0
1646407890914,44,getimage_request-1,500,Internal Server Error,gateway_req 1-28,text,false,,401,175,3,3,http://localhost:8000/getimage/?filename=c12afc04-60bb-403b-9f99-42d2c0f54565.png,44,0,0
1646407889736,1356,getdata_request,200,OK,gateway_req 1-29,text,true,,692,449,3,3,http://localhost:8000/getdata/?year=2000&month=03&day=31&starttime=17&endtime=19&radar=KABR&id=95922ddf-8528-414b-9e68-7f06920250c3,4,0,1
1646407889736,4,getdata_request-0,301,Moved Permanently,gateway_req 1-29,text,true,,395,224,3,3,http://localhost:8000/getdata?year=2000&month=03&day=31&starttime=17&endtime=19&radar=KABR&id=95922ddf-8528-414b-9e68-7f06920250c3,4,0,1
1646407889740,1352,getdata_request-1,200,OK,gateway_req 1-29,text,true,,297,225,3,3,http://localhost:8000/getdata/?year=2000&month=03&day=31&starttime=17&endtime=19&radar=KABR&id=95922ddf-8528-414b-9e68-7f06920250c3,1352,0,0
1646407891092,4,getimage_request,500,Internal Server Error,gateway_req 1-29,text,false,,746,349,3,3,http://localhost:8000/getimage/?filename=95922ddf-8528-414b-9e68-7f06920250c3.png,2,0,0
1646407891092,2,getimage_request-0,301,Moved Permanently,gateway_req 1-29,text,true,,345,174,3,3,http://localhost:8000/getimage?filename=95922ddf-8528-414b-9e68-7f06920250c3.png,2,0,0
1646407891095,1,getimage_request-1,500,Internal Server Error,gateway_req 1-29,text,false,,401,175,3,3,http://localhost:8000/getimage/?filename=95922ddf-8528-414b-9e68-7f06920250c3.png,1,0,0
1646407892399,463,getdata_request,500,Internal Server Error,gateway_req 1-33,text,false,,753,449,4,4,http://localhost:8000/getdata/?year=2000&month=03&day=31&starttime=17&endtime=19&radar=KABR&id=007150f5-8f75-4bca-9eee-eca3da905ab3,4,0,1
1646407892399,4,getdata_request-0,301,Moved Permanently,gateway_req 1-33,text,true,,395,224,4,4,http://localhost:8000/getdata?year=2000&month=03&day=31&starttime=17&endtime=19&radar=KABR&id=007150f5-8f75-4bca-9eee-eca3da905ab3,4,0,1
1646407892403,459,getdata_request-1,500,Internal Server Error,gateway_req 1-33,text,false,,358,225,4,4,http://localhost:8000/getdata/?year=2000&month=03&day=31&starttime=17&endtime=19&radar=KABR&id=007150f5-8f75-4bca-9eee-eca3da905ab3,459,0,0
1646407891766,1134,getdata_request,200,OK,gateway_req 1-32,text,true,,692,449,4,4,http://localhost:8000/getdata/?year=2000&month=03&day=31&starttime=17&endtime=19&radar=KABR&id=4f73d7fb-9463-4b3d-b850-e110a755415a,4,0,1
1646407891766,4,getdata_request-0,301,Moved Permanently,gateway_req 1-32,text,true,,395,224,4,4,http://localhost:8000/getdata?year=2000&month=03&day=31&starttime=17&endtime=19&radar=KABR&id=4f73d7fb-9463-4b3d-b850-e110a755415a,4,0,1
1646407891771,1129,getdata_request-1,200,OK,gateway_req 1-32,text,true,,297,225,4,4,http://localhost:8000/getdata/?year=2000&month=03&day=31&starttime=17&endtime=19&radar=KABR&id=4f73d7fb-9463-4b3d-b850-e110a755415a,1129,0,0
1646407892863,51,getimage_request,500,Internal Server Error,gateway_req 1-33,text,false,,746,349,4,4,http://localhost:8000/getimage/?filename=007150f5-8f75-4bca-9eee-eca3da905ab3.png,3,0,0
1646407892863,3,getimage_request-0,301,Moved Permanently,gateway_req 1-33,text,true,,345,174,4,4,http://localhost:8000/getimage?filename=007150f5-8f75-4bca-9eee-eca3da905ab3.png,3,0,0
1646407892866,48,getimage_request-1,500,Internal Server Error,gateway_req 1-33,text,false,,401,175,4,4,http://localhost:8000/getimage/?filename=007150f5-8f75-4bca-9eee-eca3da905ab3.png,48,0,0
1646407892900,54,getimage_request,500,Internal Server Error,gateway_req 1-32,text,false,,746,349,3,3,http://localhost:8000/getimage/?filename=4f73d7fb-9463-4b3d-b850-e110a755415a.png,4,0,0
1646407892900,4,getimage_request-0,301,Moved Permanently,gateway_req 1-32,text,true,,345,174,3,3,http://localhost:8000/getimage?filename=4f73d7fb-9463-4b3d-b850-e110a755415a.png,4,0,0
1646407892904,50,getimage_request-1,500,Internal Server Error,gateway_req 1-32,text,false,,401,175,3,3,http://localhost:8000/getimage/?filename=4f73d7fb-9463-4b3d-b850-e110a755415a.png,50,0,0
1646407891064,2166,getdata_request,200,OK,gateway_req 1-31,text,true,,692,449,3,3,http://localhost:8000/getdata/?year=2000&month=03&day=31&starttime=17&endtime=19&radar=KABR&id=ce5e9d7a-d8be-4d3a-b71c-c228a0cfc017,9,0,1
1646407891064,9,getdata_request-0,301,Moved Permanently,gateway_req 1-31,text,true,,395,224,3,3,http://localhost:8000/getdata?year=2000&month=03&day=31&starttime=17&endtime=19&radar=KABR&id=ce5e9d7a-d8be-4d3a-b71c-c228a0cfc017,9,0,1
1646407891074,2156,getdata_request-1,200,OK,gateway_req 1-31,text,true,,297,225,3,3,http://localhost:8000/getdata/?year=2000&month=03&day=31&starttime=17&endtime=19&radar=KABR&id=ce5e9d7a-d8be-4d3a-b71c-c228a0cfc017,2156,0,0
1646407893231,50,getimage_request,500,Internal Server Error,gateway_req 1-31,text,false,,746,349,3,3,http://localhost:8000/getimage/?filename=ce5e9d7a-d8be-4d3a-b71c-c228a0cfc017.png,6,0,0
1646407893231,6,getimage_request-0,301,Moved Permanently,gateway_req 1-31,text,true,,345,174,3,3,http://localhost:8000/getimage?filename=ce5e9d7a-d8be-4d3a-b71c-c228a0cfc017.png,6,0,0
1646407893237,44,getimage_request-1,500,Internal Server Error,gateway_req 1-31,text,false,,401,175,3,3,http://localhost:8000/getimage/?filename=ce5e9d7a-d8be-4d3a-b71c-c228a0cfc017.png,44,0,0
1646407890402,3460,getdata_request,200,OK,gateway_req 1-30,text,true,,721,449,3,3,http://localhost:8000/getdata/?year=2000&month=03&day=31&starttime=17&endtime=19&radar=KABR&id=49527c4f-5602-402a-8fd3-35e299f392ba,5,0,1
1646407890402,5,getdata_request-0,301,Moved Permanently,gateway_req 1-30,text,true,,395,224,3,3,http://localhost:8000/getdata?year=2000&month=03&day=31&starttime=17&endtime=19&radar=KABR&id=49527c4f-5602-402a-8fd3-35e299f392ba,5,0,1
1646407890407,3455,getdata_request-1,200,OK,gateway_req 1-30,text,true,,326,225,3,3,http://localhost:8000/getdata/?year=2000&month=03&day=31&starttime=17&endtime=19&radar=KABR&id=49527c4f-5602-402a-8fd3-35e299f392ba,3455,0,0
1646407893862,16,getimage_request,200,OK,gateway_req 1-30,bin,true,,302080,349,3,3,http://localhost:8000/getimage/?filename=49527c4f-5602-402a-8fd3-35e299f392ba.png,1,0,0
1646407893862,2,getimage_request-0,301,Moved Permanently,gateway_req 1-30,text,true,,345,174,3,3,http://localhost:8000/getimage?filename=49527c4f-5602-402a-8fd3-35e299f392ba.png,1,0,0
1646407893864,14,getimage_request-1,200,OK,gateway_req 1-30,bin,true,,301735,175,3,3,http://localhost:8000/getimage/?filename=49527c4f-5602-402a-8fd3-35e299f392ba.png,2,0,0
1646407893069,2047,getdata_request,200,OK,gateway_req 1-34,text,true,,692,449,4,4,http://localhost:8000/getdata/?year=2000&month=03&day=31&starttime=17&endtime=19&radar=KABR&id=89ab7ac6-ceae-4cf3-80ea-a090ea3d081e,7,0,1
1646407893069,7,getdata_request-0,301,Moved Permanently,gateway_req 1-34,text,true,,395,224,4,4,http://localhost:8000/getdata?year=2000&month=03&day=31&starttime=17&endtime=19&radar=KABR&id=89ab7ac6-ceae-4cf3-80ea-a090ea3d081e,7,0,1
1646407893077,2039,getdata_request-1,200,OK,gateway_req 1-34,text,true,,297,225,4,4,http://localhost:8000/getdata/?year=2000&month=03&day=31&starttime=17&endtime=19&radar=KABR&id=89ab7ac6-ceae-4cf3-80ea-a090ea3d081e,2039,0,0
1646407895116,4,getimage_request,500,Internal Server Error,gateway_req 1-34,text,false,,746,349,4,4,http://localhost:8000/getimage/?filename=89ab7ac6-ceae-4cf3-80ea-a090ea3d081e.png,2,0,0
1646407895116,2,getimage_request-0,301,Moved Permanently,gateway_req 1-34,text,true,,345,174,4,4,http://localhost:8000/getimage?filename=89ab7ac6-ceae-4cf3-80ea-a090ea3d081e.png,2,0,0
1646407895118,2,getimage_request-1,500,Internal Server Error,gateway_req 1-34,text,false,,401,175,4,4,http://localhost:8000/getimage/?filename=89ab7ac6-ceae-4cf3-80ea-a090ea3d081e.png,2,0,0
1646407893732,5855,getdata_request,200,OK,gateway_req 1-35,text,true,,692,449,9,9,http://localhost:8000/getdata/?year=2000&month=03&day=31&starttime=17&endtime=19&radar=KABR&id=cca6bcc6-a7f4-46f2-81da-75d9dcd761f9,4,0,1
1646407893732,4,getdata_request-0,301,Moved Permanently,gateway_req 1-35,text,true,,395,224,9,9,http://localhost:8000/getdata?year=2000&month=03&day=31&starttime=17&endtime=19&radar=KABR&id=cca6bcc6-a7f4-46f2-81da-75d9dcd761f9,4,0,1
1646407893736,5851,getdata_request-1,200,OK,gateway_req 1-35,text,true,,297,225,9,9,http://localhost:8000/getdata/?year=2000&month=03&day=31&starttime=17&endtime=19&radar=KABR&id=cca6bcc6-a7f4-46f2-81da-75d9dcd761f9,5851,0,0
1646407899589,45,getimage_request,500,Internal Server Error,gateway_req 1-35,text,false,,746,349,9,9,http://localhost:8000/getimage/?filename=cca6bcc6-a7f4-46f2-81da-75d9dcd761f9.png,2,0,0
1646407899589,2,getimage_request-0,301,Moved Permanently,gateway_req 1-35,text,true,,345,174,9,9,http://localhost:8000/getimage?filename=cca6bcc6-a7f4-46f2-81da-75d9dcd761f9.png,2,0,0
1646407899591,43,getimage_request-1,500,Internal Server Error,gateway_req 1-35,text,false,,401,175,9,9,http://localhost:8000/getimage/?filename=cca6bcc6-a7f4-46f2-81da-75d9dcd761f9.png,43,0,0
1646407895738,4643,getdata_request,200,OK,gateway_req 1-38,text,true,,692,449,9,9,http://localhost:8000/getdata/?year=2000&month=03&day=31&starttime=17&endtime=19&radar=KABR&id=53793d44-b3a7-47ad-aa52-dd82f392e73e,4,0,1
1646407895738,4,getdata_request-0,301,Moved Permanently,gateway_req 1-38,text,true,,395,224,9,9,http://localhost:8000/getdata?year=2000&month=03&day=31&starttime=17&endtime=19&radar=KABR&id=53793d44-b3a7-47ad-aa52-dd82f392e73e,4,0,1
1646407895742,4639,getdata_request-1,200,OK,gateway_req 1-38,text,true,,297,225,9,9,http://localhost:8000/getdata/?year=2000&month=03&day=31&starttime=17&endtime=19&radar=KABR&id=53793d44-b3a7-47ad-aa52-dd82f392e73e,4639,0,0
1646407900383,57,getimage_request,500,Internal Server Error,gateway_req 1-38,text,false,,746,349,10,10,http://localhost:8000/getimage/?filename=53793d44-b3a7-47ad-aa52-dd82f392e73e.png,5,0,0
1646407900383,5,getimage_request-0,301,Moved Permanently,gateway_req 1-38,text,true,,345,174,10,10,http://localhost:8000/getimage?filename=53793d44-b3a7-47ad-aa52-dd82f392e73e.png,5,0,0
1646407900388,52,getimage_request-1,500,Internal Server Error,gateway_req 1-38,text,false,,401,175,10,10,http://localhost:8000/getimage/?filename=53793d44-b3a7-47ad-aa52-dd82f392e73e.png,51,0,0
1646407894407,10745,getdata_request,Non HTTP response code: org.apache.http.NoHttpResponseException,Non HTTP response message: localhost:8000 failed to respond,gateway_req 1-36,text,false,,2953,224,16,16,http://localhost:8000/getdata/?year=2000&month=03&day=31&starttime=17&endtime=19&radar=KABR&id=1b5e535a-02c1-4f7a-8b39-d366e9c2b79c,4,0,1
1646407897074,8079,getdata_request,Non HTTP response code: org.apache.http.NoHttpResponseException,Non HTTP response message: localhost:8000 failed to respond,gateway_req 1-40,text,false,,2953,224,16,16,http://localhost:8000/getdata/?year=2000&month=03&day=31&starttime=17&endtime=19&radar=KABR&id=663e7702-6b91-4b24-826d-1fedb17e9282,23,0,1
1646407894407,4,getdata_request-0,301,Moved Permanently,gateway_req 1-36,text,true,,395,224,16,16,http://localhost:8000/getdata?year=2000&month=03&day=31&starttime=17&endtime=19&radar=KABR&id=1b5e535a-02c1-4f7a-8b39-d366e9c2b79c,4,0,1
1646407897074,23,getdata_request-0,301,Moved Permanently,gateway_req 1-40,text,true,,395,224,16,16,http://localhost:8000/getdata?year=2000&month=03&day=31&starttime=17&endtime=19&radar=KABR&id=663e7702-6b91-4b24-826d-1fedb17e9282,23,0,1
1646407894412,10740,getdata_request-1,Non HTTP response code: org.apache.http.NoHttpResponseException,Non HTTP response message: localhost:8000 failed to respond,gateway_req 1-36,text,false,,2558,0,16,16,http://localhost:8000/getdata/?year=2000&month=03&day=31&starttime=17&endtime=19&radar=KABR&id=1b5e535a-02c1-4f7a-8b39-d366e9c2b79c,0,0,0
1646407897097,8056,getdata_request-1,Non HTTP response code: org.apache.http.NoHttpResponseException,Non HTTP response message: localhost:8000 failed to respond,gateway_req 1-40,text,false,,2558,0,16,16,http://localhost:8000/getdata/?year=2000&month=03&day=31&starttime=17&endtime=19&radar=KABR&id=663e7702-6b91-4b24-826d-1fedb17e9282,0,0,0
1646407896402,8751,getdata_request,Non HTTP response code: org.apache.http.NoHttpResponseException,Non HTTP response message: localhost:8000 failed to respond,gateway_req 1-39,text,false,,2953,224,16,16,http://localhost:8000/getdata/?year=2000&month=03&day=31&starttime=17&endtime=19&radar=KABR&id=fe0815f5-e9bc-4d45-9159-c6eaa5780e11,5,0,1
1646407896402,5,getdata_request-0,301,Moved Permanently,gateway_req 1-39,text,true,,395,224,16,16,http://localhost:8000/getdata?year=2000&month=03&day=31&starttime=17&endtime=19&radar=KABR&id=fe0815f5-e9bc-4d45-9159-c6eaa5780e11,5,0,1
1646407896407,8746,getdata_request-1,Non HTTP response code: org.apache.http.NoHttpResponseException,Non HTTP response message: localhost:8000 failed to respond,gateway_req 1-39,text,false,,2558,0,16,16,http://localhost:8000/getdata/?year=2000&month=03&day=31&starttime=17&endtime=19&radar=KABR&id=fe0815f5-e9bc-4d45-9159-c6eaa5780e11,0,0,0
1646407900407,4746,getdata_request,Non HTTP response code: org.apache.http.NoHttpResponseException,Non HTTP response message: localhost:8000 failed to respond,gateway_req 1-45,text,false,,2953,224,16,16,http://localhost:8000/getdata/?year=2000&month=03&day=31&starttime=17&endtime=19&radar=KABR&id=006c8c4a-e54d-4f0f-81b2-c20db5649167,21,0,0
1646407899737,5419,getdata_request,Non HTTP response code: org.apache.http.NoHttpResponseException,Non HTTP response message: localhost:8000 failed to respond,gateway_req 1-44,text,false,,2953,224,16,16,http://localhost:8000/getdata/?year=2000&month=03&day=31&starttime=17&endtime=19&radar=KABR&id=dfbb9cd0-8691-489b-af5c-a816f7cc440f,6,0,1
1646407900407,21,getdata_request-0,301,Moved Permanently,gateway_req 1-45,text,true,,395,224,16,16,http://localhost:8000/getdata?year=2000&month=03&day=31&starttime=17&endtime=19&radar=KABR&id=006c8c4a-e54d-4f0f-81b2-c20db5649167,21,0,0
1646407899737,6,getdata_request-0,301,Moved Permanently,gateway_req 1-44,text,true,,395,224,16,16,http://localhost:8000/getdata?year=2000&month=03&day=31&starttime=17&endtime=19&radar=KABR&id=dfbb9cd0-8691-489b-af5c-a816f7cc440f,6,0,1
1646407899743,5413,getdata_request-1,Non HTTP response code: org.apache.http.NoHttpResponseException,Non HTTP response message: localhost:8000 failed to respond,gateway_req 1-44,text,false,,2558,0,16,16,http://localhost:8000/getdata/?year=2000&month=03&day=31&starttime=17&endtime=19&radar=KABR&id=dfbb9cd0-8691-489b-af5c-a816f7cc440f,0,0,0
1646407901076,4080,getdata_request,Non HTTP response code: org.apache.http.NoHttpResponseException,Non HTTP response message: localhost:8000 failed to respond,gateway_req 1-46,text,false,,2067,0,16,16,http://localhost:8000/getdata?year=2000&month=03&day=31&starttime=17&endtime=19&radar=KABR&id=c9010d2c-247a-4c1a-902a-9ab0fcff8afb,0,0,2
1646407900428,4725,getdata_request-1,Non HTTP response code: org.apache.http.NoHttpResponseException,Non HTTP response message: localhost:8000 failed to respond,gateway_req 1-45,text,false,,2558,0,16,16,http://localhost:8000/getdata/?year=2000&month=03&day=31&starttime=17&endtime=19&radar=KABR&id=006c8c4a-e54d-4f0f-81b2-c20db5649167,0,0,0
1646407904427,729,getdata_request,Non HTTP response code: org.apache.http.NoHttpResponseException,Non HTTP response message: localhost:8000 failed to respond,gateway_req 1-51,text,false,,2067,0,16,16,http://localhost:8000/getdata?year=2000&month=03&day=31&starttime=17&endtime=19&radar=KABR&id=1af50198-007c-4c3b-9ea1-91980ba17949,0,0,1
1646407897740,7416,getdata_request,Non HTTP response code: org.apache.http.NoHttpResponseException,Non HTTP response message: localhost:8000 failed to respond,gateway_req 1-41,text,false,,2953,224,16,16,http://localhost:8000/getdata/?year=2000&month=03&day=31&starttime=17&endtime=19&radar=KABR&id=57147997-ec50-45fb-a3a0-306a69aac65c,1267,0,1
1646407895069,10086,getdata_request,Non HTTP response code: org.apache.http.NoHttpResponseException,Non HTTP response message: localhost:8000 failed to respond,gateway_req 1-37,text,false,,2953,224,16,16,http://localhost:8000/getdata/?year=2000&month=03&day=31&starttime=17&endtime=19&radar=KABR&id=ad79e890-fbc9-4635-97ed-1a5499e85ef5,6,0,1
1646407895069,6,getdata_request-0,301,Moved Permanently,gateway_req 1-37,text,true,,395,224,16,16,http://localhost:8000/getdata?year=2000&month=03&day=31&starttime=17&endtime=19&radar=KABR&id=ad79e890-fbc9-4635-97ed-1a5499e85ef5,6,0,1
1646407897740,1267,getdata_request-0,301,Moved Permanently,gateway_req 1-41,text,true,,395,224,16,16,http://localhost:8000/getdata?year=2000&month=03&day=31&starttime=17&endtime=19&radar=KABR&id=57147997-ec50-45fb-a3a0-306a69aac65c,1267,0,1
1646407895075,10080,getdata_request-1,Non HTTP response code: org.apache.http.NoHttpResponseException,Non HTTP response message: localhost:8000 failed to respond,gateway_req 1-37,text,false,,2558,0,16,16,http://localhost:8000/getdata/?year=2000&month=03&day=31&starttime=17&endtime=19&radar=KABR&id=ad79e890-fbc9-4635-97ed-1a5499e85ef5,0,0,0
1646407899007,6149,getdata_request-1,Non HTTP response code: org.apache.http.NoHttpResponseException,Non HTTP response message: localhost:8000 failed to respond,gateway_req 1-41,text,false,,2558,0,16,16,http://localhost:8000/getdata/?year=2000&month=03&day=31&starttime=17&endtime=19&radar=KABR&id=57147997-ec50-45fb-a3a0-306a69aac65c,0,0,0
1646407899068,6088,getdata_request,Non HTTP response code: org.apache.http.NoHttpResponseException,Non HTTP response message: localhost:8000 failed to respond,gateway_req 1-43,text,false,,2953,224,16,16,http://localhost:8000/getdata/?year=2000&month=03&day=31&starttime=17&endtime=19&radar=KABR&id=d64872e5-fbc8-46b1-a39c-7d29931c3e31,416,0,1
1646407899068,416,getdata_request-0,301,Moved Permanently,gateway_req 1-43,text,true,,395,224,16,16,http://localhost:8000/getdata?year=2000&month=03&day=31&starttime=17&endtime=19&radar=KABR&id=d64872e5-fbc8-46b1-a39c-7d29931c3e31,416,0,1
1646407899484,5672,getdata_request-1,Non HTTP response code: org.apache.http.NoHttpResponseException,Non HTTP response message: localhost:8000 failed to respond,gateway_req 1-43,text,false,,2558,0,16,16,http://localhost:8000/getdata/?year=2000&month=03&day=31&starttime=17&endtime=19&radar=KABR&id=d64872e5-fbc8-46b1-a39c-7d29931c3e31,0,0,0
1646407898407,6750,getdata_request,Non HTTP response code: org.apache.http.NoHttpResponseException,Non HTTP response message: localhost:8000 failed to respond,gateway_req 1-42,text,false,,2953,224,16,16,http://localhost:8000/getdata/?year=2000&month=03&day=31&starttime=17&endtime=19&radar=KABR&id=aa096635-d52e-49c7-8919-d22297491f7f,883,0,1
1646407898407,883,getdata_request-0,301,Moved Permanently,gateway_req 1-42,text,true,,395,224,16,16,http://localhost:8000/getdata?year=2000&month=03&day=31&starttime=17&endtime=19&radar=KABR&id=aa096635-d52e-49c7-8919-d22297491f7f,883,0,1
1646407899290,5867,getdata_request-1,Non HTTP response code: org.apache.http.NoHttpResponseException,Non HTTP response message: localhost:8000 failed to respond,gateway_req 1-42,text,false,,2558,0,16,16,http://localhost:8000/getdata/?year=2000&month=03&day=31&starttime=17&endtime=19&radar=KABR&id=aa096635-d52e-49c7-8919-d22297491f7f,0,0,0
1646407901741,3415,getdata_request,Non HTTP response code: org.apache.http.NoHttpResponseException,Non HTTP response message: localhost:8000 failed to respond,gateway_req 1-47,text,false,,2067,0,16,16,http://localhost:8000/getdata?year=2000&month=03&day=31&starttime=17&endtime=19&radar=KABR&id=5a7134e7-65bd-472c-a7ee-6d2d7ff66ac6,0,0,1
1646407902408,2748,getdata_request,Non HTTP response code: org.apache.http.NoHttpResponseException,Non HTTP response message: localhost:8000 failed to respond,gateway_req 1-48,text,false,,2067,0,16,16,http://localhost:8000/getdata?year=2000&month=03&day=31&starttime=17&endtime=19&radar=KABR&id=f1644334-2d6e-4bbc-a20f-41323563215b,0,0,1
1646407905088,67,getdata_request,Non HTTP response code: org.apache.http.NoHttpResponseException,Non HTTP response message: localhost:8000 failed to respond,gateway_req 1-52,text,false,,2067,0,16,16,http://localhost:8000/getdata?year=2000&month=03&day=31&starttime=17&endtime=19&radar=KABR&id=ddcf0c9d-eaaa-4677-a01c-be165ffebf1b,0,0,4
1646407903739,1417,getdata_request,Non HTTP response code: org.apache.http.NoHttpResponseException,Non HTTP response message: localhost:8000 failed to respond,gateway_req 1-50,text,false,,2067,0,16,16,http://localhost:8000/getdata?year=2000&month=03&day=31&starttime=17&endtime=19&radar=KABR&id=0b98f0ad-b80f-4fb4-9232-0af9962a1165,0,0,1
1646407903074,2082,getdata_request,Non HTTP response code: org.apache.http.NoHttpResponseException,Non HTTP response message: localhost:8000 failed to respond,gateway_req 1-49,text,false,,2067,0,16,16,http://localhost:8000/getdata?year=2000&month=03&day=31&starttime=17&endtime=19&radar=KABR&id=6f5c464a-f82e-4656-af61-d4aea6fa63b3,0,0,1
1646407905154,6,getimage_request,Non HTTP response code: org.apache.http.NoHttpResponseException,Non HTTP response message: localhost:8000 failed to respond,gateway_req 1-39,text,false,,2067,0,16,16,http://localhost:8000/getimage?filename=fe0815f5-e9bc-4d45-9159-c6eaa5780e11.png,0,0,1
1646407905156,5,getimage_request,Non HTTP response code: org.apache.http.NoHttpResponseException,Non HTTP response message: localhost:8000 failed to respond,gateway_req 1-43,text,false,,2067,0,15,15,http://localhost:8000/getimage?filename=d64872e5-fbc8-46b1-a39c-7d29931c3e31.png,0,0,0
1646407905155,6,getimage_request,Non HTTP response code: org.apache.http.NoHttpResponseException,Non HTTP response message: localhost:8000 failed to respond,gateway_req 1-45,text,false,,2067,0,15,15,http://localhost:8000/getimage?filename=006c8c4a-e54d-4f0f-81b2-c20db5649167.png,0,0,1
1646407905154,7,getimage_request,Non HTTP response code: org.apache.http.NoHttpResponseException,Non HTTP response message: localhost:8000 failed to respond,gateway_req 1-36,text,false,,2067,0,15,15,http://localhost:8000/getimage?filename=1b5e535a-02c1-4f7a-8b39-d366e9c2b79c.png,0,0,2
1646407905157,5,getimage_request,Non HTTP response code: org.apache.http.NoHttpResponseException,Non HTTP response message: localhost:8000 failed to respond,gateway_req 1-49,text,false,,2067,0,15,15,http://localhost:8000/getimage?filename=6f5c464a-f82e-4656-af61-d4aea6fa63b3.png,0,0,0
1646407905154,8,getimage_request,Non HTTP response code: org.apache.http.NoHttpResponseException,Non HTTP response message: localhost:8000 failed to respond,gateway_req 1-40,text,false,,2067,0,13,13,http://localhost:8000/getimage?filename=663e7702-6b91-4b24-826d-1fedb17e9282.png,0,0,2
1646407905156,6,getimage_request,Non HTTP response code: org.apache.http.NoHttpResponseException,Non HTTP response message: localhost:8000 failed to respond,gateway_req 1-37,text,false,,2067,0,10,10,http://localhost:8000/getimage?filename=ad79e890-fbc9-4635-97ed-1a5499e85ef5.png,0,0,1
1646407905156,6,getimage_request,Non HTTP response code: org.apache.http.NoHttpResponseException,Non HTTP response message: localhost:8000 failed to respond,gateway_req 1-47,text,false,,2067,0,10,10,http://localhost:8000/getimage?filename=5a7134e7-65bd-472c-a7ee-6d2d7ff66ac6.png,0,0,0
1646407905156,6,getimage_request,Non HTTP response code: org.apache.http.NoHttpResponseException,Non HTTP response message: localhost:8000 failed to respond,gateway_req 1-42,text,false,,2067,0,8,8,http://localhost:8000/getimage?filename=aa096635-d52e-49c7-8919-d22297491f7f.png,0,0,1
1646407905156,7,getimage_request,Non HTTP response code: org.apache.http.NoHttpResponseException,Non HTTP response message: localhost:8000 failed to respond,gateway_req 1-48,text,false,,2067,0,7,7,http://localhost:8000/getimage?filename=f1644334-2d6e-4bbc-a20f-41323563215b.png,0,0,1
1646407905157,6,getimage_request,Non HTTP response code: org.apache.http.NoHttpResponseException,Non HTTP response message: localhost:8000 failed to respond,gateway_req 1-50,text,false,,2067,0,7,7,http://localhost:8000/getimage?filename=0b98f0ad-b80f-4fb4-9232-0af9962a1165.png,0,0,0
1646407905156,7,getimage_request,Non HTTP response code: org.apache.http.NoHttpResponseException,Non HTTP response message: localhost:8000 failed to respond,gateway_req 1-46,text,false,,2067,0,7,7,http://localhost:8000/getimage?filename=c9010d2c-247a-4c1a-902a-9ab0fcff8afb.png,0,0,1
1646407905156,7,getimage_request,Non HTTP response code: org.apache.http.NoHttpResponseException,Non HTTP response message: localhost:8000 failed to respond,gateway_req 1-51,text,false,,2067,0,7,7,http://localhost:8000/getimage?filename=1af50198-007c-4c3b-9ea1-91980ba17949.png,0,0,1
1646407905155,8,getimage_request,Non HTTP response code: org.apache.http.NoHttpResponseException,Non HTTP response message: localhost:8000 failed to respond,gateway_req 1-44,text,false,,2067,0,3,3,http://localhost:8000/getimage?filename=dfbb9cd0-8691-489b-af5c-a816f7cc440f.png,0,0,2
1646407905156,7,getimage_request,Non HTTP response code: org.apache.http.NoHttpResponseException,Non HTTP response message: localhost:8000 failed to respond,gateway_req 1-41,text,false,,2067,0,3,3,http://localhost:8000/getimage?filename=57147997-ec50-45fb-a3a0-306a69aac65c.png,0,0,1
1646407905156,9,getimage_request,Non HTTP response code: org.apache.http.NoHttpResponseException,Non HTTP response message: localhost:8000 failed to respond,gateway_req 1-52,text,false,,2067,0,1,1,http://localhost:8000/getimage?filename=ddcf0c9d-eaaa-4677-a01c-be165ffebf1b.png,0,0,1
1646407905738,2,getdata_request,Non HTTP response code: org.apache.http.conn.HttpHostConnectException,"Non HTTP response message: Connect to localhost:8000 [localhost/127.0.0.1, localhost/0:0:0:0:0:0:0:1] failed: Connection refused",gateway_req 1-53,text,false,,2581,0,1,1,http://localhost:8000/getdata?year=2000&month=03&day=31&starttime=17&endtime=19&radar=KABR&id=c9fff6ed-b748-4696-bb33-a6f9176b1e6e,0,0,2
1646407905740,1,getimage_request,Non HTTP response code: org.apache.http.conn.HttpHostConnectException,"Non HTTP response message: Connect to localhost:8000 [localhost/127.0.0.1, localhost/0:0:0:0:0:0:0:1] failed: Connection refused",gateway_req 1-53,text,false,,2581,0,1,1,http://localhost:8000/getimage?filename=c9fff6ed-b748-4696-bb33-a6f9176b1e6e.png,0,0,1
1646407906412,2,getdata_request,Non HTTP response code: org.apache.http.conn.HttpHostConnectException,"Non HTTP response message: Connect to localhost:8000 [localhost/127.0.0.1, localhost/0:0:0:0:0:0:0:1] failed: Connection refused",gateway_req 1-54,text,false,,2581,0,1,1,http://localhost:8000/getdata?year=2000&month=03&day=31&starttime=17&endtime=19&radar=KABR&id=f29d3576-232b-4c4f-92d4-a04780d3a898,0,0,2
1646407906414,1,getimage_request,Non HTTP response code: org.apache.http.conn.HttpHostConnectException,"Non HTTP response message: Connect to localhost:8000 [localhost/127.0.0.1, localhost/0:0:0:0:0:0:0:1] failed: Connection refused",gateway_req 1-54,text,false,,2581,0,1,1,http://localhost:8000/getimage?filename=f29d3576-232b-4c4f-92d4-a04780d3a898.png,0,0,1
1646407907078,2,getdata_request,Non HTTP response code: org.apache.http.conn.HttpHostConnectException,"Non HTTP response message: Connect to localhost:8000 [localhost/127.0.0.1, localhost/0:0:0:0:0:0:0:1] failed: Connection refused",gateway_req 1-55,text,false,,2581,0,1,1,http://localhost:8000/getdata?year=2000&month=03&day=31&starttime=17&endtime=19&radar=KABR&id=987b38c8-f130-4d39-8f0a-c2417f26abb4,0,0,2
1646407907080,2,getimage_request,Non HTTP response code: org.apache.http.conn.HttpHostConnectException,"Non HTTP response message: Connect to localhost:8000 [localhost/127.0.0.1, localhost/0:0:0:0:0:0:0:1] failed: Connection refused",gateway_req 1-55,text,false,,2581,0,1,1,http://localhost:8000/getimage?filename=987b38c8-f130-4d39-8f0a-c2417f26abb4.png,0,0,2
1646407907745,2,getdata_request,Non HTTP response code: org.apache.http.conn.HttpHostConnectException,"Non HTTP response message: Connect to localhost:8000 [localhost/127.0.0.1, localhost/0:0:0:0:0:0:0:1] failed: Connection refused",gateway_req 1-56,text,false,,2581,0,1,1,http://localhost:8000/getdata?year=2000&month=03&day=31&starttime=17&endtime=19&radar=KABR&id=605124bb-895a-4aa6-a100-aa6491331e5c,0,0,2
1646407907748,0,getimage_request,Non HTTP response code: org.apache.http.conn.HttpHostConnectException,"Non HTTP response message: Connect to localhost:8000 [localhost/127.0.0.1, localhost/0:0:0:0:0:0:0:1] failed: Connection refused",gateway_req 1-56,text,false,,2581,0,1,1,http://localhost:8000/getimage?filename=605124bb-895a-4aa6-a100-aa6491331e5c.png,0,0,0
1646407908412,2,getdata_request,Non HTTP response code: org.apache.http.conn.HttpHostConnectException,"Non HTTP response message: Connect to localhost:8000 [localhost/127.0.0.1, localhost/0:0:0:0:0:0:0:1] failed: Connection refused",gateway_req 1-57,text,false,,2581,0,1,1,http://localhost:8000/getdata?year=2000&month=03&day=31&starttime=17&endtime=19&radar=KABR&id=bcc1ca52-6ca7-41a6-8ec1-e759866d378e,0,0,2
1646407908414,1,getimage_request,Non HTTP response code: org.apache.http.conn.HttpHostConnectException,"Non HTTP response message: Connect to localhost:8000 [localhost/127.0.0.1, localhost/0:0:0:0:0:0:0:1] failed: Connection refused",gateway_req 1-57,text,false,,2581,0,1,1,http://localhost:8000/getimage?filename=bcc1ca52-6ca7-41a6-8ec1-e759866d378e.png,0,0,1
1646407909080,2,getdata_request,Non HTTP response code: org.apache.http.conn.HttpHostConnectException,"Non HTTP response message: Connect to localhost:8000 [localhost/127.0.0.1, localhost/0:0:0:0:0:0:0:1] failed: Connection refused",gateway_req 1-58,text,false,,2581,0,1,1,http://localhost:8000/getdata?year=2000&month=03&day=31&starttime=17&endtime=19&radar=KABR&id=601c9309-8dba-41ac-bb4d-6709d6392e50,0,0,2
1646407909082,1,getimage_request,Non HTTP response code: org.apache.http.conn.HttpHostConnectException,"Non HTTP response message: Connect to localhost:8000 [localhost/127.0.0.1, localhost/0:0:0:0:0:0:0:1] failed: Connection refused",gateway_req 1-58,text,false,,2581,0,1,1,http://localhost:8000/getimage?filename=601c9309-8dba-41ac-bb4d-6709d6392e50.png,0,0,1
1646407909745,2,getdata_request,Non HTTP response code: org.apache.http.conn.HttpHostConnectException,"Non HTTP response message: Connect to localhost:8000 [localhost/127.0.0.1, localhost/0:0:0:0:0:0:0:1] failed: Connection refused",gateway_req 1-59,text,false,,2581,0,1,1,http://localhost:8000/getdata?year=2000&month=03&day=31&starttime=17&endtime=19&radar=KABR&id=7bc3ecf9-6029-4762-9b09-5ba0f23725f4,0,0,2
1646407909747,1,getimage_request,Non HTTP response code: org.apache.http.conn.HttpHostConnectException,"Non HTTP response message: Connect to localhost:8000 [localhost/127.0.0.1, localhost/0:0:0:0:0:0:0:1] failed: Connection refused",gateway_req 1-59,text,false,,2581,0,1,1,http://localhost:8000/getimage?filename=7bc3ecf9-6029-4762-9b09-5ba0f23725f4.png,0,0,1
1646407910413,2,getdata_request,Non HTTP response code: org.apache.http.conn.HttpHostConnectException,"Non HTTP response message: Connect to localhost:8000 [localhost/127.0.0.1, localhost/0:0:0:0:0:0:0:1] failed: Connection refused",gateway_req 1-60,text,false,,2581,0,1,1,http://localhost:8000/getdata?year=2000&month=03&day=31&starttime=17&endtime=19&radar=KABR&id=0774864b-2254-47de-b15c-aa8304e9a46c,0,0,2
1646407910416,1,getimage_request,Non HTTP response code: org.apache.http.conn.HttpHostConnectException,"Non HTTP response message: Connect to localhost:8000 [localhost/127.0.0.1, localhost/0:0:0:0:0:0:0:1] failed: Connection refused",gateway_req 1-60,text,false,,2581,0,1,1,http://localhost:8000/getimage?filename=0774864b-2254-47de-b15c-aa8304e9a46c.png,0,0,1
